<?xml version="1.0" encoding="utf-8"?>
<coverage line-rate="0.915" branch-rate="0.8072" version="1.9" timestamp="1783113448" lines-covered="194" lines-valid="212" branches-covered="134" branches-valid="166">
  <sources>
    <source>/home/pedrotravi/B3MatchingPlatform/src/B3.Exchange.Instruments/</source>
  </sources>
  <packages>
    <package name="B3.Exchange.Instruments" line-rate="0.915" branch-rate="0.8072" complexity="216">
      <classes>
        <class name="B3.Exchange.Instruments.Instrument" filename="Instrument.cs" line-rate="1" branch-rate="1" complexity="22">
          <methods>
            <method name="get_Symbol" signature="()" line-rate="1" branch-rate="1" complexity="1">
              <lines>
                <line number="10" hits="28" branch="False" />
              </lines>
            </method>
            <method name="get_SecurityId" signature="()" line-rate="1" branch-rate="1" complexity="1">
              <lines>
                <line number="11" hits="27" branch="False" />
              </lines>
            </method>
            <method name="get_TickSize" signature="()" line-rate="1" branch-rate="1" complexity="1">
              <lines>
                <line number="14" hits="15" branch="False" />
              </lines>
            </method>
            <method name="get_LotSize" signature="()" line-rate="1" branch-rate="1" complexity="1">
              <lines>
                <line number="17" hits="15" branch="False" />
              </lines>
            </method>
            <method name="get_MinPrice" signature="()" line-rate="1" branch-rate="1" complexity="1">
              <lines>
                <line number="19" hits="15" branch="False" />
              </lines>
            </method>
            <method name="get_MaxPrice" signature="()" line-rate="1" branch-rate="1" complexity="1">
              <lines>
                <line number="20" hits="14" branch="False" />
              </lines>
            </method>
            <method name="get_LowerPriceBand" signature="()" line-rate="1" branch-rate="1" complexity="1">
              <lines>
                <line number="27" hits="15" branch="False" />
              </lines>
            </method>
            <method name="get_UpperPriceBand" signature="()" line-rate="1" branch-rate="1" complexity="1">
              <lines>
                <line number="34" hits="15" branch="False" />
              </lines>
            </method>
            <method name="get_AuctionCollarPercent" signature="()" line-rate="1" branch-rate="1" complexity="1">
              <lines>
                <line number="41" hits="15" branch="False" />
              </lines>
            </method>
            <method name="get_MaxOrderQty" signature="()" line-rate="1" branch-rate="1" complexity="1">
              <lines>
                <line number="47" hits="15" branch="False" />
              </lines>
            </method>
            <method name="get_MaxOrderValue" signature="()" line-rate="1" branch-rate="1" complexity="1">
              <lines>
                <line number="53" hits="15" branch="False" />
              </lines>
            </method>
            <method name="get_Currency" signature="()" line-rate="1" branch-rate="1" complexity="1">
              <lines>
                <line number="55" hits="14" branch="False" />
              </lines>
            </method>
            <method name="get_Isin" signature="()" line-rate="1" branch-rate="1" complexity="1">
              <lines>
                <line number="56" hits="14" branch="False" />
              </lines>
            </method>
            <method name="get_SecurityType" signature="()" line-rate="1" branch-rate="1" complexity="1">
              <lines>
                <line number="59" hits="14" branch="False" />
              </lines>
            </method>
            <method name="get_StrikePrice" signature="()" line-rate="1" branch-rate="1" complexity="1">
              <lines>
                <line number="61" hits="14" branch="False" />
              </lines>
            </method>
            <method name="get_ExpirationDate" signature="()" line-rate="1" branch-rate="1" complexity="1">
              <lines>
                <line number="62" hits="14" branch="False" />
              </lines>
            </method>
            <method name="get_PutOrCall" signature="()" line-rate="1" branch-rate="1" complexity="1">
              <lines>
                <line number="63" hits="14" branch="False" />
              </lines>
            </method>
            <method name="get_ExerciseStyle" signature="()" line-rate="1" branch-rate="1" complexity="1">
              <lines>
                <line number="64" hits="14" branch="False" />
              </lines>
            </method>
            <method name="get_UnderlyingSecurityId" signature="()" line-rate="1" branch-rate="1" complexity="1">
              <lines>
                <line number="65" hits="14" branch="False" />
              </lines>
            </method>
            <method name="get_UnderlyingSymbol" signature="()" line-rate="1" branch-rate="1" complexity="1">
              <lines>
                <line number="66" hits="14" branch="False" />
              </lines>
            </method>
            <method name="get_ContractMultiplier" signature="()" line-rate="1" branch-rate="1" complexity="1">
              <lines>
                <line number="67" hits="14" branch="False" />
              </lines>
            </method>
            <method name="get_OptPayoutType" signature="()" line-rate="1" branch-rate="1" complexity="1">
              <lines>
                <line number="68" hits="15" branch="False" />
              </lines>
            </method>
          </methods>
          <lines>
            <line number="10" hits="28" branch="False" />
            <line number="11" hits="27" branch="False" />
            <line number="14" hits="15" branch="False" />
            <line number="17" hits="15" branch="False" />
            <line number="19" hits="15" branch="False" />
            <line number="20" hits="14" branch="False" />
            <line number="27" hits="15" branch="False" />
            <line number="34" hits="15" branch="False" />
            <line number="41" hits="15" branch="False" />
            <line number="47" hits="15" branch="False" />
            <line number="53" hits="15" branch="False" />
            <line number="55" hits="14" branch="False" />
            <line number="56" hits="14" branch="False" />
            <line number="59" hits="14" branch="False" />
            <line number="61" hits="14" branch="False" />
            <line number="62" hits="14" branch="False" />
            <line number="63" hits="14" branch="False" />
            <line number="64" hits="14" branch="False" />
            <line number="65" hits="14" branch="False" />
            <line number="66" hits="14" branch="False" />
            <line number="67" hits="14" branch="False" />
            <line number="68" hits="15" branch="False" />
          </lines>
        </class>
        <class name="B3.Exchange.Instruments.InstrumentLoader" filename="InstrumentLoader.cs" line-rate="0.9183" branch-rate="0.8541" complexity="147">
          <methods>
            <method name="LoadFromFile" signature="(System.String)" line-rate="1" branch-rate="1" complexity="1">
              <lines>
                <line number="28" hits="1" branch="False" />
                <line number="29" hits="1" branch="False" />
                <line number="30" hits="1" branch="False" />
              </lines>
            </method>
            <method name="LoadFromString" signature="(System.String,System.String)" line-rate="1" branch-rate="1" complexity="1">
              <lines>
                <line number="34" hits="38" branch="False" />
                <line number="35" hits="38" branch="False" />
                <line number="36" hits="38" branch="False" />
                <line number="37" hits="8" branch="False" />
              </lines>
            </method>
            <method name="Load" signature="(System.IO.Stream,System.String)" line-rate="0.9444" branch-rate="0.875" complexity="8">
              <lines>
                <line number="44" hits="39" branch="False" />
                <line number="45" hits="38" branch="False" />
                <line number="46" hits="1" branch="False" />
                <line number="48" hits="1" branch="False" />
                <line number="51" hits="38" branch="True" condition-coverage="50% (1/2)">
                  <conditions>
                    <condition number="48" type="jump" coverage="50%" />
                  </conditions>
                </line>
                <line number="52" hits="0" branch="False" />
                <line number="54" hits="38" branch="False" />
                <line number="55" hits="38" branch="False" />
                <line number="56" hits="38" branch="False" />
                <line number="58" hits="98" branch="True" condition-coverage="100% (2/2)">
                  <conditions>
                    <condition number="383" type="jump" coverage="100%" />
                  </conditions>
                </line>
                <line number="60" hits="40" branch="False" />
                <line number="61" hits="40" branch="False" />
                <line number="63" hits="13" branch="True" condition-coverage="100% (2/2)">
                  <conditions>
                    <condition number="140" type="jump" coverage="100%" />
                  </conditions>
                </line>
                <line number="64" hits="1" branch="False" />
                <line number="66" hits="12" branch="True" condition-coverage="100% (2/2)">
                  <conditions>
                    <condition number="257" type="jump" coverage="100%" />
                  </conditions>
                </line>
                <line number="67" hits="1" branch="False" />
                <line number="69" hits="11" branch="False" />
                <line number="72" hits="9" branch="False" />
              </lines>
            </method>
            <method name="ValidateAndConvert" signature="(B3.Exchange.Instruments.InstrumentLoader/RawInstrument,System.Int32,System.String)" line-rate="0.91" branch-rate="0.8523999999999999" complexity="122">
              <lines>
                <line number="113" hits="40" branch="True" condition-coverage="100% (2/2)">
                  <conditions>
                    <condition number="31" type="jump" coverage="100%" />
                  </conditions>
                </line>
                <line number="114" hits="1" branch="False" />
                <line number="115" hits="39" branch="True" condition-coverage="75% (3/4)">
                  <conditions>
                    <condition number="65" type="jump" coverage="50%" />
                    <condition number="84" type="jump" coverage="100%" />
                  </conditions>
                </line>
                <line number="116" hits="1" branch="False" />
                <line number="117" hits="38" branch="True" condition-coverage="75% (3/4)">
                  <conditions>
                    <condition number="118" type="jump" coverage="50%" />
                    <condition number="145" type="jump" coverage="100%" />
                  </conditions>
                </line>
                <line number="118" hits="1" branch="False" />
                <line number="119" hits="37" branch="True" condition-coverage="100% (2/2)">
                  <conditions>
                    <condition number="194" type="jump" coverage="100%" />
                  </conditions>
                </line>
                <line number="120" hits="1" branch="False" />
                <line number="121" hits="36" branch="True" condition-coverage="75% (3/4)">
                  <conditions>
                    <condition number="228" type="jump" coverage="100%" />
                    <condition number="249" type="jump" coverage="50%" />
                  </conditions>
                </line>
                <line number="122" hits="0" branch="False" />
                <line number="123" hits="36" branch="True" condition-coverage="75% (3/4)">
                  <conditions>
                    <condition number="283" type="jump" coverage="100%" />
                    <condition number="304" type="jump" coverage="50%" />
                  </conditions>
                </line>
                <line number="124" hits="0" branch="False" />
                <line number="125" hits="36" branch="True" condition-coverage="83.33% (5/6)">
                  <conditions>
                    <condition number="338" type="jump" coverage="100%" />
                    <condition number="363" type="jump" coverage="100%" />
                    <condition number="382" type="jump" coverage="50%" />
                  </conditions>
                </line>
                <line number="126" hits="0" branch="False" />
                <line number="127" hits="36" branch="True" condition-coverage="100% (4/4)">
                  <conditions>
                    <condition number="481" type="jump" coverage="100%" />
                    <condition number="500" type="jump" coverage="100%" />
                  </conditions>
                </line>
                <line number="128" hits="1" branch="False" />
                <line number="129" hits="35" branch="True" condition-coverage="100% (4/4)">
                  <conditions>
                    <condition number="534" type="jump" coverage="100%" />
                    <condition number="545" type="jump" coverage="100%" />
                  </conditions>
                </line>
                <line number="130" hits="1" branch="False" />
                <line number="131" hits="34" branch="True" condition-coverage="100% (4/4)">
                  <conditions>
                    <condition number="579" type="jump" coverage="100%" />
                    <condition number="598" type="jump" coverage="100%" />
                  </conditions>
                </line>
                <line number="132" hits="1" branch="False" />
                <line number="133" hits="33" branch="True" condition-coverage="100% (2/2)">
                  <conditions>
                    <condition number="628" type="jump" coverage="100%" />
                  </conditions>
                </line>
                <line number="134" hits="1" branch="False" />
                <line number="135" hits="32" branch="True" condition-coverage="100% (2/2)">
                  <conditions>
                    <condition number="658" type="jump" coverage="100%" />
                  </conditions>
                </line>
                <line number="136" hits="1" branch="False" />
                <line number="137" hits="31" branch="True" condition-coverage="100% (2/2)">
                  <conditions>
                    <condition number="688" type="jump" coverage="100%" />
                  </conditions>
                </line>
                <line number="138" hits="1" branch="False" />
                <line number="140" hits="30" branch="False" />
                <line number="141" hits="30" branch="False" />
                <line number="142" hits="30" branch="True" condition-coverage="100% (2/2)">
                  <conditions>
                    <condition number="730" type="jump" coverage="100%" />
                  </conditions>
                </line>
                <line number="144" hits="15" branch="True" condition-coverage="100% (2/2)">
                  <conditions>
                    <condition number="739" type="jump" coverage="100%" />
                  </conditions>
                </line>
                <line number="145" hits="1" branch="False" />
                <line number="146" hits="14" branch="True" condition-coverage="100% (2/2)">
                  <conditions>
                    <condition number="759" type="jump" coverage="100%" />
                  </conditions>
                </line>
                <line number="147" hits="1" branch="False" />
                <line number="149" hits="15" branch="True" condition-coverage="75% (3/4)">
                  <conditions>
                    <condition number="785" type="jump" coverage="50%" />
                    <condition number="795" type="jump" coverage="100%" />
                  </conditions>
                </line>
                <line number="151" hits="1" branch="False" />
                <line number="154" hits="28" branch="True" condition-coverage="75% (6/8)">
                  <conditions>
                    <condition number="829" type="jump" coverage="50%" />
                    <condition number="856" type="jump" coverage="50%" />
                    <condition number="860" type="jump" coverage="100%" />
                    <condition number="887" type="jump" coverage="100%" />
                  </conditions>
                </line>
                <line number="155" hits="2" branch="True" condition-coverage="50% (1/2)">
                  <conditions>
                    <condition number="892" type="jump" coverage="50%" />
                  </conditions>
                </line>
                <line number="156" hits="26" branch="True" condition-coverage="75% (3/4)">
                  <conditions>
                    <condition number="932" type="jump" coverage="50%" />
                    <condition number="959" type="jump" coverage="100%" />
                  </conditions>
                </line>
                <line number="157" hits="1" branch="False" />
                <line number="158" hits="25" branch="True" condition-coverage="100% (2/2)">
                  <conditions>
                    <condition number="1013" type="jump" coverage="100%" />
                  </conditions>
                </line>
                <line number="159" hits="1" branch="False" />
                <line number="161" hits="24" branch="True" condition-coverage="100% (2/2)">
                  <conditions>
                    <condition number="1169" type="jump" coverage="100%" />
                  </conditions>
                </line>
                <line number="162" hits="1" branch="False" />
                <line number="163" hits="23" branch="True" condition-coverage="50% (1/2)">
                  <conditions>
                    <condition number="1325" type="jump" coverage="50%" />
                  </conditions>
                </line>
                <line number="164" hits="0" branch="False" />
                <line number="165" hits="23" branch="True" condition-coverage="100% (2/2)">
                  <conditions>
                    <condition number="1451" type="jump" coverage="100%" />
                  </conditions>
                </line>
                <line number="167" hits="1" branch="True" condition-coverage="50% (2/4)">
                  <conditions>
                    <condition number="1487" type="jump" coverage="50%" />
                    <condition number="1511" type="jump" coverage="50%" />
                  </conditions>
                </line>
                <line number="168" hits="0" branch="False" />
                <line number="169" hits="1" branch="True" condition-coverage="50% (1/2)">
                  <conditions>
                    <condition number="1607" type="jump" coverage="50%" />
                  </conditions>
                </line>
                <line number="170" hits="0" branch="False" />
                <line number="172" hits="23" branch="True" condition-coverage="100% (2/2)">
                  <conditions>
                    <condition number="1720" type="jump" coverage="100%" />
                  </conditions>
                </line>
                <line number="174" hits="1" branch="True" condition-coverage="50% (2/4)">
                  <conditions>
                    <condition number="1756" type="jump" coverage="50%" />
                    <condition number="1780" type="jump" coverage="50%" />
                  </conditions>
                </line>
                <line number="175" hits="0" branch="False" />
                <line number="176" hits="1" branch="True" condition-coverage="50% (1/2)">
                  <conditions>
                    <condition number="1876" type="jump" coverage="50%" />
                  </conditions>
                </line>
                <line number="177" hits="0" branch="False" />
                <line number="180" hits="23" branch="False" />
                <line number="181" hits="23" branch="True" condition-coverage="100% (4/4)">
                  <conditions>
                    <condition number="1984" type="jump" coverage="100%" />
                    <condition number="1993" type="jump" coverage="100%" />
                  </conditions>
                </line>
                <line number="182" hits="1" branch="False" />
                <line number="184" hits="22" branch="False" />
                <line number="185" hits="21" branch="True" condition-coverage="100% (4/4)">
                  <conditions>
                    <condition number="2051" type="jump" coverage="100%" />
                    <condition number="2079" type="jump" coverage="100%" />
                  </conditions>
                </line>
                <line number="186" hits="1" branch="False" />
                <line number="188" hits="20" branch="False" />
                <line number="189" hits="19" branch="False" />
                <line number="190" hits="18" branch="False" />
                <line number="192" hits="18" branch="True" condition-coverage="75% (3/4)">
                  <conditions>
                    <condition number="2208" type="jump" coverage="100%" />
                    <condition number="2219" type="jump" coverage="50%" />
                  </conditions>
                </line>
                <line number="193" hits="0" branch="False" />
                <line number="194" hits="18" branch="True" condition-coverage="100% (4/4)">
                  <conditions>
                    <condition number="2240" type="jump" coverage="100%" />
                    <condition number="2257" type="jump" coverage="100%" />
                  </conditions>
                </line>
                <line number="195" hits="1" branch="False" />
                <line number="197" hits="17" branch="False" />
                <line number="198" hits="17" branch="True" condition-coverage="100% (4/4)">
                  <conditions>
                    <condition number="2291" type="jump" coverage="100%" />
                    <condition number="2295" type="jump" coverage="100%" />
                  </conditions>
                </line>
                <line number="199" hits="1" branch="False" />
                <line number="201" hits="16" branch="True" condition-coverage="100% (4/4)">
                  <conditions>
                    <condition number="2329" type="jump" coverage="100%" />
                    <condition number="2348" type="jump" coverage="100%" />
                  </conditions>
                </line>
                <line number="202" hits="2" branch="False" />
                <line number="203" hits="14" branch="True" condition-coverage="100% (4/4)">
                  <conditions>
                    <condition number="2369" type="jump" coverage="100%" />
                    <condition number="2386" type="jump" coverage="100%" />
                  </conditions>
                </line>
                <line number="204" hits="1" branch="False" />
                <line number="206" hits="13" branch="True" condition-coverage="100% (4/4)">
                  <conditions>
                    <condition number="2691" type="jump" coverage="100%" />
                    <condition number="2695" type="jump" coverage="100%" />
                  </conditions>
                </line>
                <line number="207" hits="13" branch="False" />
                <line number="208" hits="13" branch="False" />
                <line number="209" hits="13" branch="False" />
                <line number="210" hits="13" branch="False" />
                <line number="211" hits="13" branch="False" />
                <line number="212" hits="13" branch="False" />
                <line number="213" hits="13" branch="False" />
                <line number="214" hits="13" branch="False" />
                <line number="215" hits="13" branch="False" />
                <line number="216" hits="13" branch="False" />
                <line number="217" hits="13" branch="False" />
                <line number="218" hits="13" branch="False" />
                <line number="219" hits="13" branch="False" />
                <line number="220" hits="13" branch="False" />
                <line number="221" hits="13" branch="False" />
                <line number="222" hits="13" branch="False" />
                <line number="223" hits="13" branch="False" />
                <line number="224" hits="13" branch="False" />
                <line number="225" hits="13" branch="False" />
                <line number="226" hits="13" branch="False" />
                <line number="227" hits="13" branch="False" />
                <line number="228" hits="13" branch="False" />
                <line number="229" hits="13" branch="False" />
                <line number="230" hits="13" branch="False" />
              </lines>
            </method>
            <method name="&lt;ValidateAndConvert&gt;g__NormalizeOptionalText|4_1" signature="(System.String)" line-rate="1" branch-rate="1" complexity="2">
              <lines>
                <line number="80" hits="17" branch="True" condition-coverage="100% (2/2)">
                  <conditions>
                    <condition number="6" type="jump" coverage="100%" />
                  </conditions>
                </line>
              </lines>
            </method>
            <method name="&lt;ValidateAndConvert&gt;g__ParseEnum|4_2" signature="(System.String,System.String,System.Func`2&lt;System.String,System.String&gt;,System.Boolean)" line-rate="0.8571" branch-rate="0.8332999999999999" complexity="6">
              <lines>
                <line number="85" hits="57" branch="True" condition-coverage="100% (2/2)">
                  <conditions>
                    <condition number="6" type="jump" coverage="100%" />
                  </conditions>
                </line>
                <line number="87" hits="30" branch="True" condition-coverage="100% (2/2)">
                  <conditions>
                    <condition number="9" type="jump" coverage="100%" />
                  </conditions>
                </line>
                <line number="88" hits="2" branch="False" />
                <line number="89" hits="28" branch="False" />
                <line number="92" hits="27" branch="True" condition-coverage="50% (1/2)">
                  <conditions>
                    <condition number="53" type="jump" coverage="50%" />
                  </conditions>
                </line>
                <line number="93" hits="27" branch="False" />
                <line number="95" hits="0" branch="False" />
              </lines>
            </method>
            <method name="&lt;ValidateAndConvert&gt;g__ParseDateOnly|4_3" signature="(System.String,System.String,System.Func`2&lt;System.String,System.String&gt;,System.Boolean)" line-rate="0.8571" branch-rate="0.8332999999999999" complexity="6">
              <lines>
                <line number="100" hits="22" branch="True" condition-coverage="100% (2/2)">
                  <conditions>
                    <condition number="6" type="jump" coverage="100%" />
                  </conditions>
                </line>
                <line number="102" hits="10" branch="True" condition-coverage="100% (2/2)">
                  <conditions>
                    <condition number="9" type="jump" coverage="100%" />
                  </conditions>
                </line>
                <line number="103" hits="1" branch="False" />
                <line number="104" hits="9" branch="False" />
                <line number="107" hits="12" branch="True" condition-coverage="50% (1/2)">
                  <conditions>
                    <condition number="63" type="jump" coverage="50%" />
                  </conditions>
                </line>
                <line number="108" hits="12" branch="False" />
                <line number="110" hits="0" branch="False" />
              </lines>
            </method>
            <method name=".cctor" signature="()" line-rate="1" branch-rate="1" complexity="1">
              <lines>
                <line number="18" hits="1" branch="False" />
                <line number="19" hits="1" branch="False" />
                <line number="20" hits="1" branch="False" />
                <line number="21" hits="1" branch="False" />
                <line number="22" hits="1" branch="False" />
                <line number="23" hits="1" branch="False" />
                <line number="24" hits="1" branch="False" />
              </lines>
            </method>
          </methods>
          <lines>
            <line number="28" hits="1" branch="False" />
            <line number="29" hits="1" branch="False" />
            <line number="30" hits="1" branch="False" />
            <line number="34" hits="38" branch="False" />
            <line number="35" hits="38" branch="False" />
            <line number="36" hits="38" branch="False" />
            <line number="37" hits="8" branch="False" />
            <line number="44" hits="39" branch="False" />
            <line number="45" hits="38" branch="False" />
            <line number="46" hits="1" branch="False" />
            <line number="48" hits="1" branch="False" />
            <line number="51" hits="38" branch="True" condition-coverage="50% (1/2)">
              <conditions>
                <condition number="48" type="jump" coverage="50%" />
              </conditions>
            </line>
            <line number="52" hits="0" branch="False" />
            <line number="54" hits="38" branch="False" />
            <line number="55" hits="38" branch="False" />
            <line number="56" hits="38" branch="False" />
            <line number="58" hits="98" branch="True" condition-coverage="100% (2/2)">
              <conditions>
                <condition number="383" type="jump" coverage="100%" />
              </conditions>
            </line>
            <line number="60" hits="40" branch="False" />
            <line number="61" hits="40" branch="False" />
            <line number="63" hits="13" branch="True" condition-coverage="100% (2/2)">
              <conditions>
                <condition number="140" type="jump" coverage="100%" />
              </conditions>
            </line>
            <line number="64" hits="1" branch="False" />
            <line number="66" hits="12" branch="True" condition-coverage="100% (2/2)">
              <conditions>
                <condition number="257" type="jump" coverage="100%" />
              </conditions>
            </line>
            <line number="67" hits="1" branch="False" />
            <line number="69" hits="11" branch="False" />
            <line number="72" hits="9" branch="False" />
            <line number="113" hits="40" branch="True" condition-coverage="100% (2/2)">
              <conditions>
                <condition number="31" type="jump" coverage="100%" />
              </conditions>
            </line>
            <line number="114" hits="1" branch="False" />
            <line number="115" hits="39" branch="True" condition-coverage="75% (3/4)">
              <conditions>
                <condition number="65" type="jump" coverage="50%" />
                <condition number="84" type="jump" coverage="100%" />
              </conditions>
            </line>
            <line number="116" hits="1" branch="False" />
            <line number="117" hits="38" branch="True" condition-coverage="75% (3/4)">
              <conditions>
                <condition number="118" type="jump" coverage="50%" />
                <condition number="145" type="jump" coverage="100%" />
              </conditions>
            </line>
            <line number="118" hits="1" branch="False" />
            <line number="119" hits="37" branch="True" condition-coverage="100% (2/2)">
              <conditions>
                <condition number="194" type="jump" coverage="100%" />
              </conditions>
            </line>
            <line number="120" hits="1" branch="False" />
            <line number="121" hits="36" branch="True" condition-coverage="75% (3/4)">
              <conditions>
                <condition number="228" type="jump" coverage="100%" />
                <condition number="249" type="jump" coverage="50%" />
              </conditions>
            </line>
            <line number="122" hits="0" branch="False" />
            <line number="123" hits="36" branch="True" condition-coverage="75% (3/4)">
              <conditions>
                <condition number="283" type="jump" coverage="100%" />
                <condition number="304" type="jump" coverage="50%" />
              </conditions>
            </line>
            <line number="124" hits="0" branch="False" />
            <line number="125" hits="36" branch="True" condition-coverage="83.33% (5/6)">
              <conditions>
                <condition number="338" type="jump" coverage="100%" />
                <condition number="363" type="jump" coverage="100%" />
                <condition number="382" type="jump" coverage="50%" />
              </conditions>
            </line>
            <line number="126" hits="0" branch="False" />
            <line number="127" hits="36" branch="True" condition-coverage="100% (4/4)">
              <conditions>
                <condition number="481" type="jump" coverage="100%" />
                <condition number="500" type="jump" coverage="100%" />
              </conditions>
            </line>
            <line number="128" hits="1" branch="False" />
            <line number="129" hits="35" branch="True" condition-coverage="100% (4/4)">
              <conditions>
                <condition number="534" type="jump" coverage="100%" />
                <condition number="545" type="jump" coverage="100%" />
              </conditions>
            </line>
            <line number="130" hits="1" branch="False" />
            <line number="131" hits="34" branch="True" condition-coverage="100% (4/4)">
              <conditions>
                <condition number="579" type="jump" coverage="100%" />
                <condition number="598" type="jump" coverage="100%" />
              </conditions>
            </line>
            <line number="132" hits="1" branch="False" />
            <line number="133" hits="33" branch="True" condition-coverage="100% (2/2)">
              <conditions>
                <condition number="628" type="jump" coverage="100%" />
              </conditions>
            </line>
            <line number="134" hits="1" branch="False" />
            <line number="135" hits="32" branch="True" condition-coverage="100% (2/2)">
              <conditions>
                <condition number="658" type="jump" coverage="100%" />
              </conditions>
            </line>
            <line number="136" hits="1" branch="False" />
            <line number="137" hits="31" branch="True" condition-coverage="100% (2/2)">
              <conditions>
                <condition number="688" type="jump" coverage="100%" />
              </conditions>
            </line>
            <line number="138" hits="1" branch="False" />
            <line number="140" hits="30" branch="False" />
            <line number="141" hits="30" branch="False" />
            <line number="142" hits="30" branch="True" condition-coverage="100% (2/2)">
              <conditions>
                <condition number="730" type="jump" coverage="100%" />
              </conditions>
            </line>
            <line number="144" hits="15" branch="True" condition-coverage="100% (2/2)">
              <conditions>
                <condition number="739" type="jump" coverage="100%" />
              </conditions>
            </line>
            <line number="145" hits="1" branch="False" />
            <line number="146" hits="14" branch="True" condition-coverage="100% (2/2)">
              <conditions>
                <condition number="759" type="jump" coverage="100%" />
              </conditions>
            </line>
            <line number="147" hits="1" branch="False" />
            <line number="149" hits="15" branch="True" condition-coverage="75% (3/4)">
              <conditions>
                <condition number="785" type="jump" coverage="50%" />
                <condition number="795" type="jump" coverage="100%" />
              </conditions>
            </line>
            <line number="151" hits="1" branch="False" />
            <line number="154" hits="28" branch="True" condition-coverage="75% (6/8)">
              <conditions>
                <condition number="829" type="jump" coverage="50%" />
                <condition number="856" type="jump" coverage="50%" />
                <condition number="860" type="jump" coverage="100%" />
                <condition number="887" type="jump" coverage="100%" />
              </conditions>
            </line>
            <line number="155" hits="2" branch="True" condition-coverage="50% (1/2)">
              <conditions>
                <condition number="892" type="jump" coverage="50%" />
              </conditions>
            </line>
            <line number="156" hits="26" branch="True" condition-coverage="75% (3/4)">
              <conditions>
                <condition number="932" type="jump" coverage="50%" />
                <condition number="959" type="jump" coverage="100%" />
              </conditions>
            </line>
            <line number="157" hits="1" branch="False" />
            <line number="158" hits="25" branch="True" condition-coverage="100% (2/2)">
              <conditions>
                <condition number="1013" type="jump" coverage="100%" />
              </conditions>
            </line>
            <line number="159" hits="1" branch="False" />
            <line number="161" hits="24" branch="True" condition-coverage="100% (2/2)">
              <conditions>
                <condition number="1169" type="jump" coverage="100%" />
              </conditions>
            </line>
            <line number="162" hits="1" branch="False" />
            <line number="163" hits="23" branch="True" condition-coverage="50% (1/2)">
              <conditions>
                <condition number="1325" type="jump" coverage="50%" />
              </conditions>
            </line>
            <line number="164" hits="0" branch="False" />
            <line number="165" hits="23" branch="True" condition-coverage="100% (2/2)">
              <conditions>
                <condition number="1451" type="jump" coverage="100%" />
              </conditions>
            </line>
            <line number="167" hits="1" branch="True" condition-coverage="50% (2/4)">
              <conditions>
                <condition number="1487" type="jump" coverage="50%" />
                <condition number="1511" type="jump" coverage="50%" />
              </conditions>
            </line>
            <line number="168" hits="0" branch="False" />
            <line number="169" hits="1" branch="True" condition-coverage="50% (1/2)">
              <conditions>
                <condition number="1607" type="jump" coverage="50%" />
              </conditions>
            </line>
            <line number="170" hits="0" branch="False" />
            <line number="172" hits="23" branch="True" condition-coverage="100% (2/2)">
              <conditions>
                <condition number="1720" type="jump" coverage="100%" />
              </conditions>
            </line>
            <line number="174" hits="1" branch="True" condition-coverage="50% (2/4)">
              <conditions>
                <condition number="1756" type="jump" coverage="50%" />
                <condition number="1780" type="jump" coverage="50%" />
              </conditions>
            </line>
            <line number="175" hits="0" branch="False" />
            <line number="176" hits="1" branch="True" condition-coverage="50% (1/2)">
              <conditions>
                <condition number="1876" type="jump" coverage="50%" />
              </conditions>
            </line>
            <line number="177" hits="0" branch="False" />
            <line number="180" hits="23" branch="False" />
            <line number="181" hits="23" branch="True" condition-coverage="100% (4/4)">
              <conditions>
                <condition number="1984" type="jump" coverage="100%" />
                <condition number="1993" type="jump" coverage="100%" />
              </conditions>
            </line>
            <line number="182" hits="1" branch="False" />
            <line number="184" hits="22" branch="False" />
            <line number="185" hits="21" branch="True" condition-coverage="100% (4/4)">
              <conditions>
                <condition number="2051" type="jump" coverage="100%" />
                <condition number="2079" type="jump" coverage="100%" />
              </conditions>
            </line>
            <line number="186" hits="1" branch="False" />
            <line number="188" hits="20" branch="False" />
            <line number="189" hits="19" branch="False" />
            <line number="190" hits="18" branch="False" />
            <line number="192" hits="18" branch="True" condition-coverage="75% (3/4)">
              <conditions>
                <condition number="2208" type="jump" coverage="100%" />
                <condition number="2219" type="jump" coverage="50%" />
              </conditions>
            </line>
            <line number="193" hits="0" branch="False" />
            <line number="194" hits="18" branch="True" condition-coverage="100% (4/4)">
              <conditions>
                <condition number="2240" type="jump" coverage="100%" />
                <condition number="2257" type="jump" coverage="100%" />
              </conditions>
            </line>
            <line number="195" hits="1" branch="False" />
            <line number="197" hits="17" branch="False" />
            <line number="198" hits="17" branch="True" condition-coverage="100% (4/4)">
              <conditions>
                <condition number="2291" type="jump" coverage="100%" />
                <condition number="2295" type="jump" coverage="100%" />
              </conditions>
            </line>
            <line number="199" hits="1" branch="False" />
            <line number="201" hits="16" branch="True" condition-coverage="100% (4/4)">
              <conditions>
                <condition number="2329" type="jump" coverage="100%" />
                <condition number="2348" type="jump" coverage="100%" />
              </conditions>
            </line>
            <line number="202" hits="2" branch="False" />
            <line number="203" hits="14" branch="True" condition-coverage="100% (4/4)">
              <conditions>
                <condition number="2369" type="jump" coverage="100%" />
                <condition number="2386" type="jump" coverage="100%" />
              </conditions>
            </line>
            <line number="204" hits="1" branch="False" />
            <line number="206" hits="13" branch="True" condition-coverage="100% (4/4)">
              <conditions>
                <condition number="2691" type="jump" coverage="100%" />
                <condition number="2695" type="jump" coverage="100%" />
              </conditions>
            </line>
            <line number="207" hits="13" branch="False" />
            <line number="208" hits="13" branch="False" />
            <line number="209" hits="13" branch="False" />
            <line number="210" hits="13" branch="False" />
            <line number="211" hits="13" branch="False" />
            <line number="212" hits="13" branch="False" />
            <line number="213" hits="13" branch="False" />
            <line number="214" hits="13" branch="False" />
            <line number="215" hits="13" branch="False" />
            <line number="216" hits="13" branch="False" />
            <line number="217" hits="13" branch="False" />
            <line number="218" hits="13" branch="False" />
            <line number="219" hits="13" branch="False" />
            <line number="220" hits="13" branch="False" />
            <line number="221" hits="13" branch="False" />
            <line number="222" hits="13" branch="False" />
            <line number="223" hits="13" branch="False" />
            <line number="224" hits="13" branch="False" />
            <line number="225" hits="13" branch="False" />
            <line number="226" hits="13" branch="False" />
            <line number="227" hits="13" branch="False" />
            <line number="228" hits="13" branch="False" />
            <line number="229" hits="13" branch="False" />
            <line number="230" hits="13" branch="False" />
            <line number="80" hits="17" branch="True" condition-coverage="100% (2/2)">
              <conditions>
                <condition number="6" type="jump" coverage="100%" />
              </conditions>
            </line>
            <line number="85" hits="57" branch="True" condition-coverage="100% (2/2)">
              <conditions>
                <condition number="6" type="jump" coverage="100%" />
              </conditions>
            </line>
            <line number="87" hits="30" branch="True" condition-coverage="100% (2/2)">
              <conditions>
                <condition number="9" type="jump" coverage="100%" />
              </conditions>
            </line>
            <line number="88" hits="2" branch="False" />
            <line number="89" hits="28" branch="False" />
            <line number="92" hits="27" branch="True" condition-coverage="50% (1/2)">
              <conditions>
                <condition number="53" type="jump" coverage="50%" />
              </conditions>
            </line>
            <line number="93" hits="27" branch="False" />
            <line number="95" hits="0" branch="False" />
            <line number="100" hits="22" branch="True" condition-coverage="100% (2/2)">
              <conditions>
                <condition number="6" type="jump" coverage="100%" />
              </conditions>
            </line>
            <line number="102" hits="10" branch="True" condition-coverage="100% (2/2)">
              <conditions>
                <condition number="9" type="jump" coverage="100%" />
              </conditions>
            </line>
            <line number="103" hits="1" branch="False" />
            <line number="104" hits="9" branch="False" />
            <line number="107" hits="12" branch="True" condition-coverage="50% (1/2)">
              <conditions>
                <condition number="63" type="jump" coverage="50%" />
              </conditions>
            </line>
            <line number="108" hits="12" branch="False" />
            <line number="110" hits="0" branch="False" />
            <line number="18" hits="1" branch="False" />
            <line number="19" hits="1" branch="False" />
            <line number="20" hits="1" branch="False" />
            <line number="21" hits="1" branch="False" />
            <line number="22" hits="1" branch="False" />
            <line number="23" hits="1" branch="False" />
            <line number="24" hits="1" branch="False" />
          </lines>
        </class>
        <class name="B3.Exchange.Instruments.InstrumentLoader/RawInstrument" filename="InstrumentLoader.cs" line-rate="1" branch-rate="1" complexity="22">
          <methods>
            <method name="get_Symbol" signature="()" line-rate="1" branch-rate="1" complexity="1">
              <lines>
                <line number="235" hits="93" branch="False" />
              </lines>
            </method>
            <method name="get_SecurityId" signature="()" line-rate="1" branch-rate="1" complexity="1">
              <lines>
                <line number="236" hits="131" branch="False" />
              </lines>
            </method>
            <method name="get_TickSize" signature="()" line-rate="1" branch-rate="1" complexity="1">
              <lines>
                <line number="237" hits="179" branch="False" />
              </lines>
            </method>
            <method name="get_LotSize" signature="()" line-rate="1" branch-rate="1" complexity="1">
              <lines>
                <line number="238" hits="69" branch="False" />
              </lines>
            </method>
            <method name="get_MinPrice" signature="()" line-rate="1" branch-rate="1" complexity="1">
              <lines>
                <line number="239" hits="176" branch="False" />
              </lines>
            </method>
            <method name="get_MaxPrice" signature="()" line-rate="1" branch-rate="1" complexity="1">
              <lines>
                <line number="240" hits="156" branch="False" />
              </lines>
            </method>
            <method name="get_LowerPriceBand" signature="()" line-rate="1" branch-rate="1" complexity="1">
              <lines>
                <line number="241" hits="147" branch="False" />
              </lines>
            </method>
            <method name="get_UpperPriceBand" signature="()" line-rate="1" branch-rate="1" complexity="1">
              <lines>
                <line number="242" hits="111" branch="False" />
              </lines>
            </method>
            <method name="get_AuctionCollarPercent" signature="()" line-rate="1" branch-rate="1" complexity="1">
              <lines>
                <line number="243" hits="51" branch="False" />
              </lines>
            </method>
            <method name="get_MaxOrderQty" signature="()" line-rate="1" branch-rate="1" complexity="1">
              <lines>
                <line number="244" hits="50" branch="False" />
              </lines>
            </method>
            <method name="get_MaxOrderValue" signature="()" line-rate="1" branch-rate="1" complexity="1">
              <lines>
                <line number="245" hits="49" branch="False" />
              </lines>
            </method>
            <method name="get_Currency" signature="()" line-rate="1" branch-rate="1" complexity="1">
              <lines>
                <line number="246" hits="86" branch="False" />
              </lines>
            </method>
            <method name="get_Isin" signature="()" line-rate="1" branch-rate="1" complexity="1">
              <lines>
                <line number="247" hits="85" branch="False" />
              </lines>
            </method>
            <method name="get_SecurityType" signature="()" line-rate="1" branch-rate="1" complexity="1">
              <lines>
                <line number="248" hits="114" branch="False" />
              </lines>
            </method>
            <method name="get_StrikePrice" signature="()" line-rate="1" branch-rate="1" complexity="1">
              <lines>
                <line number="249" hits="37" branch="False" />
              </lines>
            </method>
            <method name="get_ExpirationDate" signature="()" line-rate="1" branch-rate="1" complexity="1">
              <lines>
                <line number="250" hits="36" branch="False" />
              </lines>
            </method>
            <method name="get_PutOrCall" signature="()" line-rate="1" branch-rate="1" complexity="1">
              <lines>
                <line number="251" hits="34" branch="False" />
              </lines>
            </method>
            <method name="get_ExerciseStyle" signature="()" line-rate="1" branch-rate="1" complexity="1">
              <lines>
                <line number="252" hits="33" branch="False" />
              </lines>
            </method>
            <method name="get_UnderlyingSecurityId" signature="()" line-rate="1" branch-rate="1" complexity="1">
              <lines>
                <line number="253" hits="54" branch="False" />
              </lines>
            </method>
            <method name="get_UnderlyingSymbol" signature="()" line-rate="1" branch-rate="1" complexity="1">
              <lines>
                <line number="254" hits="31" branch="False" />
              </lines>
            </method>
            <method name="get_ContractMultiplier" signature="()" line-rate="1" branch-rate="1" complexity="1">
              <lines>
                <line number="255" hits="48" branch="False" />
              </lines>
            </method>
            <method name="get_OptPayoutType" signature="()" line-rate="1" branch-rate="1" complexity="1">
              <lines>
                <line number="256" hits="32" branch="False" />
              </lines>
            </method>
          </methods>
          <lines>
            <line number="235" hits="93" branch="False" />
            <line number="236" hits="131" branch="False" />
            <line number="237" hits="179" branch="False" />
            <line number="238" hits="69" branch="False" />
            <line number="239" hits="176" branch="False" />
            <line number="240" hits="156" branch="False" />
            <line number="241" hits="147" branch="False" />
            <line number="242" hits="111" branch="False" />
            <line number="243" hits="51" branch="False" />
            <line number="244" hits="50" branch="False" />
            <line number="245" hits="49" branch="False" />
            <line number="246" hits="86" branch="False" />
            <line number="247" hits="85" branch="False" />
            <line number="248" hits="114" branch="False" />
            <line number="249" hits="37" branch="False" />
            <line number="250" hits="36" branch="False" />
            <line number="251" hits="34" branch="False" />
            <line number="252" hits="33" branch="False" />
            <line number="253" hits="54" branch="False" />
            <line number="254" hits="31" branch="False" />
            <line number="255" hits="48" branch="False" />
            <line number="256" hits="32" branch="False" />
          </lines>
        </class>
        <class name="B3.Exchange.Instruments.InstrumentLoader/FlexibleDecimalConverter" filename="InstrumentLoader.cs" line-rate="0.5" branch-rate="0.3333" complexity="12">
          <methods>
            <method name="Read" signature="(System.Text.Json.Utf8JsonReader&amp;,System.Type,System.Text.Json.JsonSerializerOptions)" line-rate="0.6666" branch-rate="0.4" complexity="10">
              <lines>
                <line number="267" hits="155" branch="True" condition-coverage="33.33% (2/6)">
                  <conditions>
                    <condition number="10" type="switch" coverage="33.33%" />
                  </conditions>
                </line>
                <line number="270" hits="0" branch="False" />
                <line number="272" hits="3" branch="False" />
                <line number="275" hits="152" branch="False" />
                <line number="276" hits="152" branch="True" condition-coverage="50% (1/2)">
                  <conditions>
                    <condition number="72" type="jump" coverage="50%" />
                  </conditions>
                </line>
                <line number="277" hits="152" branch="True" condition-coverage="50% (1/2)">
                  <conditions>
                    <condition number="99" type="jump" coverage="50%" />
                  </conditions>
                </line>
                <line number="278" hits="152" branch="False" />
                <line number="279" hits="0" branch="False" />
                <line number="282" hits="0" branch="False" />
              </lines>
            </method>
            <method name="Write" signature="(System.Text.Json.Utf8JsonWriter,System.Nullable`1&lt;System.Decimal&gt;,System.Text.Json.JsonSerializerOptions)" line-rate="0" branch-rate="0" complexity="2">
              <lines>
                <line number="288" hits="0" branch="True" condition-coverage="0% (0/2)">
                  <conditions>
                    <condition number="7" type="jump" coverage="0%" />
                  </conditions>
                </line>
                <line number="289" hits="0" branch="False" />
                <line number="290" hits="0" branch="False" />
              </lines>
            </method>
          </methods>
          <lines>
            <line number="267" hits="155" branch="True" condition-coverage="33.33% (2/6)">
              <conditions>
                <condition number="10" type="switch" coverage="33.33%" />
              </conditions>
            </line>
            <line number="270" hits="0" branch="False" />
            <line number="272" hits="3" branch="False" />
            <line number="275" hits="152" branch="False" />
            <line number="276" hits="152" branch="True" condition-coverage="50% (1/2)">
              <conditions>
                <condition number="72" type="jump" coverage="50%" />
              </conditions>
            </line>
            <line number="277" hits="152" branch="True" condition-coverage="50% (1/2)">
              <conditions>
                <condition number="99" type="jump" coverage="50%" />
              </conditions>
            </line>
            <line number="278" hits="152" branch="False" />
            <line number="279" hits="0" branch="False" />
            <line number="282" hits="0" branch="False" />
            <line number="288" hits="0" branch="True" condition-coverage="0% (0/2)">
              <conditions>
                <condition number="7" type="jump" coverage="0%" />
              </conditions>
            </line>
            <line number="289" hits="0" branch="False" />
            <line number="290" hits="0" branch="False" />
          </lines>
        </class>
        <class name="B3.Exchange.Instruments.InstrumentLoader/&lt;&gt;c__DisplayClass4_0" filename="InstrumentLoader.cs" line-rate="1" branch-rate="1" complexity="1">
          <methods>
            <method name="&lt;ValidateAndConvert&gt;g__Where|0" signature="(System.String)" line-rate="1" branch-rate="1" complexity="1">
              <lines>
                <line number="77" hits="27" branch="False" />
              </lines>
            </method>
          </methods>
          <lines>
            <line number="77" hits="27" branch="False" />
          </lines>
        </class>
        <class name="B3.Exchange.Instruments.InstrumentConfigException" filename="InstrumentLoader.cs" line-rate="1" branch-rate="1" complexity="2">
          <methods>
            <method name=".ctor" signature="(System.String)" line-rate="1" branch-rate="1" complexity="1">
              <lines>
                <line number="296" hits="58" branch="False" />
              </lines>
            </method>
            <method name=".ctor" signature="(System.String,System.Exception)" line-rate="1" branch-rate="1" complexity="1">
              <lines>
                <line number="297" hits="2" branch="False" />
              </lines>
            </method>
          </methods>
          <lines>
            <line number="296" hits="58" branch="False" />
            <line number="297" hits="2" branch="False" />
          </lines>
        </class>
        <class name="B3.Exchange.Instruments.InstrumentSecurityTypes" filename="InstrumentSecurityTypes.cs" line-rate="1" branch-rate="0.7" complexity="10">
          <methods>
            <method name="IsOption" signature="(System.String)" line-rate="1" branch-rate="0.7" complexity="10">
              <lines>
                <line number="7" hits="30" branch="False" />
                <line number="9" hits="30" branch="True" condition-coverage="70% (7/10)">
                  <conditions>
                    <condition number="29" type="jump" coverage="100%" />
                    <condition number="42" type="jump" coverage="50%" />
                    <condition number="55" type="jump" coverage="50%" />
                    <condition number="68" type="jump" coverage="50%" />
                    <condition number="81" type="jump" coverage="100%" />
                  </conditions>
                </line>
                <line number="10" hits="30" branch="False" />
                <line number="11" hits="15" branch="False" />
                <line number="12" hits="15" branch="False" />
                <line number="13" hits="30" branch="False" />
              </lines>
            </method>
          </methods>
          <lines>
            <line number="7" hits="30" branch="False" />
            <line number="9" hits="30" branch="True" condition-coverage="70% (7/10)">
              <conditions>
                <condition number="29" type="jump" coverage="100%" />
                <condition number="42" type="jump" coverage="50%" />
                <condition number="55" type="jump" coverage="50%" />
                <condition number="68" type="jump" coverage="50%" />
                <condition number="81" type="jump" coverage="100%" />
              </conditions>
            </line>
            <line number="10" hits="30" branch="False" />
            <line number="11" hits="15" branch="False" />
            <line number="12" hits="15" branch="False" />
            <line number="13" hits="30" branch="False" />
          </lines>
        </class>
      </classes>
    </package>
  </packages>
</coverage>