<?xml version="1.0" encoding="utf-8"?>
<coverage line-rate="0.7309" branch-rate="0.7019" version="1.9" timestamp="1783112918" lines-covered="1383" lines-valid="1892" branches-covered="664" branches-valid="946">
  <sources>
    <source>/home/pedrotravi/B3MatchingPlatform/src/</source>
  </sources>
  <packages>
    <package name="B3.Exchange.Instruments" line-rate="0.132" branch-rate="0.0421" complexity="216">
      <classes>
        <class name="B3.Exchange.Instruments.Instrument" filename="B3.Exchange.Instruments/Instrument.cs" line-rate="1" branch-rate="1" complexity="22">
          <methods>
            <method name="get_Symbol" signature="()" line-rate="1" branch-rate="1" complexity="1">
              <lines>
                <line number="10" hits="469" branch="False" />
              </lines>
            </method>
            <method name="get_SecurityId" signature="()" line-rate="1" branch-rate="1" complexity="1">
              <lines>
                <line number="11" hits="1312" branch="False" />
              </lines>
            </method>
            <method name="get_TickSize" signature="()" line-rate="1" branch-rate="1" complexity="1">
              <lines>
                <line number="14" hits="446" branch="False" />
              </lines>
            </method>
            <method name="get_LotSize" signature="()" line-rate="1" branch-rate="1" complexity="1">
              <lines>
                <line number="17" hits="445" branch="False" />
              </lines>
            </method>
            <method name="get_MinPrice" signature="()" line-rate="1" branch-rate="1" complexity="1">
              <lines>
                <line number="19" hits="468" branch="False" />
              </lines>
            </method>
            <method name="get_MaxPrice" signature="()" line-rate="1" branch-rate="1" complexity="1">
              <lines>
                <line number="20" hits="468" branch="False" />
              </lines>
            </method>
            <method name="get_LowerPriceBand" signature="()" line-rate="1" branch-rate="1" complexity="1">
              <lines>
                <line number="27" hits="254" branch="False" />
              </lines>
            </method>
            <method name="get_UpperPriceBand" signature="()" line-rate="1" branch-rate="1" complexity="1">
              <lines>
                <line number="34" hits="254" branch="False" />
              </lines>
            </method>
            <method name="get_AuctionCollarPercent" signature="()" line-rate="1" branch-rate="1" complexity="1">
              <lines>
                <line number="41" hits="251" branch="False" />
              </lines>
            </method>
            <method name="get_MaxOrderQty" signature="()" line-rate="1" branch-rate="1" complexity="1">
              <lines>
                <line number="47" hits="246" branch="False" />
              </lines>
            </method>
            <method name="get_MaxOrderValue" signature="()" line-rate="1" branch-rate="1" complexity="1">
              <lines>
                <line number="53" hits="252" branch="False" />
              </lines>
            </method>
            <method name="get_Currency" signature="()" line-rate="1" branch-rate="1" complexity="1">
              <lines>
                <line number="55" hits="223" branch="False" />
              </lines>
            </method>
            <method name="get_Isin" signature="()" line-rate="1" branch-rate="1" complexity="1">
              <lines>
                <line number="56" hits="227" branch="False" />
              </lines>
            </method>
            <method name="get_SecurityType" signature="()" line-rate="1" branch-rate="1" complexity="1">
              <lines>
                <line number="59" hits="445" branch="False" />
              </lines>
            </method>
            <method name="get_StrikePrice" signature="()" line-rate="1" branch-rate="1" complexity="1">
              <lines>
                <line number="61" hits="1" branch="False" />
              </lines>
            </method>
            <method name="get_ExpirationDate" signature="()" line-rate="1" branch-rate="1" complexity="1">
              <lines>
                <line number="62" hits="224" branch="False" />
              </lines>
            </method>
            <method name="get_PutOrCall" signature="()" line-rate="1" branch-rate="1" complexity="1">
              <lines>
                <line number="63" hits="1" branch="False" />
              </lines>
            </method>
            <method name="get_ExerciseStyle" signature="()" line-rate="1" branch-rate="1" complexity="1">
              <lines>
                <line number="64" hits="1" branch="False" />
              </lines>
            </method>
            <method name="get_UnderlyingSecurityId" signature="()" line-rate="1" branch-rate="1" complexity="1">
              <lines>
                <line number="65" hits="1" branch="False" />
              </lines>
            </method>
            <method name="get_UnderlyingSymbol" signature="()" line-rate="1" branch-rate="1" complexity="1">
              <lines>
                <line number="66" hits="1" branch="False" />
              </lines>
            </method>
            <method name="get_ContractMultiplier" signature="()" line-rate="1" branch-rate="1" complexity="1">
              <lines>
                <line number="67" hits="223" branch="False" />
              </lines>
            </method>
            <method name="get_OptPayoutType" signature="()" line-rate="1" branch-rate="1" complexity="1">
              <lines>
                <line number="68" hits="1" branch="False" />
              </lines>
            </method>
          </methods>
          <lines>
            <line number="10" hits="469" branch="False" />
            <line number="11" hits="1312" branch="False" />
            <line number="14" hits="446" branch="False" />
            <line number="17" hits="445" branch="False" />
            <line number="19" hits="468" branch="False" />
            <line number="20" hits="468" branch="False" />
            <line number="27" hits="254" branch="False" />
            <line number="34" hits="254" branch="False" />
            <line number="41" hits="251" branch="False" />
            <line number="47" hits="246" branch="False" />
            <line number="53" hits="252" branch="False" />
            <line number="55" hits="223" branch="False" />
            <line number="56" hits="227" branch="False" />
            <line number="59" hits="445" branch="False" />
            <line number="61" hits="1" branch="False" />
            <line number="62" hits="224" branch="False" />
            <line number="63" hits="1" branch="False" />
            <line number="64" hits="1" branch="False" />
            <line number="65" hits="1" branch="False" />
            <line number="66" hits="1" branch="False" />
            <line number="67" hits="223" branch="False" />
            <line number="68" hits="1" branch="False" />
          </lines>
        </class>
        <class name="B3.Exchange.Instruments.InstrumentLoader" filename="B3.Exchange.Instruments/InstrumentLoader.cs" line-rate="0" branch-rate="0" complexity="147">
          <methods>
            <method name="LoadFromFile" signature="(System.String)" line-rate="0" branch-rate="1" complexity="1">
              <lines>
                <line number="28" hits="0" branch="False" />
                <line number="29" hits="0" branch="False" />
                <line number="30" hits="0" branch="False" />
              </lines>
            </method>
            <method name="LoadFromString" signature="(System.String,System.String)" line-rate="0" branch-rate="1" complexity="1">
              <lines>
                <line number="34" hits="0" branch="False" />
                <line number="35" hits="0" branch="False" />
                <line number="36" hits="0" branch="False" />
                <line number="37" hits="0" branch="False" />
              </lines>
            </method>
            <method name="Load" signature="(System.IO.Stream,System.String)" line-rate="0" branch-rate="0" complexity="8">
              <lines>
                <line number="44" hits="0" branch="False" />
                <line number="45" hits="0" branch="False" />
                <line number="46" hits="0" branch="False" />
                <line number="48" hits="0" branch="False" />
                <line number="51" hits="0" branch="True" condition-coverage="0% (0/2)">
                  <conditions>
                    <condition number="48" type="jump" coverage="0%" />
                  </conditions>
                </line>
                <line number="52" hits="0" branch="False" />
                <line number="54" hits="0" branch="False" />
                <line number="55" hits="0" branch="False" />
                <line number="56" hits="0" branch="False" />
                <line number="58" hits="0" branch="True" condition-coverage="0% (0/2)">
                  <conditions>
                    <condition number="383" type="jump" coverage="0%" />
                  </conditions>
                </line>
                <line number="60" hits="0" branch="False" />
                <line number="61" hits="0" branch="False" />
                <line number="63" hits="0" branch="True" condition-coverage="0% (0/2)">
                  <conditions>
                    <condition number="140" type="jump" coverage="0%" />
                  </conditions>
                </line>
                <line number="64" hits="0" branch="False" />
                <line number="66" hits="0" branch="True" condition-coverage="0% (0/2)">
                  <conditions>
                    <condition number="257" type="jump" coverage="0%" />
                  </conditions>
                </line>
                <line number="67" hits="0" branch="False" />
                <line number="69" hits="0" branch="False" />
                <line number="72" hits="0" branch="False" />
              </lines>
            </method>
            <method name="ValidateAndConvert" signature="(B3.Exchange.Instruments.InstrumentLoader/RawInstrument,System.Int32,System.String)" line-rate="0" branch-rate="0" complexity="122">
              <lines>
                <line number="113" hits="0" branch="True" condition-coverage="0% (0/2)">
                  <conditions>
                    <condition number="31" type="jump" coverage="0%" />
                  </conditions>
                </line>
                <line number="114" hits="0" branch="False" />
                <line number="115" hits="0" branch="True" condition-coverage="0% (0/4)">
                  <conditions>
                    <condition number="65" type="jump" coverage="0%" />
                    <condition number="84" type="jump" coverage="0%" />
                  </conditions>
                </line>
                <line number="116" hits="0" branch="False" />
                <line number="117" hits="0" branch="True" condition-coverage="0% (0/4)">
                  <conditions>
                    <condition number="118" type="jump" coverage="0%" />
                    <condition number="145" type="jump" coverage="0%" />
                  </conditions>
                </line>
                <line number="118" hits="0" branch="False" />
                <line number="119" hits="0" branch="True" condition-coverage="0% (0/2)">
                  <conditions>
                    <condition number="194" type="jump" coverage="0%" />
                  </conditions>
                </line>
                <line number="120" hits="0" branch="False" />
                <line number="121" hits="0" branch="True" condition-coverage="0% (0/4)">
                  <conditions>
                    <condition number="228" type="jump" coverage="0%" />
                    <condition number="249" type="jump" coverage="0%" />
                  </conditions>
                </line>
                <line number="122" hits="0" branch="False" />
                <line number="123" hits="0" branch="True" condition-coverage="0% (0/4)">
                  <conditions>
                    <condition number="283" type="jump" coverage="0%" />
                    <condition number="304" type="jump" coverage="0%" />
                  </conditions>
                </line>
                <line number="124" hits="0" branch="False" />
                <line number="125" hits="0" branch="True" condition-coverage="0% (0/6)">
                  <conditions>
                    <condition number="338" type="jump" coverage="0%" />
                    <condition number="363" type="jump" coverage="0%" />
                    <condition number="382" type="jump" coverage="0%" />
                  </conditions>
                </line>
                <line number="126" hits="0" branch="False" />
                <line number="127" hits="0" branch="True" condition-coverage="0% (0/4)">
                  <conditions>
                    <condition number="481" type="jump" coverage="0%" />
                    <condition number="500" type="jump" coverage="0%" />
                  </conditions>
                </line>
                <line number="128" hits="0" branch="False" />
                <line number="129" hits="0" branch="True" condition-coverage="0% (0/4)">
                  <conditions>
                    <condition number="534" type="jump" coverage="0%" />
                    <condition number="545" type="jump" coverage="0%" />
                  </conditions>
                </line>
                <line number="130" hits="0" branch="False" />
                <line number="131" hits="0" branch="True" condition-coverage="0% (0/4)">
                  <conditions>
                    <condition number="579" type="jump" coverage="0%" />
                    <condition number="598" type="jump" coverage="0%" />
                  </conditions>
                </line>
                <line number="132" hits="0" branch="False" />
                <line number="133" hits="0" branch="True" condition-coverage="0% (0/2)">
                  <conditions>
                    <condition number="628" type="jump" coverage="0%" />
                  </conditions>
                </line>
                <line number="134" hits="0" branch="False" />
                <line number="135" hits="0" branch="True" condition-coverage="0% (0/2)">
                  <conditions>
                    <condition number="658" type="jump" coverage="0%" />
                  </conditions>
                </line>
                <line number="136" hits="0" branch="False" />
                <line number="137" hits="0" branch="True" condition-coverage="0% (0/2)">
                  <conditions>
                    <condition number="688" type="jump" coverage="0%" />
                  </conditions>
                </line>
                <line number="138" hits="0" branch="False" />
                <line number="140" hits="0" branch="False" />
                <line number="141" hits="0" branch="False" />
                <line number="142" hits="0" branch="True" condition-coverage="0% (0/2)">
                  <conditions>
                    <condition number="730" type="jump" coverage="0%" />
                  </conditions>
                </line>
                <line number="144" hits="0" branch="True" condition-coverage="0% (0/2)">
                  <conditions>
                    <condition number="739" type="jump" coverage="0%" />
                  </conditions>
                </line>
                <line number="145" hits="0" branch="False" />
                <line number="146" hits="0" branch="True" condition-coverage="0% (0/2)">
                  <conditions>
                    <condition number="759" type="jump" coverage="0%" />
                  </conditions>
                </line>
                <line number="147" hits="0" branch="False" />
                <line number="149" hits="0" branch="True" condition-coverage="0% (0/4)">
                  <conditions>
                    <condition number="785" type="jump" coverage="0%" />
                    <condition number="795" type="jump" coverage="0%" />
                  </conditions>
                </line>
                <line number="151" hits="0" branch="False" />
                <line number="154" hits="0" branch="True" condition-coverage="0% (0/8)">
                  <conditions>
                    <condition number="829" type="jump" coverage="0%" />
                    <condition number="856" type="jump" coverage="0%" />
                    <condition number="860" type="jump" coverage="0%" />
                    <condition number="887" type="jump" coverage="0%" />
                  </conditions>
                </line>
                <line number="155" hits="0" branch="True" condition-coverage="0% (0/2)">
                  <conditions>
                    <condition number="892" type="jump" coverage="0%" />
                  </conditions>
                </line>
                <line number="156" hits="0" branch="True" condition-coverage="0% (0/4)">
                  <conditions>
                    <condition number="932" type="jump" coverage="0%" />
                    <condition number="959" type="jump" coverage="0%" />
                  </conditions>
                </line>
                <line number="157" hits="0" branch="False" />
                <line number="158" hits="0" branch="True" condition-coverage="0% (0/2)">
                  <conditions>
                    <condition number="1013" type="jump" coverage="0%" />
                  </conditions>
                </line>
                <line number="159" hits="0" branch="False" />
                <line number="161" hits="0" branch="True" condition-coverage="0% (0/2)">
                  <conditions>
                    <condition number="1169" type="jump" coverage="0%" />
                  </conditions>
                </line>
                <line number="162" hits="0" branch="False" />
                <line number="163" hits="0" branch="True" condition-coverage="0% (0/2)">
                  <conditions>
                    <condition number="1325" type="jump" coverage="0%" />
                  </conditions>
                </line>
                <line number="164" hits="0" branch="False" />
                <line number="165" hits="0" branch="True" condition-coverage="0% (0/2)">
                  <conditions>
                    <condition number="1451" type="jump" coverage="0%" />
                  </conditions>
                </line>
                <line number="167" hits="0" branch="True" condition-coverage="0% (0/4)">
                  <conditions>
                    <condition number="1487" type="jump" coverage="0%" />
                    <condition number="1511" type="jump" coverage="0%" />
                  </conditions>
                </line>
                <line number="168" hits="0" branch="False" />
                <line number="169" hits="0" branch="True" condition-coverage="0% (0/2)">
                  <conditions>
                    <condition number="1607" type="jump" coverage="0%" />
                  </conditions>
                </line>
                <line number="170" hits="0" branch="False" />
                <line number="172" hits="0" branch="True" condition-coverage="0% (0/2)">
                  <conditions>
                    <condition number="1720" type="jump" coverage="0%" />
                  </conditions>
                </line>
                <line number="174" hits="0" branch="True" condition-coverage="0% (0/4)">
                  <conditions>
                    <condition number="1756" type="jump" coverage="0%" />
                    <condition number="1780" type="jump" coverage="0%" />
                  </conditions>
                </line>
                <line number="175" hits="0" branch="False" />
                <line number="176" hits="0" branch="True" condition-coverage="0% (0/2)">
                  <conditions>
                    <condition number="1876" type="jump" coverage="0%" />
                  </conditions>
                </line>
                <line number="177" hits="0" branch="False" />
                <line number="180" hits="0" branch="False" />
                <line number="181" hits="0" branch="True" condition-coverage="0% (0/4)">
                  <conditions>
                    <condition number="1984" type="jump" coverage="0%" />
                    <condition number="1993" type="jump" coverage="0%" />
                  </conditions>
                </line>
                <line number="182" hits="0" branch="False" />
                <line number="184" hits="0" branch="False" />
                <line number="185" hits="0" branch="True" condition-coverage="0% (0/4)">
                  <conditions>
                    <condition number="2051" type="jump" coverage="0%" />
                    <condition number="2079" type="jump" coverage="0%" />
                  </conditions>
                </line>
                <line number="186" hits="0" branch="False" />
                <line number="188" hits="0" branch="False" />
                <line number="189" hits="0" branch="False" />
                <line number="190" hits="0" branch="False" />
                <line number="192" hits="0" branch="True" condition-coverage="0% (0/4)">
                  <conditions>
                    <condition number="2208" type="jump" coverage="0%" />
                    <condition number="2219" type="jump" coverage="0%" />
                  </conditions>
                </line>
                <line number="193" hits="0" branch="False" />
                <line number="194" hits="0" branch="True" condition-coverage="0% (0/4)">
                  <conditions>
                    <condition number="2240" type="jump" coverage="0%" />
                    <condition number="2257" type="jump" coverage="0%" />
                  </conditions>
                </line>
                <line number="195" hits="0" branch="False" />
                <line number="197" hits="0" branch="False" />
                <line number="198" hits="0" branch="True" condition-coverage="0% (0/4)">
                  <conditions>
                    <condition number="2291" type="jump" coverage="0%" />
                    <condition number="2295" type="jump" coverage="0%" />
                  </conditions>
                </line>
                <line number="199" hits="0" branch="False" />
                <line number="201" hits="0" branch="True" condition-coverage="0% (0/4)">
                  <conditions>
                    <condition number="2329" type="jump" coverage="0%" />
                    <condition number="2348" type="jump" coverage="0%" />
                  </conditions>
                </line>
                <line number="202" hits="0" branch="False" />
                <line number="203" hits="0" branch="True" condition-coverage="0% (0/4)">
                  <conditions>
                    <condition number="2369" type="jump" coverage="0%" />
                    <condition number="2386" type="jump" coverage="0%" />
                  </conditions>
                </line>
                <line number="204" hits="0" branch="False" />
                <line number="206" hits="0" branch="True" condition-coverage="0% (0/4)">
                  <conditions>
                    <condition number="2691" type="jump" coverage="0%" />
                    <condition number="2695" type="jump" coverage="0%" />
                  </conditions>
                </line>
                <line number="207" hits="0" branch="False" />
                <line number="208" hits="0" branch="False" />
                <line number="209" hits="0" branch="False" />
                <line number="210" hits="0" branch="False" />
                <line number="211" hits="0" branch="False" />
                <line number="212" hits="0" branch="False" />
                <line number="213" hits="0" branch="False" />
                <line number="214" hits="0" branch="False" />
                <line number="215" hits="0" branch="False" />
                <line number="216" hits="0" branch="False" />
                <line number="217" hits="0" branch="False" />
                <line number="218" hits="0" branch="False" />
                <line number="219" hits="0" branch="False" />
                <line number="220" hits="0" branch="False" />
                <line number="221" hits="0" branch="False" />
                <line number="222" hits="0" branch="False" />
                <line number="223" hits="0" branch="False" />
                <line number="224" hits="0" branch="False" />
                <line number="225" hits="0" branch="False" />
                <line number="226" hits="0" branch="False" />
                <line number="227" hits="0" branch="False" />
                <line number="228" hits="0" branch="False" />
                <line number="229" hits="0" branch="False" />
                <line number="230" hits="0" branch="False" />
              </lines>
            </method>
            <method name="&lt;ValidateAndConvert&gt;g__NormalizeOptionalText|4_1" signature="(System.String)" line-rate="0" branch-rate="0" complexity="2">
              <lines>
                <line number="80" hits="0" branch="True" condition-coverage="0% (0/2)">
                  <conditions>
                    <condition number="6" type="jump" coverage="0%" />
                  </conditions>
                </line>
              </lines>
            </method>
            <method name="&lt;ValidateAndConvert&gt;g__ParseEnum|4_2" signature="(System.String,System.String,System.Func`2&lt;System.String,System.String&gt;,System.Boolean)" line-rate="0" branch-rate="0" complexity="6">
              <lines>
                <line number="85" hits="0" branch="True" condition-coverage="0% (0/2)">
                  <conditions>
                    <condition number="6" type="jump" coverage="0%" />
                  </conditions>
                </line>
                <line number="87" hits="0" branch="True" condition-coverage="0% (0/2)">
                  <conditions>
                    <condition number="9" type="jump" coverage="0%" />
                  </conditions>
                </line>
                <line number="88" hits="0" branch="False" />
                <line number="89" hits="0" branch="False" />
                <line number="92" hits="0" branch="True" condition-coverage="0% (0/2)">
                  <conditions>
                    <condition number="53" type="jump" coverage="0%" />
                  </conditions>
                </line>
                <line number="93" hits="0" branch="False" />
                <line number="95" hits="0" branch="False" />
              </lines>
            </method>
            <method name="&lt;ValidateAndConvert&gt;g__ParseDateOnly|4_3" signature="(System.String,System.String,System.Func`2&lt;System.String,System.String&gt;,System.Boolean)" line-rate="0" branch-rate="0" complexity="6">
              <lines>
                <line number="100" hits="0" branch="True" condition-coverage="0% (0/2)">
                  <conditions>
                    <condition number="6" type="jump" coverage="0%" />
                  </conditions>
                </line>
                <line number="102" hits="0" branch="True" condition-coverage="0% (0/2)">
                  <conditions>
                    <condition number="9" type="jump" coverage="0%" />
                  </conditions>
                </line>
                <line number="103" hits="0" branch="False" />
                <line number="104" hits="0" branch="False" />
                <line number="107" hits="0" branch="True" condition-coverage="0% (0/2)">
                  <conditions>
                    <condition number="63" type="jump" coverage="0%" />
                  </conditions>
                </line>
                <line number="108" hits="0" branch="False" />
                <line number="110" hits="0" branch="False" />
              </lines>
            </method>
            <method name=".cctor" signature="()" line-rate="0" branch-rate="1" complexity="1">
              <lines>
                <line number="18" hits="0" branch="False" />
                <line number="19" hits="0" branch="False" />
                <line number="20" hits="0" branch="False" />
                <line number="21" hits="0" branch="False" />
                <line number="22" hits="0" branch="False" />
                <line number="23" hits="0" branch="False" />
                <line number="24" hits="0" branch="False" />
              </lines>
            </method>
          </methods>
          <lines>
            <line number="28" hits="0" branch="False" />
            <line number="29" hits="0" branch="False" />
            <line number="30" hits="0" branch="False" />
            <line number="34" hits="0" branch="False" />
            <line number="35" hits="0" branch="False" />
            <line number="36" hits="0" branch="False" />
            <line number="37" hits="0" branch="False" />
            <line number="44" hits="0" branch="False" />
            <line number="45" hits="0" branch="False" />
            <line number="46" hits="0" branch="False" />
            <line number="48" hits="0" branch="False" />
            <line number="51" hits="0" branch="True" condition-coverage="0% (0/2)">
              <conditions>
                <condition number="48" type="jump" coverage="0%" />
              </conditions>
            </line>
            <line number="52" hits="0" branch="False" />
            <line number="54" hits="0" branch="False" />
            <line number="55" hits="0" branch="False" />
            <line number="56" hits="0" branch="False" />
            <line number="58" hits="0" branch="True" condition-coverage="0% (0/2)">
              <conditions>
                <condition number="383" type="jump" coverage="0%" />
              </conditions>
            </line>
            <line number="60" hits="0" branch="False" />
            <line number="61" hits="0" branch="False" />
            <line number="63" hits="0" branch="True" condition-coverage="0% (0/2)">
              <conditions>
                <condition number="140" type="jump" coverage="0%" />
              </conditions>
            </line>
            <line number="64" hits="0" branch="False" />
            <line number="66" hits="0" branch="True" condition-coverage="0% (0/2)">
              <conditions>
                <condition number="257" type="jump" coverage="0%" />
              </conditions>
            </line>
            <line number="67" hits="0" branch="False" />
            <line number="69" hits="0" branch="False" />
            <line number="72" hits="0" branch="False" />
            <line number="113" hits="0" branch="True" condition-coverage="0% (0/2)">
              <conditions>
                <condition number="31" type="jump" coverage="0%" />
              </conditions>
            </line>
            <line number="114" hits="0" branch="False" />
            <line number="115" hits="0" branch="True" condition-coverage="0% (0/4)">
              <conditions>
                <condition number="65" type="jump" coverage="0%" />
                <condition number="84" type="jump" coverage="0%" />
              </conditions>
            </line>
            <line number="116" hits="0" branch="False" />
            <line number="117" hits="0" branch="True" condition-coverage="0% (0/4)">
              <conditions>
                <condition number="118" type="jump" coverage="0%" />
                <condition number="145" type="jump" coverage="0%" />
              </conditions>
            </line>
            <line number="118" hits="0" branch="False" />
            <line number="119" hits="0" branch="True" condition-coverage="0% (0/2)">
              <conditions>
                <condition number="194" type="jump" coverage="0%" />
              </conditions>
            </line>
            <line number="120" hits="0" branch="False" />
            <line number="121" hits="0" branch="True" condition-coverage="0% (0/4)">
              <conditions>
                <condition number="228" type="jump" coverage="0%" />
                <condition number="249" type="jump" coverage="0%" />
              </conditions>
            </line>
            <line number="122" hits="0" branch="False" />
            <line number="123" hits="0" branch="True" condition-coverage="0% (0/4)">
              <conditions>
                <condition number="283" type="jump" coverage="0%" />
                <condition number="304" type="jump" coverage="0%" />
              </conditions>
            </line>
            <line number="124" hits="0" branch="False" />
            <line number="125" hits="0" branch="True" condition-coverage="0% (0/6)">
              <conditions>
                <condition number="338" type="jump" coverage="0%" />
                <condition number="363" type="jump" coverage="0%" />
                <condition number="382" type="jump" coverage="0%" />
              </conditions>
            </line>
            <line number="126" hits="0" branch="False" />
            <line number="127" hits="0" branch="True" condition-coverage="0% (0/4)">
              <conditions>
                <condition number="481" type="jump" coverage="0%" />
                <condition number="500" type="jump" coverage="0%" />
              </conditions>
            </line>
            <line number="128" hits="0" branch="False" />
            <line number="129" hits="0" branch="True" condition-coverage="0% (0/4)">
              <conditions>
                <condition number="534" type="jump" coverage="0%" />
                <condition number="545" type="jump" coverage="0%" />
              </conditions>
            </line>
            <line number="130" hits="0" branch="False" />
            <line number="131" hits="0" branch="True" condition-coverage="0% (0/4)">
              <conditions>
                <condition number="579" type="jump" coverage="0%" />
                <condition number="598" type="jump" coverage="0%" />
              </conditions>
            </line>
            <line number="132" hits="0" branch="False" />
            <line number="133" hits="0" branch="True" condition-coverage="0% (0/2)">
              <conditions>
                <condition number="628" type="jump" coverage="0%" />
              </conditions>
            </line>
            <line number="134" hits="0" branch="False" />
            <line number="135" hits="0" branch="True" condition-coverage="0% (0/2)">
              <conditions>
                <condition number="658" type="jump" coverage="0%" />
              </conditions>
            </line>
            <line number="136" hits="0" branch="False" />
            <line number="137" hits="0" branch="True" condition-coverage="0% (0/2)">
              <conditions>
                <condition number="688" type="jump" coverage="0%" />
              </conditions>
            </line>
            <line number="138" hits="0" branch="False" />
            <line number="140" hits="0" branch="False" />
            <line number="141" hits="0" branch="False" />
            <line number="142" hits="0" branch="True" condition-coverage="0% (0/2)">
              <conditions>
                <condition number="730" type="jump" coverage="0%" />
              </conditions>
            </line>
            <line number="144" hits="0" branch="True" condition-coverage="0% (0/2)">
              <conditions>
                <condition number="739" type="jump" coverage="0%" />
              </conditions>
            </line>
            <line number="145" hits="0" branch="False" />
            <line number="146" hits="0" branch="True" condition-coverage="0% (0/2)">
              <conditions>
                <condition number="759" type="jump" coverage="0%" />
              </conditions>
            </line>
            <line number="147" hits="0" branch="False" />
            <line number="149" hits="0" branch="True" condition-coverage="0% (0/4)">
              <conditions>
                <condition number="785" type="jump" coverage="0%" />
                <condition number="795" type="jump" coverage="0%" />
              </conditions>
            </line>
            <line number="151" hits="0" branch="False" />
            <line number="154" hits="0" branch="True" condition-coverage="0% (0/8)">
              <conditions>
                <condition number="829" type="jump" coverage="0%" />
                <condition number="856" type="jump" coverage="0%" />
                <condition number="860" type="jump" coverage="0%" />
                <condition number="887" type="jump" coverage="0%" />
              </conditions>
            </line>
            <line number="155" hits="0" branch="True" condition-coverage="0% (0/2)">
              <conditions>
                <condition number="892" type="jump" coverage="0%" />
              </conditions>
            </line>
            <line number="156" hits="0" branch="True" condition-coverage="0% (0/4)">
              <conditions>
                <condition number="932" type="jump" coverage="0%" />
                <condition number="959" type="jump" coverage="0%" />
              </conditions>
            </line>
            <line number="157" hits="0" branch="False" />
            <line number="158" hits="0" branch="True" condition-coverage="0% (0/2)">
              <conditions>
                <condition number="1013" type="jump" coverage="0%" />
              </conditions>
            </line>
            <line number="159" hits="0" branch="False" />
            <line number="161" hits="0" branch="True" condition-coverage="0% (0/2)">
              <conditions>
                <condition number="1169" type="jump" coverage="0%" />
              </conditions>
            </line>
            <line number="162" hits="0" branch="False" />
            <line number="163" hits="0" branch="True" condition-coverage="0% (0/2)">
              <conditions>
                <condition number="1325" type="jump" coverage="0%" />
              </conditions>
            </line>
            <line number="164" hits="0" branch="False" />
            <line number="165" hits="0" branch="True" condition-coverage="0% (0/2)">
              <conditions>
                <condition number="1451" type="jump" coverage="0%" />
              </conditions>
            </line>
            <line number="167" hits="0" branch="True" condition-coverage="0% (0/4)">
              <conditions>
                <condition number="1487" type="jump" coverage="0%" />
                <condition number="1511" type="jump" coverage="0%" />
              </conditions>
            </line>
            <line number="168" hits="0" branch="False" />
            <line number="169" hits="0" branch="True" condition-coverage="0% (0/2)">
              <conditions>
                <condition number="1607" type="jump" coverage="0%" />
              </conditions>
            </line>
            <line number="170" hits="0" branch="False" />
            <line number="172" hits="0" branch="True" condition-coverage="0% (0/2)">
              <conditions>
                <condition number="1720" type="jump" coverage="0%" />
              </conditions>
            </line>
            <line number="174" hits="0" branch="True" condition-coverage="0% (0/4)">
              <conditions>
                <condition number="1756" type="jump" coverage="0%" />
                <condition number="1780" type="jump" coverage="0%" />
              </conditions>
            </line>
            <line number="175" hits="0" branch="False" />
            <line number="176" hits="0" branch="True" condition-coverage="0% (0/2)">
              <conditions>
                <condition number="1876" type="jump" coverage="0%" />
              </conditions>
            </line>
            <line number="177" hits="0" branch="False" />
            <line number="180" hits="0" branch="False" />
            <line number="181" hits="0" branch="True" condition-coverage="0% (0/4)">
              <conditions>
                <condition number="1984" type="jump" coverage="0%" />
                <condition number="1993" type="jump" coverage="0%" />
              </conditions>
            </line>
            <line number="182" hits="0" branch="False" />
            <line number="184" hits="0" branch="False" />
            <line number="185" hits="0" branch="True" condition-coverage="0% (0/4)">
              <conditions>
                <condition number="2051" type="jump" coverage="0%" />
                <condition number="2079" type="jump" coverage="0%" />
              </conditions>
            </line>
            <line number="186" hits="0" branch="False" />
            <line number="188" hits="0" branch="False" />
            <line number="189" hits="0" branch="False" />
            <line number="190" hits="0" branch="False" />
            <line number="192" hits="0" branch="True" condition-coverage="0% (0/4)">
              <conditions>
                <condition number="2208" type="jump" coverage="0%" />
                <condition number="2219" type="jump" coverage="0%" />
              </conditions>
            </line>
            <line number="193" hits="0" branch="False" />
            <line number="194" hits="0" branch="True" condition-coverage="0% (0/4)">
              <conditions>
                <condition number="2240" type="jump" coverage="0%" />
                <condition number="2257" type="jump" coverage="0%" />
              </conditions>
            </line>
            <line number="195" hits="0" branch="False" />
            <line number="197" hits="0" branch="False" />
            <line number="198" hits="0" branch="True" condition-coverage="0% (0/4)">
              <conditions>
                <condition number="2291" type="jump" coverage="0%" />
                <condition number="2295" type="jump" coverage="0%" />
              </conditions>
            </line>
            <line number="199" hits="0" branch="False" />
            <line number="201" hits="0" branch="True" condition-coverage="0% (0/4)">
              <conditions>
                <condition number="2329" type="jump" coverage="0%" />
                <condition number="2348" type="jump" coverage="0%" />
              </conditions>
            </line>
            <line number="202" hits="0" branch="False" />
            <line number="203" hits="0" branch="True" condition-coverage="0% (0/4)">
              <conditions>
                <condition number="2369" type="jump" coverage="0%" />
                <condition number="2386" type="jump" coverage="0%" />
              </conditions>
            </line>
            <line number="204" hits="0" branch="False" />
            <line number="206" hits="0" branch="True" condition-coverage="0% (0/4)">
              <conditions>
                <condition number="2691" type="jump" coverage="0%" />
                <condition number="2695" type="jump" coverage="0%" />
              </conditions>
            </line>
            <line number="207" hits="0" branch="False" />
            <line number="208" hits="0" branch="False" />
            <line number="209" hits="0" branch="False" />
            <line number="210" hits="0" branch="False" />
            <line number="211" hits="0" branch="False" />
            <line number="212" hits="0" branch="False" />
            <line number="213" hits="0" branch="False" />
            <line number="214" hits="0" branch="False" />
            <line number="215" hits="0" branch="False" />
            <line number="216" hits="0" branch="False" />
            <line number="217" hits="0" branch="False" />
            <line number="218" hits="0" branch="False" />
            <line number="219" hits="0" branch="False" />
            <line number="220" hits="0" branch="False" />
            <line number="221" hits="0" branch="False" />
            <line number="222" hits="0" branch="False" />
            <line number="223" hits="0" branch="False" />
            <line number="224" hits="0" branch="False" />
            <line number="225" hits="0" branch="False" />
            <line number="226" hits="0" branch="False" />
            <line number="227" hits="0" branch="False" />
            <line number="228" hits="0" branch="False" />
            <line number="229" hits="0" branch="False" />
            <line number="230" hits="0" branch="False" />
            <line number="80" hits="0" branch="True" condition-coverage="0% (0/2)">
              <conditions>
                <condition number="6" type="jump" coverage="0%" />
              </conditions>
            </line>
            <line number="85" hits="0" branch="True" condition-coverage="0% (0/2)">
              <conditions>
                <condition number="6" type="jump" coverage="0%" />
              </conditions>
            </line>
            <line number="87" hits="0" branch="True" condition-coverage="0% (0/2)">
              <conditions>
                <condition number="9" type="jump" coverage="0%" />
              </conditions>
            </line>
            <line number="88" hits="0" branch="False" />
            <line number="89" hits="0" branch="False" />
            <line number="92" hits="0" branch="True" condition-coverage="0% (0/2)">
              <conditions>
                <condition number="53" type="jump" coverage="0%" />
              </conditions>
            </line>
            <line number="93" hits="0" branch="False" />
            <line number="95" hits="0" branch="False" />
            <line number="100" hits="0" branch="True" condition-coverage="0% (0/2)">
              <conditions>
                <condition number="6" type="jump" coverage="0%" />
              </conditions>
            </line>
            <line number="102" hits="0" branch="True" condition-coverage="0% (0/2)">
              <conditions>
                <condition number="9" type="jump" coverage="0%" />
              </conditions>
            </line>
            <line number="103" hits="0" branch="False" />
            <line number="104" hits="0" branch="False" />
            <line number="107" hits="0" branch="True" condition-coverage="0% (0/2)">
              <conditions>
                <condition number="63" type="jump" coverage="0%" />
              </conditions>
            </line>
            <line number="108" hits="0" branch="False" />
            <line number="110" hits="0" branch="False" />
            <line number="18" hits="0" branch="False" />
            <line number="19" hits="0" branch="False" />
            <line number="20" hits="0" branch="False" />
            <line number="21" hits="0" branch="False" />
            <line number="22" hits="0" branch="False" />
            <line number="23" hits="0" branch="False" />
            <line number="24" hits="0" branch="False" />
          </lines>
        </class>
        <class name="B3.Exchange.Instruments.InstrumentLoader/RawInstrument" filename="B3.Exchange.Instruments/InstrumentLoader.cs" line-rate="0" branch-rate="1" complexity="22">
          <methods>
            <method name="get_Symbol" signature="()" line-rate="0" branch-rate="1" complexity="1">
              <lines>
                <line number="235" hits="0" branch="False" />
              </lines>
            </method>
            <method name="get_SecurityId" signature="()" line-rate="0" branch-rate="1" complexity="1">
              <lines>
                <line number="236" hits="0" branch="False" />
              </lines>
            </method>
            <method name="get_TickSize" signature="()" line-rate="0" branch-rate="1" complexity="1">
              <lines>
                <line number="237" hits="0" branch="False" />
              </lines>
            </method>
            <method name="get_LotSize" signature="()" line-rate="0" branch-rate="1" complexity="1">
              <lines>
                <line number="238" hits="0" branch="False" />
              </lines>
            </method>
            <method name="get_MinPrice" signature="()" line-rate="0" branch-rate="1" complexity="1">
              <lines>
                <line number="239" hits="0" branch="False" />
              </lines>
            </method>
            <method name="get_MaxPrice" signature="()" line-rate="0" branch-rate="1" complexity="1">
              <lines>
                <line number="240" hits="0" branch="False" />
              </lines>
            </method>
            <method name="get_LowerPriceBand" signature="()" line-rate="0" branch-rate="1" complexity="1">
              <lines>
                <line number="241" hits="0" branch="False" />
              </lines>
            </method>
            <method name="get_UpperPriceBand" signature="()" line-rate="0" branch-rate="1" complexity="1">
              <lines>
                <line number="242" hits="0" branch="False" />
              </lines>
            </method>
            <method name="get_AuctionCollarPercent" signature="()" line-rate="0" branch-rate="1" complexity="1">
              <lines>
                <line number="243" hits="0" branch="False" />
              </lines>
            </method>
            <method name="get_MaxOrderQty" signature="()" line-rate="0" branch-rate="1" complexity="1">
              <lines>
                <line number="244" hits="0" branch="False" />
              </lines>
            </method>
            <method name="get_MaxOrderValue" signature="()" line-rate="0" branch-rate="1" complexity="1">
              <lines>
                <line number="245" hits="0" branch="False" />
              </lines>
            </method>
            <method name="get_Currency" signature="()" line-rate="0" branch-rate="1" complexity="1">
              <lines>
                <line number="246" hits="0" branch="False" />
              </lines>
            </method>
            <method name="get_Isin" signature="()" line-rate="0" branch-rate="1" complexity="1">
              <lines>
                <line number="247" hits="0" branch="False" />
              </lines>
            </method>
            <method name="get_SecurityType" signature="()" line-rate="0" branch-rate="1" complexity="1">
              <lines>
                <line number="248" hits="0" branch="False" />
              </lines>
            </method>
            <method name="get_StrikePrice" signature="()" line-rate="0" branch-rate="1" complexity="1">
              <lines>
                <line number="249" hits="0" branch="False" />
              </lines>
            </method>
            <method name="get_ExpirationDate" signature="()" line-rate="0" branch-rate="1" complexity="1">
              <lines>
                <line number="250" hits="0" branch="False" />
              </lines>
            </method>
            <method name="get_PutOrCall" signature="()" line-rate="0" branch-rate="1" complexity="1">
              <lines>
                <line number="251" hits="0" branch="False" />
              </lines>
            </method>
            <method name="get_ExerciseStyle" signature="()" line-rate="0" branch-rate="1" complexity="1">
              <lines>
                <line number="252" hits="0" branch="False" />
              </lines>
            </method>
            <method name="get_UnderlyingSecurityId" signature="()" line-rate="0" branch-rate="1" complexity="1">
              <lines>
                <line number="253" hits="0" branch="False" />
              </lines>
            </method>
            <method name="get_UnderlyingSymbol" signature="()" line-rate="0" branch-rate="1" complexity="1">
              <lines>
                <line number="254" hits="0" branch="False" />
              </lines>
            </method>
            <method name="get_ContractMultiplier" signature="()" line-rate="0" branch-rate="1" complexity="1">
              <lines>
                <line number="255" hits="0" branch="False" />
              </lines>
            </method>
            <method name="get_OptPayoutType" signature="()" line-rate="0" branch-rate="1" complexity="1">
              <lines>
                <line number="256" hits="0" branch="False" />
              </lines>
            </method>
          </methods>
          <lines>
            <line number="235" hits="0" branch="False" />
            <line number="236" hits="0" branch="False" />
            <line number="237" hits="0" branch="False" />
            <line number="238" hits="0" branch="False" />
            <line number="239" hits="0" branch="False" />
            <line number="240" hits="0" branch="False" />
            <line number="241" hits="0" branch="False" />
            <line number="242" hits="0" branch="False" />
            <line number="243" hits="0" branch="False" />
            <line number="244" hits="0" branch="False" />
            <line number="245" hits="0" branch="False" />
            <line number="246" hits="0" branch="False" />
            <line number="247" hits="0" branch="False" />
            <line number="248" hits="0" branch="False" />
            <line number="249" hits="0" branch="False" />
            <line number="250" hits="0" branch="False" />
            <line number="251" hits="0" branch="False" />
            <line number="252" hits="0" branch="False" />
            <line number="253" hits="0" branch="False" />
            <line number="254" hits="0" branch="False" />
            <line number="255" hits="0" branch="False" />
            <line number="256" hits="0" branch="False" />
          </lines>
        </class>
        <class name="B3.Exchange.Instruments.InstrumentLoader/FlexibleDecimalConverter" filename="B3.Exchange.Instruments/InstrumentLoader.cs" line-rate="0" branch-rate="0" complexity="12">
          <methods>
            <method name="Read" signature="(System.Text.Json.Utf8JsonReader&amp;,System.Type,System.Text.Json.JsonSerializerOptions)" line-rate="0" branch-rate="0" complexity="10">
              <lines>
                <line number="267" hits="0" branch="True" condition-coverage="0% (0/6)">
                  <conditions>
                    <condition number="10" type="switch" coverage="0%" />
                  </conditions>
                </line>
                <line number="270" hits="0" branch="False" />
                <line number="272" hits="0" branch="False" />
                <line number="275" hits="0" branch="False" />
                <line number="276" hits="0" branch="True" condition-coverage="0% (0/2)">
                  <conditions>
                    <condition number="72" type="jump" coverage="0%" />
                  </conditions>
                </line>
                <line number="277" hits="0" branch="True" condition-coverage="0% (0/2)">
                  <conditions>
                    <condition number="99" type="jump" coverage="0%" />
                  </conditions>
                </line>
                <line number="278" hits="0" branch="False" />
                <line number="279" hits="0" branch="False" />
                <line number="282" hits="0" branch="False" />
              </lines>
            </method>
            <method name="Write" signature="(System.Text.Json.Utf8JsonWriter,System.Nullable`1&lt;System.Decimal&gt;,System.Text.Json.JsonSerializerOptions)" line-rate="0" branch-rate="0" complexity="2">
              <lines>
                <line number="288" hits="0" branch="True" condition-coverage="0% (0/2)">
                  <conditions>
                    <condition number="7" type="jump" coverage="0%" />
                  </conditions>
                </line>
                <line number="289" hits="0" branch="False" />
                <line number="290" hits="0" branch="False" />
              </lines>
            </method>
          </methods>
          <lines>
            <line number="267" hits="0" branch="True" condition-coverage="0% (0/6)">
              <conditions>
                <condition number="10" type="switch" coverage="0%" />
              </conditions>
            </line>
            <line number="270" hits="0" branch="False" />
            <line number="272" hits="0" branch="False" />
            <line number="275" hits="0" branch="False" />
            <line number="276" hits="0" branch="True" condition-coverage="0% (0/2)">
              <conditions>
                <condition number="72" type="jump" coverage="0%" />
              </conditions>
            </line>
            <line number="277" hits="0" branch="True" condition-coverage="0% (0/2)">
              <conditions>
                <condition number="99" type="jump" coverage="0%" />
              </conditions>
            </line>
            <line number="278" hits="0" branch="False" />
            <line number="279" hits="0" branch="False" />
            <line number="282" hits="0" branch="False" />
            <line number="288" hits="0" branch="True" condition-coverage="0% (0/2)">
              <conditions>
                <condition number="7" type="jump" coverage="0%" />
              </conditions>
            </line>
            <line number="289" hits="0" branch="False" />
            <line number="290" hits="0" branch="False" />
          </lines>
        </class>
        <class name="B3.Exchange.Instruments.InstrumentLoader/&lt;&gt;c__DisplayClass4_0" filename="B3.Exchange.Instruments/InstrumentLoader.cs" line-rate="0" branch-rate="1" complexity="1">
          <methods>
            <method name="&lt;ValidateAndConvert&gt;g__Where|0" signature="(System.String)" line-rate="0" branch-rate="1" complexity="1">
              <lines>
                <line number="77" hits="0" branch="False" />
              </lines>
            </method>
          </methods>
          <lines>
            <line number="77" hits="0" branch="False" />
          </lines>
        </class>
        <class name="B3.Exchange.Instruments.InstrumentConfigException" filename="B3.Exchange.Instruments/InstrumentLoader.cs" line-rate="0" branch-rate="1" complexity="2">
          <methods>
            <method name=".ctor" signature="(System.String)" line-rate="0" branch-rate="1" complexity="1">
              <lines>
                <line number="296" hits="0" branch="False" />
              </lines>
            </method>
            <method name=".ctor" signature="(System.String,System.Exception)" line-rate="0" branch-rate="1" complexity="1">
              <lines>
                <line number="297" hits="0" branch="False" />
              </lines>
            </method>
          </methods>
          <lines>
            <line number="296" hits="0" branch="False" />
            <line number="297" hits="0" branch="False" />
          </lines>
        </class>
        <class name="B3.Exchange.Instruments.InstrumentSecurityTypes" filename="B3.Exchange.Instruments/InstrumentSecurityTypes.cs" line-rate="1" branch-rate="0.7" complexity="10">
          <methods>
            <method name="IsOption" signature="(System.String)" line-rate="1" branch-rate="0.7" complexity="10">
              <lines>
                <line number="7" hits="222" branch="False" />
                <line number="9" hits="222" branch="True" condition-coverage="70% (7/10)">
                  <conditions>
                    <condition number="29" type="jump" coverage="100%" />
                    <condition number="42" type="jump" coverage="50%" />
                    <condition number="55" type="jump" coverage="50%" />
                    <condition number="68" type="jump" coverage="50%" />
                    <condition number="81" type="jump" coverage="100%" />
                  </conditions>
                </line>
                <line number="10" hits="222" branch="False" />
                <line number="11" hits="1" branch="False" />
                <line number="12" hits="221" branch="False" />
                <line number="13" hits="222" branch="False" />
              </lines>
            </method>
          </methods>
          <lines>
            <line number="7" hits="222" branch="False" />
            <line number="9" hits="222" branch="True" condition-coverage="70% (7/10)">
              <conditions>
                <condition number="29" type="jump" coverage="100%" />
                <condition number="42" type="jump" coverage="50%" />
                <condition number="55" type="jump" coverage="50%" />
                <condition number="68" type="jump" coverage="50%" />
                <condition number="81" type="jump" coverage="100%" />
              </conditions>
            </line>
            <line number="10" hits="222" branch="False" />
            <line number="11" hits="1" branch="False" />
            <line number="12" hits="221" branch="False" />
            <line number="13" hits="222" branch="False" />
          </lines>
        </class>
      </classes>
    </package>
    <package name="B3.Exchange.Matching" line-rate="0.8065000000000001" branch-rate="0.8423" complexity="1138">
      <classes>
        <class name="B3.Exchange.Matching.NewOrderCommand" filename="B3.Exchange.Matching/Commands.cs" line-rate="1" branch-rate="1" complexity="20">
          <methods>
            <method name="get_ClOrdId" signature="()" line-rate="1" branch-rate="1" complexity="1">
              <lines>
                <line number="207" hits="637" branch="False" />
              </lines>
            </method>
            <method name="get_SecurityId" signature="()" line-rate="1" branch-rate="1" complexity="1">
              <lines>
                <line number="208" hits="1750" branch="False" />
              </lines>
            </method>
            <method name="get_Side" signature="()" line-rate="1" branch-rate="1" complexity="1">
              <lines>
                <line number="209" hits="783" branch="False" />
              </lines>
            </method>
            <method name="get_Type" signature="()" line-rate="1" branch-rate="1" complexity="1">
              <lines>
                <line number="210" hits="2115" branch="False" />
              </lines>
            </method>
            <method name="get_Tif" signature="()" line-rate="1" branch-rate="1" complexity="1">
              <lines>
                <line number="211" hits="1690" branch="False" />
              </lines>
            </method>
            <method name="get_PriceMantissa" signature="()" line-rate="1" branch-rate="1" complexity="1">
              <lines>
                <line number="212" hits="2405" branch="False" />
              </lines>
            </method>
            <method name="get_Quantity" signature="()" line-rate="1" branch-rate="1" complexity="1">
              <lines>
                <line number="213" hits="1306" branch="False" />
              </lines>
            </method>
            <method name="get_EnteringFirm" signature="()" line-rate="1" branch-rate="1" complexity="1">
              <lines>
                <line number="214" hits="411" branch="False" />
              </lines>
            </method>
            <method name="get_EnteredAtNanos" signature="()" line-rate="1" branch-rate="1" complexity="1">
              <lines>
                <line number="215" hits="969" branch="False" />
              </lines>
            </method>
            <method name="get_OrdTagId" signature="()" line-rate="1" branch-rate="1" complexity="1">
              <lines>
                <line number="217" hits="294" branch="False" />
              </lines>
            </method>
            <method name="get_Asset" signature="()" line-rate="1" branch-rate="1" complexity="1">
              <lines>
                <line number="218" hits="268" branch="False" />
              </lines>
            </method>
            <method name="get_InvestorId" signature="()" line-rate="1" branch-rate="1" complexity="1">
              <lines>
                <line number="219" hits="297" branch="False" />
              </lines>
            </method>
            <method name="get_ExpireDate" signature="()" line-rate="1" branch-rate="1" complexity="1">
              <lines>
                <line number="232" hits="616" branch="False" />
              </lines>
            </method>
            <method name="get_MinQty" signature="()" line-rate="1" branch-rate="1" complexity="1">
              <lines>
                <line number="243" hits="648" branch="False" />
              </lines>
            </method>
            <method name="get_MaxFloor" signature="()" line-rate="1" branch-rate="1" complexity="1">
              <lines>
                <line number="262" hits="890" branch="False" />
              </lines>
            </method>
            <method name="get_StopPxMantissa" signature="()" line-rate="1" branch-rate="1" complexity="1">
              <lines>
                <line number="273" hits="121" branch="False" />
              </lines>
            </method>
            <method name="get_UnsupportedOrderCharacteristic" signature="()" line-rate="1" branch-rate="1" complexity="1">
              <lines>
                <line number="275" hits="344" branch="False" />
              </lines>
            </method>
            <method name="get_PreTradeRejectReason" signature="()" line-rate="1" branch-rate="1" complexity="1">
              <lines>
                <line number="277" hits="344" branch="False" />
              </lines>
            </method>
            <method name="get_Memo" signature="()" line-rate="1" branch-rate="1" complexity="1">
              <lines>
                <line number="279" hits="1004" branch="False" />
              </lines>
            </method>
            <method name=".ctor" signature="(System.String,System.Int64,B3.Exchange.Matching.Side,B3.Exchange.Matching.OrderType,B3.Exchange.Matching.TimeInForce,System.Int64,System.Int64,System.UInt32,System.UInt64)" line-rate="1" branch-rate="1" complexity="1">
              <lines>
                <line number="206" hits="362" branch="False" />
              </lines>
            </method>
          </methods>
          <lines>
            <line number="207" hits="637" branch="False" />
            <line number="208" hits="1750" branch="False" />
            <line number="209" hits="783" branch="False" />
            <line number="210" hits="2115" branch="False" />
            <line number="211" hits="1690" branch="False" />
            <line number="212" hits="2405" branch="False" />
            <line number="213" hits="1306" branch="False" />
            <line number="214" hits="411" branch="False" />
            <line number="215" hits="969" branch="False" />
            <line number="217" hits="294" branch="False" />
            <line number="218" hits="268" branch="False" />
            <line number="219" hits="297" branch="False" />
            <line number="232" hits="616" branch="False" />
            <line number="243" hits="648" branch="False" />
            <line number="262" hits="890" branch="False" />
            <line number="273" hits="121" branch="False" />
            <line number="275" hits="344" branch="False" />
            <line number="277" hits="344" branch="False" />
            <line number="279" hits="1004" branch="False" />
            <line number="206" hits="362" branch="False" />
          </lines>
        </class>
        <class name="B3.Exchange.Matching.CancelOrderCommand" filename="B3.Exchange.Matching/Commands.cs" line-rate="1" branch-rate="1" complexity="6">
          <methods>
            <method name="get_ClOrdId" signature="()" line-rate="1" branch-rate="1" complexity="1">
              <lines>
                <line number="283" hits="1" branch="False" />
              </lines>
            </method>
            <method name="get_SecurityId" signature="()" line-rate="1" branch-rate="1" complexity="1">
              <lines>
                <line number="284" hits="20" branch="False" />
              </lines>
            </method>
            <method name="get_OrderId" signature="()" line-rate="1" branch-rate="1" complexity="1">
              <lines>
                <line number="285" hits="19" branch="False" />
              </lines>
            </method>
            <method name="get_EnteredAtNanos" signature="()" line-rate="1" branch-rate="1" complexity="1">
              <lines>
                <line number="286" hits="26" branch="False" />
              </lines>
            </method>
            <method name="get_Memo" signature="()" line-rate="1" branch-rate="1" complexity="1">
              <lines>
                <line number="288" hits="28" branch="False" />
              </lines>
            </method>
            <method name=".ctor" signature="(System.String,System.Int64,System.Int64,System.UInt64)" line-rate="1" branch-rate="1" complexity="1">
              <lines>
                <line number="282" hits="10" branch="False" />
              </lines>
            </method>
          </methods>
          <lines>
            <line number="283" hits="1" branch="False" />
            <line number="284" hits="20" branch="False" />
            <line number="285" hits="19" branch="False" />
            <line number="286" hits="26" branch="False" />
            <line number="288" hits="28" branch="False" />
            <line number="282" hits="10" branch="False" />
          </lines>
        </class>
        <class name="B3.Exchange.Matching.ReplaceOrderCommand" filename="B3.Exchange.Matching/Commands.cs" line-rate="1" branch-rate="1" complexity="15">
          <methods>
            <method name="get_ClOrdId" signature="()" line-rate="1" branch-rate="1" complexity="1">
              <lines>
                <line number="304" hits="24" branch="False" />
              </lines>
            </method>
            <method name="get_SecurityId" signature="()" line-rate="1" branch-rate="1" complexity="1">
              <lines>
                <line number="305" hits="176" branch="False" />
              </lines>
            </method>
            <method name="get_OrderId" signature="()" line-rate="1" branch-rate="1" complexity="1">
              <lines>
                <line number="306" hits="43" branch="False" />
              </lines>
            </method>
            <method name="get_NewPriceMantissa" signature="()" line-rate="1" branch-rate="1" complexity="1">
              <lines>
                <line number="307" hits="173" branch="False" />
              </lines>
            </method>
            <method name="get_NewQuantity" signature="()" line-rate="1" branch-rate="1" complexity="1">
              <lines>
                <line number="308" hits="134" branch="False" />
              </lines>
            </method>
            <method name="get_EnteredAtNanos" signature="()" line-rate="1" branch-rate="1" complexity="1">
              <lines>
                <line number="309" hits="92" branch="False" />
              </lines>
            </method>
            <method name="get_NewOrdType" signature="()" line-rate="1" branch-rate="1" complexity="1">
              <lines>
                <line number="318" hits="31" branch="False" />
              </lines>
            </method>
            <method name="get_NewTif" signature="()" line-rate="1" branch-rate="1" complexity="1">
              <lines>
                <line number="325" hits="40" branch="False" />
              </lines>
            </method>
            <method name="get_NewInvestorId" signature="()" line-rate="1" branch-rate="1" complexity="1">
              <lines>
                <line number="336" hits="22" branch="False" />
              </lines>
            </method>
            <method name="get_NewExpireDate" signature="()" line-rate="1" branch-rate="1" complexity="1">
              <lines>
                <line number="348" hits="36" branch="False" />
              </lines>
            </method>
            <method name="get_CurrentMarketDate" signature="()" line-rate="1" branch-rate="1" complexity="1">
              <lines>
                <line number="359" hits="11" branch="False" />
              </lines>
            </method>
            <method name="get_UnsupportedOrderCharacteristic" signature="()" line-rate="1" branch-rate="1" complexity="1">
              <lines>
                <line number="361" hits="32" branch="False" />
              </lines>
            </method>
            <method name="get_PreTradeRejectReason" signature="()" line-rate="1" branch-rate="1" complexity="1">
              <lines>
                <line number="363" hits="32" branch="False" />
              </lines>
            </method>
            <method name="get_Memo" signature="()" line-rate="1" branch-rate="1" complexity="1">
              <lines>
                <line number="365" hits="104" branch="False" />
              </lines>
            </method>
            <method name=".ctor" signature="(System.String,System.Int64,System.Int64,System.Int64,System.Int64,System.UInt64)" line-rate="1" branch-rate="1" complexity="1">
              <lines>
                <line number="303" hits="32" branch="False" />
              </lines>
            </method>
          </methods>
          <lines>
            <line number="304" hits="24" branch="False" />
            <line number="305" hits="176" branch="False" />
            <line number="306" hits="43" branch="False" />
            <line number="307" hits="173" branch="False" />
            <line number="308" hits="134" branch="False" />
            <line number="309" hits="92" branch="False" />
            <line number="318" hits="31" branch="False" />
            <line number="325" hits="40" branch="False" />
            <line number="336" hits="22" branch="False" />
            <line number="348" hits="36" branch="False" />
            <line number="359" hits="11" branch="False" />
            <line number="361" hits="32" branch="False" />
            <line number="363" hits="32" branch="False" />
            <line number="365" hits="104" branch="False" />
            <line number="303" hits="32" branch="False" />
          </lines>
        </class>
        <class name="B3.Exchange.Matching.CrossOrderCommand" filename="B3.Exchange.Matching/Commands.cs" line-rate="0" branch-rate="1" complexity="9">
          <methods>
            <method name="get_Buy" signature="()" line-rate="0" branch-rate="1" complexity="1">
              <lines>
                <line number="382" hits="0" branch="False" />
              </lines>
            </method>
            <method name="get_Sell" signature="()" line-rate="0" branch-rate="1" complexity="1">
              <lines>
                <line number="383" hits="0" branch="False" />
              </lines>
            </method>
            <method name="get_BuyClOrdIdValue" signature="()" line-rate="0" branch-rate="1" complexity="1">
              <lines>
                <line number="384" hits="0" branch="False" />
              </lines>
            </method>
            <method name="get_SellClOrdIdValue" signature="()" line-rate="0" branch-rate="1" complexity="1">
              <lines>
                <line number="385" hits="0" branch="False" />
              </lines>
            </method>
            <method name="get_CrossId" signature="()" line-rate="0" branch-rate="1" complexity="1">
              <lines>
                <line number="386" hits="0" branch="False" />
              </lines>
            </method>
            <method name="get_CrossType" signature="()" line-rate="0" branch-rate="1" complexity="1">
              <lines>
                <line number="394" hits="0" branch="False" />
              </lines>
            </method>
            <method name="get_CrossPrioritization" signature="()" line-rate="0" branch-rate="1" complexity="1">
              <lines>
                <line number="402" hits="0" branch="False" />
              </lines>
            </method>
            <method name="get_MaxSweepQty" signature="()" line-rate="0" branch-rate="1" complexity="1">
              <lines>
                <line number="410" hits="0" branch="False" />
              </lines>
            </method>
            <method name=".ctor" signature="(B3.Exchange.Matching.NewOrderCommand,B3.Exchange.Matching.NewOrderCommand,System.UInt64,System.UInt64,System.UInt64)" line-rate="0" branch-rate="1" complexity="1">
              <lines>
                <line number="381" hits="0" branch="False" />
              </lines>
            </method>
          </methods>
          <lines>
            <line number="382" hits="0" branch="False" />
            <line number="383" hits="0" branch="False" />
            <line number="384" hits="0" branch="False" />
            <line number="385" hits="0" branch="False" />
            <line number="386" hits="0" branch="False" />
            <line number="394" hits="0" branch="False" />
            <line number="402" hits="0" branch="False" />
            <line number="410" hits="0" branch="False" />
            <line number="381" hits="0" branch="False" />
          </lines>
        </class>
        <class name="B3.Exchange.Matching.InvestorId" filename="B3.Exchange.Matching/Commands.cs" line-rate="0" branch-rate="1" complexity="1">
          <methods>
            <method name="get_Prefix" signature="()" line-rate="0" branch-rate="1" complexity="1">
              <lines>
                <line number="459" hits="0" branch="False" />
              </lines>
            </method>
          </methods>
          <lines>
            <line number="459" hits="0" branch="False" />
          </lines>
        </class>
        <class name="B3.Exchange.Matching.MassCancelCommand" filename="B3.Exchange.Matching/Commands.cs" line-rate="1" branch-rate="1" complexity="7">
          <methods>
            <method name="get_SecurityId" signature="()" line-rate="1" branch-rate="1" complexity="1">
              <lines>
                <line number="473" hits="28" branch="False" />
              </lines>
            </method>
            <method name="get_SideFilter" signature="()" line-rate="1" branch-rate="1" complexity="1">
              <lines>
                <line number="474" hits="26" branch="False" />
              </lines>
            </method>
            <method name="get_EnteredAtNanos" signature="()" line-rate="1" branch-rate="1" complexity="1">
              <lines>
                <line number="475" hits="42" branch="False" />
              </lines>
            </method>
            <method name="get_OrdTagIdFilter" signature="()" line-rate="1" branch-rate="1" complexity="1">
              <lines>
                <line number="477" hits="30" branch="False" />
              </lines>
            </method>
            <method name="get_AssetFilter" signature="()" line-rate="1" branch-rate="1" complexity="1">
              <lines>
                <line number="478" hits="21" branch="False" />
              </lines>
            </method>
            <method name="get_InvestorIdFilter" signature="()" line-rate="1" branch-rate="1" complexity="1">
              <lines>
                <line number="479" hits="34" branch="False" />
              </lines>
            </method>
            <method name=".ctor" signature="(System.Int64,System.Nullable`1&lt;B3.Exchange.Matching.Side&gt;,System.UInt64)" line-rate="1" branch-rate="1" complexity="1">
              <lines>
                <line number="472" hits="14" branch="False" />
              </lines>
            </method>
          </methods>
          <lines>
[...]
            <line number="2206" hits="18" branch="True" condition-coverage="100% (2/2)">
              <conditions>
                <condition number="153" type="jump" coverage="100%" />
              </conditions>
            </line>
            <line number="2207" hits="2" branch="False" />
            <line number="2211" hits="17" branch="True" condition-coverage="100% (2/2)">
              <conditions>
                <condition number="190" type="jump" coverage="100%" />
              </conditions>
            </line>
            <line number="2213" hits="7" branch="True" condition-coverage="100% (2/2)">
              <conditions>
                <condition number="203" type="jump" coverage="100%" />
              </conditions>
            </line>
            <line number="2214" hits="2" branch="False" />
            <line number="2215" hits="6" branch="True" condition-coverage="50% (2/4)">
              <conditions>
                <condition number="245" type="jump" coverage="50%" />
                <condition number="259" type="jump" coverage="50%" />
              </conditions>
            </line>
            <line number="2216" hits="0" branch="False" />
            <line number="2217" hits="6" branch="True" condition-coverage="50% (1/2)">
              <conditions>
                <condition number="302" type="jump" coverage="50%" />
              </conditions>
            </line>
            <line number="2218" hits="0" branch="False" />
            <line number="2222" hits="10" branch="True" condition-coverage="100% (2/2)">
              <conditions>
                <condition number="338" type="jump" coverage="100%" />
              </conditions>
            </line>
            <line number="2223" hits="2" branch="False" />
            <line number="2228" hits="15" branch="True" condition-coverage="100% (2/2)">
              <conditions>
                <condition number="375" type="jump" coverage="100%" />
              </conditions>
            </line>
            <line number="2229" hits="2" branch="False" />
            <line number="2231" hits="14" branch="False" />
            <line number="2232" hits="14" branch="False" />
            <line number="2233" hits="14" branch="False" />
            <line number="2234" hits="14" branch="False" />
            <line number="2235" hits="14" branch="False" />
            <line number="2236" hits="14" branch="False" />
            <line number="2237" hits="14" branch="False" />
            <line number="2238" hits="14" branch="False" />
            <line number="2239" hits="14" branch="False" />
            <line number="2240" hits="14" branch="False" />
            <line number="2241" hits="14" branch="False" />
            <line number="2242" hits="14" branch="False" />
            <line number="2243" hits="14" branch="False" />
            <line number="2244" hits="14" branch="False" />
            <line number="2245" hits="14" branch="False" />
            <line number="2246" hits="14" branch="False" />
            <line number="2247" hits="14" branch="False" />
            <line number="2248" hits="14" branch="False" />
            <line number="2249" hits="14" branch="False" />
            <line number="2250" hits="14" branch="False" />
            <line number="2251" hits="14" branch="False" />
            <line number="2252" hits="14" branch="False" />
            <line number="2253" hits="14" branch="False" />
            <line number="2254" hits="14" branch="False" />
            <line number="2255" hits="14" branch="False" />
            <line number="2256" hits="14" branch="False" />
            <line number="2257" hits="14" branch="False" />
            <line number="2258" hits="14" branch="False" />
            <line number="2259" hits="14" branch="False" />
            <line number="2260" hits="14" branch="False" />
            <line number="2261" hits="14" branch="False" />
            <line number="2262" hits="14" branch="False" />
            <line number="2263" hits="14" branch="False" />
            <line number="2264" hits="14" branch="False" />
            <line number="2265" hits="14" branch="False" />
            <line number="2283" hits="91" branch="True" condition-coverage="75% (3/4)">
              <conditions>
                <condition number="14" type="jump" coverage="50%" />
                <condition number="22" type="jump" coverage="100%" />
              </conditions>
            </line>
            <line number="2285" hits="7" branch="False" />
            <line number="2286" hits="28" branch="True" condition-coverage="100% (2/2)">
              <conditions>
                <condition number="131" type="jump" coverage="100%" />
              </conditions>
            </line>
            <line number="2288" hits="7" branch="False" />
            <line number="2289" hits="7" branch="True" condition-coverage="100% (2/2)">
              <conditions>
                <condition number="52" type="jump" coverage="100%" />
              </conditions>
            </line>
            <line number="2290" hits="7" branch="False" />
            <line number="2291" hits="7" branch="False" />
            <line number="2292" hits="7" branch="True" condition-coverage="100% (2/2)">
              <conditions>
                <condition number="80" type="jump" coverage="100%" />
              </conditions>
            </line>
            <line number="2293" hits="6" branch="True" condition-coverage="50% (1/2)">
              <conditions>
                <condition number="84" type="jump" coverage="50%" />
              </conditions>
            </line>
            <line number="2294" hits="6" branch="False" />
            <line number="2295" hits="6" branch="False" />
            <line number="2297" hits="8" branch="True" condition-coverage="100% (2/2)">
              <conditions>
                <condition number="134" type="jump" coverage="100%" />
              </conditions>
            </line>
            <line number="2302" hits="6" branch="False" />
            <line number="2303" hits="24" branch="True" condition-coverage="100% (2/2)">
              <conditions>
                <condition number="232" type="jump" coverage="100%" />
              </conditions>
            </line>
            <line number="2305" hits="6" branch="False" />
            <line number="2306" hits="6" branch="False" />
            <line number="2307" hits="6" branch="False" />
            <line number="2308" hits="6" branch="False" />
            <line number="2309" hits="6" branch="False" />
            <line number="2310" hits="6" branch="False" />
            <line number="2311" hits="6" branch="False" />
            <line number="2312" hits="6" branch="False" />
            <line number="2313" hits="6" branch="False" />
            <line number="2315" hits="6" branch="False" />
            <line number="2332" hits="6" branch="True" condition-coverage="100% (6/6)">
              <conditions>
                <condition number="25" type="jump" coverage="100%" />
                <condition number="38" type="jump" coverage="100%" />
                <condition number="56" type="jump" coverage="100%" />
              </conditions>
            </line>
            <line number="2333" hits="6" branch="False" />
            <line number="2334" hits="6" branch="False" />
            <line number="2335" hits="6" branch="False" />
            <line number="2336" hits="6" branch="False" />
            <line number="2337" hits="6" branch="False" />
            <line number="2338" hits="6" branch="False" />
            <line number="2339" hits="6" branch="False" />
            <line number="2340" hits="6" branch="False" />
            <line number="2341" hits="6" branch="False" />
            <line number="2342" hits="6" branch="False" />
            <line number="2349" hits="6" branch="True" condition-coverage="100% (4/4)">
              <conditions>
                <condition number="131" type="jump" coverage="100%" />
                <condition number="150" type="jump" coverage="100%" />
              </conditions>
            </line>
            <line number="2350" hits="2" branch="False" />
            <line number="2352" hits="4" branch="False" />
            <line number="2353" hits="4" branch="False" />
            <line number="2356" hits="65" branch="False" />
            <line number="2358" hits="589" branch="False" />
            <line number="2363" hits="422" branch="True" condition-coverage="100% (2/2)">
              <conditions>
                <condition number="6" type="jump" coverage="100%" />
              </conditions>
            </line>
            <line number="2364" hits="1" branch="False" />
            <line number="2365" hits="421" branch="False" />
            <line number="2366" hits="421" branch="False" />
            <line number="2368" hits="421" branch="False" />
            <line number="2380" hits="4" branch="False" />
            <line number="2393" hits="4" branch="False" />
            <line number="2401" hits="0" branch="False" />
            <line number="49" hits="213" branch="False" />
            <line number="50" hits="213" branch="False" />
            <line number="75" hits="213" branch="False" />
            <line number="83" hits="213" branch="False" />
            <line number="84" hits="213" branch="False" />
            <line number="85" hits="213" branch="False" />
            <line number="91" hits="213" branch="False" />
            <line number="102" hits="213" branch="False" />
            <line number="111" hits="213" branch="False" />
            <line number="122" hits="213" branch="False" />
            <line number="124" hits="213" branch="False" />
            <line number="125" hits="213" branch="False" />
            <line number="126" hits="213" branch="False" />
            <line number="128" hits="213" branch="False" />
            <line number="129" hits="213" branch="False" />
            <line number="130" hits="213" branch="False" />
            <line number="131" hits="213" branch="False" />
            <line number="132" hits="213" branch="False" />
            <line number="133" hits="213" branch="False" />
            <line number="134" hits="213" branch="False" />
            <line number="135" hits="213" branch="False" />
            <line number="136" hits="213" branch="False" />
            <line number="137" hits="213" branch="False" />
            <line number="138" hits="213" branch="False" />
            <line number="139" hits="860" branch="True" condition-coverage="100% (2/2)">
              <conditions>
                <condition number="340" type="jump" coverage="100%" />
              </conditions>
            </line>
            <line number="141" hits="217" branch="False" />
            <line number="142" hits="217" branch="False" />
            <line number="143" hits="217" branch="False" />
            <line number="144" hits="217" branch="False" />
            <line number="145" hits="217" branch="False" />
            <line number="147" hits="213" branch="False" />
            <line number="148" hits="213" branch="False" />
          </lines>
        </class>
        <class name="B3.Exchange.Matching.MatchingEngine/AuctionTopState" filename="B3.Exchange.Matching/MatchingEngine.cs" line-rate="1" branch-rate="1" complexity="6">
          <methods>
            <method name="get_HasTop" signature="()" line-rate="1" branch-rate="1" complexity="1">
              <lines>
                <line number="94" hits="94" branch="False" />
              </lines>
            </method>
            <method name="get_TopPriceMantissa" signature="()" line-rate="1" branch-rate="1" complexity="1">
              <lines>
                <line number="95" hits="101" branch="False" />
              </lines>
            </method>
            <method name="get_TopQuantity" signature="()" line-rate="1" branch-rate="1" complexity="1">
              <lines>
                <line number="96" hits="73" branch="False" />
              </lines>
            </method>
            <method name="get_HasImbalance" signature="()" line-rate="1" branch-rate="1" complexity="1">
              <lines>
                <line number="97" hits="73" branch="False" />
              </lines>
            </method>
            <method name="get_ImbalanceSide" signature="()" line-rate="1" branch-rate="1" complexity="1">
              <lines>
                <line number="98" hits="73" branch="False" />
              </lines>
            </method>
            <method name="get_ImbalanceQuantity" signature="()" line-rate="1" branch-rate="1" complexity="1">
              <lines>
                <line number="99" hits="73" branch="False" />
              </lines>
            </method>
          </methods>
          <lines>
            <line number="94" hits="94" branch="False" />
            <line number="95" hits="101" branch="False" />
            <line number="96" hits="73" branch="False" />
            <line number="97" hits="73" branch="False" />
            <line number="98" hits="73" branch="False" />
            <line number="99" hits="73" branch="False" />
          </lines>
        </class>
        <class name="B3.Exchange.Matching.MatchingEngine/RestingStop" filename="B3.Exchange.Matching/MatchingEngine.cs" line-rate="1" branch-rate="1" complexity="14">
          <methods>
            <method name="get_OrderId" signature="()" line-rate="1" branch-rate="1" complexity="1">
              <lines>
                <line number="2173" hits="35" branch="False" />
              </lines>
            </method>
            <method name="get_ClOrdId" signature="()" line-rate="1" branch-rate="1" complexity="1">
              <lines>
                <line number="2174" hits="20" branch="False" />
              </lines>
            </method>
            <method name="get_Side" signature="()" line-rate="1" branch-rate="1" complexity="1">
              <lines>
                <line number="2175" hits="37" branch="False" />
              </lines>
            </method>
            <method name="get_StopType" signature="()" line-rate="1" branch-rate="1" complexity="1">
              <lines>
                <line number="2176" hits="38" branch="False" />
              </lines>
            </method>
            <method name="get_Tif" signature="()" line-rate="1" branch-rate="1" complexity="1">
              <lines>
                <line number="2177" hits="24" branch="False" />
              </lines>
            </method>
            <method name="get_StopPxMantissa" signature="()" line-rate="1" branch-rate="1" complexity="1">
              <lines>
                <line number="2178" hits="31" branch="False" />
              </lines>
            </method>
            <method name="get_LimitPriceMantissa" signature="()" line-rate="1" branch-rate="1" complexity="1">
              <lines>
                <line number="2179" hits="20" branch="False" />
              </lines>
            </method>
            <method name="get_Quantity" signature="()" line-rate="1" branch-rate="1" complexity="1">
              <lines>
                <line number="2180" hits="24" branch="False" />
              </lines>
            </method>
            <method name="get_EnteringFirm" signature="()" line-rate="1" branch-rate="1" complexity="1">
              <lines>
                <line number="2181" hits="20" branch="False" />
              </lines>
            </method>
            <method name="get_EnteredAtNanos" signature="()" line-rate="1" branch-rate="1" complexity="1">
              <lines>
                <line number="2182" hits="14" branch="False" />
              </lines>
            </method>
            <method name="get_SecurityId" signature="()" line-rate="1" branch-rate="1" complexity="1">
              <lines>
                <line number="2183" hits="25" branch="False" />
              </lines>
            </method>
            <method name="get_Memo" signature="()" line-rate="1" branch-rate="1" complexity="1">
              <lines>
                <line number="2184" hits="37" branch="False" />
              </lines>
            </method>
            <method name="get_OrdTagId" signature="()" line-rate="1" branch-rate="1" complexity="1">
              <lines>
                <line number="2190" hits="20" branch="False" />
              </lines>
            </method>
            <method name="get_InvestorId" signature="()" line-rate="1" branch-rate="1" complexity="1">
              <lines>
                <line number="2191" hits="22" branch="False" />
              </lines>
            </method>
          </methods>
          <lines>
            <line number="2173" hits="35" branch="False" />
            <line number="2174" hits="20" branch="False" />
            <line number="2175" hits="37" branch="False" />
            <line number="2176" hits="38" branch="False" />
            <line number="2177" hits="24" branch="False" />
            <line number="2178" hits="31" branch="False" />
            <line number="2179" hits="20" branch="False" />
            <line number="2180" hits="24" branch="False" />
            <line number="2181" hits="20" branch="False" />
            <line number="2182" hits="14" branch="False" />
            <line number="2183" hits="25" branch="False" />
            <line number="2184" hits="37" branch="False" />
            <line number="2190" hits="20" branch="False" />
            <line number="2191" hits="22" branch="False" />
          </lines>
        </class>
        <class name="B3.Exchange.Matching.Threading.SingleWriterGuard" filename="B3.Exchange.Matching/SingleWriterGuard.cs" line-rate="0.3636" branch-rate="1" complexity="4">
          <methods>
            <method name="BindToCurrentThread" signature="()" line-rate="0" branch-rate="1" complexity="1">
              <lines>
                <line number="75" hits="0" branch="False" />
                <line number="76" hits="0" branch="False" />
                <line number="82" hits="0" branch="False" />
              </lines>
            </method>
            <method name="AssertOwnedByCurrentThread" signature="()" line-rate="0" branch-rate="1" complexity="1">
              <lines>
                <line number="92" hits="0" branch="False" />
                <line number="93" hits="0" branch="False" />
                <line number="99" hits="0" branch="False" />
              </lines>
            </method>
            <method name="RebindForReplay" signature="()" line-rate="0" branch-rate="1" complexity="1">
              <lines>
                <line number="108" hits="0" branch="False" />
              </lines>
            </method>
            <method name=".ctor" signature="(System.String)" line-rate="1" branch-rate="1" complexity="1">
              <lines>
                <line number="60" hits="213" branch="False" />
                <line number="62" hits="213" branch="False" />
                <line number="63" hits="213" branch="False" />
                <line number="64" hits="213" branch="False" />
              </lines>
            </method>
          </methods>
          <lines>
            <line number="75" hits="0" branch="False" />
            <line number="76" hits="0" branch="False" />
            <line number="82" hits="0" branch="False" />
            <line number="92" hits="0" branch="False" />
            <line number="93" hits="0" branch="False" />
            <line number="99" hits="0" branch="False" />
            <line number="108" hits="0" branch="False" />
            <line number="60" hits="213" branch="False" />
            <line number="62" hits="213" branch="False" />
            <line number="63" hits="213" branch="False" />
            <line number="64" hits="213" branch="False" />
          </lines>
        </class>
      </classes>
    </package>
  </packages>
</coverage>