<?xml version="1.0" encoding="utf-8"?>
<coverage line-rate="0.3576" branch-rate="0.3086" version="1.9" timestamp="1783113000" lines-covered="1113" lines-valid="3112" branches-covered="480" branches-valid="1555">
  <sources>
    <source>/home/pedrotravi/B3MatchingPlatform/src/</source>
  </sources>
  <packages>
    <package name="B3.Exchange.PostTrade" line-rate="0.909" branch-rate="0.7881" complexity="695">
      <classes>
        <class name="B3.Exchange.PostTrade.AmendmentsPublisher" filename="B3.Exchange.PostTrade/AmendmentsPublisher.cs" line-rate="0.9726" branch-rate="0.8332999999999999" complexity="65">
          <methods>
            <method name="Publish" signature="(System.String,System.String,System.Byte,System.DateOnly,System.DateTime)" line-rate="0.9883" branch-rate="0.875" complexity="24">
              <lines>
                <line number="49" hits="7" branch="False" />
                <line number="50" hits="7" branch="False" />
                <line number="51" hits="7" branch="True" condition-coverage="50% (1/2)">
                  <conditions>
                    <condition number="30" type="jump" coverage="50%" />
                  </conditions>
                </line>
                <line number="52" hits="0" branch="False" />
                <line number="54" hits="7" branch="False" />
                <line number="55" hits="7" branch="False" />
                <line number="56" hits="7" branch="False" />
                <line number="57" hits="7" branch="False" />
                <line number="72" hits="7" branch="False" />
                <line number="73" hits="7" branch="False" />
                <line number="74" hits="7" branch="True" condition-coverage="100% (2/2)">
                  <conditions>
                    <condition number="117" type="jump" coverage="100%" />
                  </conditions>
                </line>
                <line number="76" hits="7" branch="False" />
                <line number="77" hits="40" branch="True" condition-coverage="100% (2/2)">
                  <conditions>
                    <condition number="287" type="jump" coverage="100%" />
                  </conditions>
                </line>
                <line number="79" hits="13" branch="False" />
                <line number="80" hits="66" branch="True" condition-coverage="100% (2/2)">
                  <conditions>
                    <condition number="264" type="jump" coverage="100%" />
                  </conditions>
                </line>
                <line number="82" hits="20" branch="True" condition-coverage="100% (2/2)">
                  <conditions>
                    <condition number="220" type="jump" coverage="100%" />
                  </conditions>
                </line>
                <line number="83" hits="9" branch="False" />
                <line number="84" hits="9" branch="True" condition-coverage="100% (2/2)">
                  <conditions>
                    <condition number="240" type="jump" coverage="100%" />
                  </conditions>
                </line>
                <line number="85" hits="8" branch="False" />
                <line number="89" hits="8" branch="False" />
                <line number="107" hits="7" branch="False" />
                <line number="108" hits="7" branch="True" condition-coverage="50% (1/2)">
                  <conditions>
                    <condition number="359" type="jump" coverage="50%" />
                  </conditions>
                </line>
                <line number="109" hits="7" branch="False" />
                <line number="110" hits="15" branch="False" />
                <line number="112" hits="7" branch="False" />
                <line number="113" hits="7" branch="False" />
                <line number="118" hits="7" branch="False" />
                <line number="120" hits="7" branch="False" />
                <line number="121" hits="7" branch="False" />
                <line number="122" hits="7" branch="False" />
                <line number="124" hits="7" branch="False" />
                <line number="125" hits="7" branch="False" />
                <line number="126" hits="29" branch="True" condition-coverage="100% (2/2)">
                  <conditions>
                    <condition number="974" type="jump" coverage="100%" />
                  </conditions>
                </line>
                <line number="128" hits="8" branch="True" condition-coverage="100% (2/2)">
                  <conditions>
                    <condition number="552" type="jump" coverage="100%" />
                  </conditions>
                </line>
                <line number="130" hits="2" branch="True" condition-coverage="50% (1/2)">
                  <conditions>
                    <condition number="564" type="jump" coverage="50%" />
                  </conditions>
                </line>
                <line number="131" hits="2" branch="False" />
                <line number="132" hits="2" branch="True" condition-coverage="100% (2/2)">
                  <conditions>
                    <condition number="616" type="jump" coverage="100%" />
                  </conditions>
                </line>
                <line number="143" hits="1" branch="False" />
                <line number="144" hits="1" branch="False" />
                <line number="145" hits="1" branch="False" />
                <line number="146" hits="1" branch="False" />
                <line number="147" hits="1" branch="False" />
                <line number="148" hits="1" branch="False" />
                <line number="150" hits="6" branch="False" />
                <line number="151" hits="6" branch="False" />
                <line number="152" hits="6" branch="False" />
                <line number="153" hits="6" branch="False" />
                <line number="154" hits="6" branch="False" />
                <line number="155" hits="6" branch="False" />
                <line number="156" hits="6" branch="False" />
                <line number="157" hits="6" branch="False" />
                <line number="158" hits="6" branch="False" />
                <line number="159" hits="6" branch="False" />
                <line number="160" hits="6" branch="False" />
                <line number="162" hits="6" branch="False" />
                <line number="163" hits="6" branch="False" />
                <line number="164" hits="6" branch="False" />
                <line number="165" hits="6" branch="False" />
                <line number="166" hits="6" branch="False" />
                <line number="167" hits="6" branch="False" />
                <line number="168" hits="6" branch="False" />
                <line number="170" hits="6" branch="False" />
                <line number="171" hits="6" branch="False" />
                <line number="172" hits="6" branch="False" />
                <line number="174" hits="6" branch="False" />
                <line number="175" hits="6" branch="False" />
                <line number="176" hits="6" branch="False" />
                <line number="178" hits="6" branch="False" />
                <line number="179" hits="6" branch="False" />
                <line number="181" hits="6" branch="True" condition-coverage="100% (2/2)">
                  <conditions>
                    <condition number="1191" type="jump" coverage="100%" />
                  </conditions>
                </line>
                <line number="183" hits="1" branch="False" />
                <line number="184" hits="1" branch="False" />
                <line number="187" hits="6" branch="False" />
                <line number="188" hits="6" branch="False" />
                <line number="189" hits="6" branch="False" />
                <line number="191" hits="6" branch="False" />
                <line number="192" hits="6" branch="False" />
                <line number="193" hits="6" branch="False" />
                <line number="195" hits="6" branch="False" />
                <line number="196" hits="6" branch="False" />
                <line number="197" hits="6" branch="False" />
                <line number="198" hits="6" branch="False" />
                <line number="201" hits="7" branch="False" />
                <line number="202" hits="7" branch="False" />
                <line number="203" hits="7" branch="False" />
                <line number="204" hits="6" branch="False" />
              </lines>
            </method>
            <method name="TryParseFillsLogDate" signature="(System.String)" line-rate="0.8332999999999999" branch-rate="0.5" complexity="4">
              <lines>
                <line number="208" hits="13" branch="False" />
                <line number="210" hits="13" branch="True" condition-coverage="50% (1/2)">
                  <conditions>
                    <condition number="19" type="jump" coverage="50%" />
                  </conditions>
                </line>
                <line number="211" hits="13" branch="False" />
                <line number="212" hits="13" branch="True" condition-coverage="50% (1/2)">
                  <conditions>
                    <condition number="70" type="jump" coverage="50%" />
                  </conditions>
                </line>
                <line number="213" hits="13" branch="False" />
                <line number="214" hits="0" branch="False" />
              </lines>
            </method>
            <method name="ComputeRowHashes" signature="(System.String,System.Collections.Generic.HashSet`1&lt;System.UInt32&gt;)" line-rate="1" branch-rate="0.8887999999999999" complexity="18">
              <lines>
                <line number="219" hits="7" branch="False" />
                <line number="220" hits="7" branch="True" condition-coverage="50% (2/4)">
                  <conditions>
                    <condition number="12" type="jump" coverage="50%" />
                    <condition number="20" type="jump" coverage="50%" />
                  </conditions>
                </line>
                <line number="227" hits="7" branch="False" />
                <line number="228" hits="7" branch="False" />
                <line number="230" hits="7" branch="False" />
                <line number="231" hits="1211" branch="True" condition-coverage="100% (2/2)">
                  <conditions>
                    <condition number="227" type="jump" coverage="100%" />
                  </conditions>
                </line>
                <line number="233" hits="1204" branch="False" />
                <line number="234" hits="1204" branch="True" condition-coverage="100% (2/2)">
                  <conditions>
                    <condition number="69" type="jump" coverage="100%" />
                  </conditions>
                </line>
                <line number="236" hits="17" branch="True" condition-coverage="100% (2/2)">
                  <conditions>
                    <condition number="76" type="jump" coverage="100%" />
                  </conditions>
                </line>
                <line number="238" hits="7" branch="False" />
                <line number="242" hits="10" branch="False" />
                <line number="243" hits="10" branch="False" />
                <line number="244" hits="10" branch="True" condition-coverage="100% (8/8)">
                  <conditions>
                    <condition number="123" type="jump" coverage="100%" />
                    <condition number="163" type="jump" coverage="100%" />
                    <condition number="173" type="jump" coverage="100%" />
                    <condition number="183" type="jump" coverage="100%" />
                  </conditions>
                </line>
                <line number="245" hits="10" branch="False" />
                <line number="246" hits="10" branch="False" />
                <line number="247" hits="10" branch="False" />
                <line number="249" hits="6" branch="False" />
                <line number="252" hits="17" branch="False" />
                <line number="255" hits="7" branch="False" />
                <line number="256" hits="7" branch="False" />
              </lines>
            </method>
            <method name="FormatTimestampMicros" signature="(System.UInt64)" line-rate="1" branch-rate="1" complexity="1">
              <lines>
                <line number="260" hits="6" branch="False" />
                <line number="261" hits="6" branch="False" />
                <line number="262" hits="6" branch="False" />
                <line number="263" hits="6" branch="False" />
              </lines>
            </method>
            <method name="BuildDonePayload" signature="(System.Int64,System.String,System.DateTime)" line-rate="1" branch-rate="1" complexity="1">
              <lines>
                <line number="268" hits="6" branch="False" />
                <line number="269" hits="6" branch="False" />
                <line number="270" hits="6" branch="False" />
                <line number="271" hits="6" branch="False" />
                <line number="272" hits="6" branch="False" />
              </lines>
            </method>
            <method name="ToHex" signature="(System.Byte[])" line-rate="1" branch-rate="1" complexity="1">
              <lines>
                <line number="275" hits="12" branch="False" />
              </lines>
            </method>
            <method name="ToHex" signature="(System.ReadOnlySpan`1&lt;System.Byte&gt;)" line-rate="1" branch-rate="1" complexity="2">
              <lines>
                <line number="279" hits="12" branch="False" />
                <line number="280" hits="792" branch="True" condition-coverage="100% (2/2)">
                  <conditions>
                    <condition number="70" type="jump" coverage="100%" />
                  </conditions>
                </line>
                <line number="282" hits="384" branch="False" />
                <line number="283" hits="384" branch="False" />
                <line number="284" hits="384" branch="False" />
                <line number="286" hits="12" branch="False" />
              </lines>
            </method>
            <method name="HexChar" signature="(System.Int32)" line-rate="1" branch-rate="1" complexity="2">
              <lines>
                <line number="289" hits="768" branch="True" condition-coverage="100% (2/2)">
                  <conditions>
                    <condition number="3" type="jump" coverage="100%" />
                  </conditions>
                </line>
              </lines>
            </method>
            <method name="StagingPath" signature="(System.String,System.String)" line-rate="1" branch-rate="1" complexity="1">
              <lines>
                <line number="293" hits="13" branch="False" />
                <line number="294" hits="13" branch="False" />
                <line number="295" hits="13" branch="False" />
              </lines>
            </method>
            <method name="OpenStagingForWrite" signature="(System.String)" line-rate="1" branch-rate="1" complexity="1">
              <lines>
                <line number="299" hits="13" branch="False" />
              </lines>
            </method>
            <method name="FsyncDirectory" signature="(System.String)" line-rate="0.7142000000000001" branch-rate="0.5" complexity="4">
              <lines>
                <line number="303" hits="13" branch="True" condition-coverage="50% (2/4)">
                  <conditions>
                    <condition number="5" type="jump" coverage="50%" />
                    <condition number="12" type="jump" coverage="50%" />
                  </conditions>
                </line>
                <line number="306" hits="13" branch="False" />
                <line number="307" hits="0" branch="False" />
                <line number="308" hits="0" branch="False" />
                <line number="309" hits="13" branch="False" />
                <line number="312" hits="13" branch="False" />
                <line number="313" hits="13" branch="False" />
              </lines>
            </method>
            <method name="BestEffortDelete" signature="(System.String)" line-rate="1" branch-rate="1" complexity="4">
              <lines>
                <line number="317" hits="27" branch="True" condition-coverage="100% (2/2)">
                  <conditions>
                    <condition number="1" type="jump" coverage="100%" />
                  </conditions>
                </line>
                <line number="318" hits="3" branch="True" condition-coverage="100% (2/2)">
                  <conditions>
                    <condition number="11" type="jump" coverage="100%" />
                  </conditions>
                </line>
                <line number="319" hits="1" branch="False" />
              </lines>
            </method>
            <method name=".ctor" signature="(Microsoft.Extensions.Logging.ILogger`1&lt;B3.Exchange.PostTrade.AmendmentsPublisher&gt;)" line-rate="1" branch-rate="0.5" complexity="2">
              <lines>
                <line number="42" hits="6" branch="False" />
                <line number="44" hits="6" branch="True" condition-coverage="50% (1/2)">
                  <conditions>
                    <condition number="9" type="jump" coverage="50%" />
                  </conditions>
                </line>
                <line number="45" hits="6" branch="False" />
              </lines>
            </method>
          </methods>
          <lines>
            <line number="49" hits="7" branch="False" />
            <line number="50" hits="7" branch="False" />
            <line number="51" hits="7" branch="True" condition-coverage="50% (1/2)">
              <conditions>
                <condition number="30" type="jump" coverage="50%" />
              </conditions>
            </line>
            <line number="52" hits="0" branch="False" />
            <line number="54" hits="7" branch="False" />
            <line number="55" hits="7" branch="False" />
            <line number="56" hits="7" branch="False" />
            <line number="57" hits="7" branch="False" />
            <line number="72" hits="7" branch="False" />
            <line number="73" hits="7" branch="False" />
            <line number="74" hits="7" branch="True" condition-coverage="100% (2/2)">
              <conditions>
                <condition number="117" type="jump" coverage="100%" />
              </conditions>
            </line>
            <line number="76" hits="7" branch="False" />
            <line number="77" hits="40" branch="True" condition-coverage="100% (2/2)">
              <conditions>
                <condition number="287" type="jump" coverage="100%" />
              </conditions>
            </line>
            <line number="79" hits="13" branch="False" />
            <line number="80" hits="66" branch="True" condition-coverage="100% (2/2)">
              <conditions>
                <condition number="264" type="jump" coverage="100%" />
              </conditions>
            </line>
            <line number="82" hits="20" branch="True" condition-coverage="100% (2/2)">
              <conditions>
                <condition number="220" type="jump" coverage="100%" />
              </conditions>
            </line>
            <line number="83" hits="9" branch="False" />
            <line number="84" hits="9" branch="True" condition-coverage="100% (2/2)">
              <conditions>
                <condition number="240" type="jump" coverage="100%" />
              </conditions>
            </line>
            <line number="85" hits="8" branch="False" />
            <line number="89" hits="8" branch="False" />
            <line number="107" hits="7" branch="False" />
            <line number="108" hits="7" branch="True" condition-coverage="50% (1/2)">
              <conditions>
                <condition number="359" type="jump" coverage="50%" />
              </conditions>
            </line>
            <line number="109" hits="7" branch="False" />
            <line number="110" hits="15" branch="False" />
            <line number="112" hits="7" branch="False" />
            <line number="113" hits="7" branch="False" />
            <line number="118" hits="7" branch="False" />
            <line number="120" hits="7" branch="False" />
            <line number="121" hits="7" branch="False" />
            <line number="122" hits="7" branch="False" />
            <line number="124" hits="7" branch="False" />
            <line number="125" hits="7" branch="False" />
            <line number="126" hits="29" branch="True" condition-coverage="100% (2/2)">
              <conditions>
                <condition number="974" type="jump" coverage="100%" />
              </conditions>
            </line>
            <line number="128" hits="8" branch="True" condition-coverage="100% (2/2)">
              <conditions>
                <condition number="552" type="jump" coverage="100%" />
              </conditions>
            </line>
            <line number="130" hits="2" branch="True" condition-coverage="50% (1/2)">
              <conditions>
                <condition number="564" type="jump" coverage="50%" />
              </conditions>
            </line>
            <line number="131" hits="2" branch="False" />
            <line number="132" hits="2" branch="True" condition-coverage="100% (2/2)">
              <conditions>
                <condition number="616" type="jump" coverage="100%" />
              </conditions>
            </line>
            <line number="143" hits="1" branch="False" />
            <line number="144" hits="1" branch="False" />
            <line number="145" hits="1" branch="False" />
            <line number="146" hits="1" branch="False" />
            <line number="147" hits="1" branch="False" />
            <line number="148" hits="1" branch="False" />
            <line number="150" hits="6" branch="False" />
            <line number="151" hits="6" branch="False" />
            <line number="152" hits="6" branch="False" />
            <line number="153" hits="6" branch="False" />
            <line number="154" hits="6" branch="False" />
            <line number="155" hits="6" branch="False" />
            <line number="156" hits="6" branch="False" />
            <line number="157" hits="6" branch="False" />
            <line number="158" hits="6" branch="False" />
            <line number="159" hits="6" branch="False" />
            <line number="160" hits="6" branch="False" />
            <line number="162" hits="6" branch="False" />
            <line number="163" hits="6" branch="False" />
            <line number="164" hits="6" branch="False" />
            <line number="165" hits="6" branch="False" />
            <line number="166" hits="6" branch="False" />
            <line number="167" hits="6" branch="False" />
            <line number="168" hits="6" branch="False" />
            <line number="170" hits="6" branch="False" />
            <line number="171" hits="6" branch="False" />
            <line number="172" hits="6" branch="False" />
            <line number="174" hits="6" branch="False" />
            <line number="175" hits="6" branch="False" />
            <line number="176" hits="6" branch="False" />
            <line number="178" hits="6" branch="False" />
            <line number="179" hits="6" branch="False" />
            <line number="181" hits="6" branch="True" condition-coverage="100% (2/2)">
              <conditions>
                <condition number="1191" type="jump" coverage="100%" />
              </conditions>
            </line>
            <line number="183" hits="1" branch="False" />
            <line number="184" hits="1" branch="False" />
            <line number="187" hits="6" branch="False" />
            <line number="188" hits="6" branch="False" />
            <line number="189" hits="6" branch="False" />
            <line number="191" hits="6" branch="False" />
            <line number="192" hits="6" branch="False" />
            <line number="193" hits="6" branch="False" />
            <line number="195" hits="6" branch="False" />
            <line number="196" hits="6" branch="False" />
            <line number="197" hits="6" branch="False" />
            <line number="198" hits="6" branch="False" />
            <line number="201" hits="7" branch="False" />
            <line number="202" hits="7" branch="False" />
            <line number="203" hits="7" branch="False" />
            <line number="204" hits="6" branch="False" />
            <line number="208" hits="13" branch="False" />
            <line number="210" hits="13" branch="True" condition-coverage="50% (1/2)">
              <conditions>
                <condition number="19" type="jump" coverage="50%" />
              </conditions>
            </line>
            <line number="211" hits="13" branch="False" />
            <line number="212" hits="13" branch="True" condition-coverage="50% (1/2)">
              <conditions>
                <condition number="70" type="jump" coverage="50%" />
              </conditions>
            </line>
            <line number="213" hits="13" branch="False" />
            <line number="214" hits="0" branch="False" />
            <line number="219" hits="7" branch="False" />
            <line number="220" hits="7" branch="True" condition-coverage="50% (2/4)">
              <conditions>
                <condition number="12" type="jump" coverage="50%" />
                <condition number="20" type="jump" coverage="50%" />
              </conditions>
            </line>
            <line number="227" hits="7" branch="False" />
            <line number="228" hits="7" branch="False" />
            <line number="230" hits="7" branch="False" />
            <line number="231" hits="1211" branch="True" condition-coverage="100% (2/2)">
              <conditions>
                <condition number="227" type="jump" coverage="100%" />
              </conditions>
            </line>
            <line number="233" hits="1204" branch="False" />
            <line number="234" hits="1204" branch="True" condition-coverage="100% (2/2)">
              <conditions>
                <condition number="69" type="jump" coverage="100%" />
              </conditions>
            </line>
            <line number="236" hits="17" branch="True" condition-coverage="100% (2/2)">
              <conditions>
                <condition number="76" type="jump" coverage="100%" />
              </conditions>
            </line>
            <line number="238" hits="7" branch="False" />
            <line number="242" hits="10" branch="False" />
            <line number="243" hits="10" branch="False" />
            <line number="244" hits="10" branch="True" condition-coverage="100% (8/8)">
              <conditions>
                <condition number="123" type="jump" coverage="100%" />
                <condition number="163" type="jump" coverage="100%" />
                <condition number="173" type="jump" coverage="100%" />
                <condition number="183" type="jump" coverage="100%" />
              </conditions>
            </line>
            <line number="245" hits="10" branch="False" />
            <line number="246" hits="10" branch="False" />
            <line number="247" hits="10" branch="False" />
            <line number="249" hits="6" branch="False" />
            <line number="252" hits="17" branch="False" />
            <line number="255" hits="7" branch="False" />
            <line number="256" hits="7" branch="False" />
            <line number="260" hits="6" branch="False" />
            <line number="261" hits="6" branch="False" />
            <line number="262" hits="6" branch="False" />
            <line number="263" hits="6" branch="False" />
            <line number="268" hits="6" branch="False" />
            <line number="269" hits="6" branch="False" />
            <line number="270" hits="6" branch="False" />
            <line number="271" hits="6" branch="False" />
            <line number="272" hits="6" branch="False" />
            <line number="275" hits="12" branch="False" />
            <line number="279" hits="12" branch="False" />
            <line number="280" hits="792" branch="True" condition-coverage="100% (2/2)">
              <conditions>
                <condition number="70" type="jump" coverage="100%" />
              </conditions>
            </line>
            <line number="282" hits="384" branch="False" />
            <line number="283" hits="384" branch="False" />
            <line number="284" hits="384" branch="False" />
            <line number="286" hits="12" branch="False" />
            <line number="289" hits="768" branch="True" condition-coverage="100% (2/2)">
              <conditions>
                <condition number="3" type="jump" coverage="100%" />
              </conditions>
            </line>
            <line number="293" hits="13" branch="False" />
            <line number="294" hits="13" branch="False" />
            <line number="295" hits="13" branch="False" />
            <line number="299" hits="13" branch="False" />
            <line number="303" hits="13" branch="True" condition-coverage="50% (2/4)">
              <conditions>
                <condition number="5" type="jump" coverage="50%" />
                <condition number="12" type="jump" coverage="50%" />
              </conditions>
            </line>
            <line number="306" hits="13" branch="False" />
            <line number="307" hits="0" branch="False" />
            <line number="308" hits="0" branch="False" />
            <line number="309" hits="13" branch="False" />
            <line number="312" hits="13" branch="False" />
            <line number="313" hits="13" branch="False" />
            <line number="317" hits="27" branch="True" condition-coverage="100% (2/2)">
              <conditions>
                <condition number="1" type="jump" coverage="100%" />
              </conditions>
            </line>
            <line number="318" hits="3" branch="True" condition-coverage="100% (2/2)">
              <conditions>
                <condition number="11" type="jump" coverage="100%" />
              </conditions>
            </line>
            <line number="319" hits="1" branch="False" />
            <line number="42" hits="6" branch="False" />
            <line number="44" hits="6" branch="True" condition-coverage="50% (1/2)">
              <conditions>
                <condition number="9" type="jump" coverage="50%" />
              </conditions>
            </line>
            <line number="45" hits="6" branch="False" />
          </lines>
        </class>
        <class name="B3.Exchange.PostTrade.AuditIndexCodec" filename="B3.Exchange.PostTrade/AuditIndexCodec.cs" line-rate="0.9037999999999999" branch-rate="0.6333" complexity="31">
          <methods>
            <method name="WriteFileHeader" signature="(System.Span`1&lt;System.Byte&gt;,System.Byte,System.DateOnly)" line-rate="0.909" branch-rate="0.5" complexity="2">
              <lines>
                <line number="49" hits="90" branch="True" condition-coverage="50% (1/2)">
                  <conditions>
                    <condition number="9" type="jump" coverage="50%" />
                  </conditions>
                </line>
                <line number="50" hits="0" branch="False" />
                <line number="51" hits="90" branch="False" />
                <line number="52" hits="90" branch="False" />
                <line number="53" hits="90" branch="False" />
                <line number="54" hits="90" branch="False" />
                <line number="55" hits="270" branch="False" />
                <line number="56" hits="90" branch="False" />
                <line number="57" hits="90" branch="False" />
                <line number="58" hits="180" branch="False" />
                <line number="59" hits="90" branch="False" />
              </lines>
            </method>
            <method name="ReadFileHeader" signature="(System.ReadOnlySpan`1&lt;System.Byte&gt;)" line-rate="0.8" branch-rate="0.6111" complexity="18">
              <lines>
                <line number="63" hits="12" branch="True" condition-coverage="50% (1/2)">
                  <conditions>
                    <condition number="9" type="jump" coverage="50%" />
                  </conditions>
                </line>
                <line number="64" hits="0" branch="False" />
                <line number="65" hits="12" branch="False" />
                <line number="66" hits="12" branch="True" condition-coverage="100% (2/2)">
                  <conditions>
                    <condition number="43" type="jump" coverage="100%" />
                  </conditions>
                </line>
                <line number="67" hits="2" branch="False" />
                <line number="68" hits="10" branch="False" />
                <line number="69" hits="10" branch="True" condition-coverage="50% (1/2)">
                  <conditions>
                    <condition number="110" type="jump" coverage="50%" />
                  </conditions>
                </line>
                <line number="70" hits="0" branch="False" />
                <line number="71" hits="10" branch="False" />
                <line number="72" hits="10" branch="True" condition-coverage="60% (6/10)">
                  <conditions>
                    <condition number="206" type="jump" coverage="50%" />
                    <condition number="218" type="jump" coverage="50%" />
                    <condition number="230" type="jump" coverage="50%" />
                    <condition number="242" type="jump" coverage="50%" />
                    <condition number="254" type="jump" coverage="100%" />
                  </conditions>
                </line>
                <line number="73" hits="1" branch="False" />
                <line number="74" hits="9" branch="False" />
                <line number="75" hits="9" branch="True" condition-coverage="50% (1/2)">
                  <conditions>
                    <condition number="304" type="jump" coverage="50%" />
                  </conditions>
                </line>
                <line number="76" hits="0" branch="False" />
                <line number="77" hits="9" branch="False" />
              </lines>
            </method>
            <method name="EncodeBlockEntry" signature="(System.Span`1&lt;System.Byte&gt;,System.UInt64,System.UInt16,System.ReadOnlySpan`1&lt;System.UInt32&gt;)" line-rate="0.909" branch-rate="0.75" complexity="4">
              <lines>
                <line number="84" hits="132" branch="False" />
                <line number="85" hits="132" branch="True" condition-coverage="50% (1/2)">
                  <conditions>
                    <condition number="21" type="jump" coverage="50%" />
                  </conditions>
                </line>
                <line number="86" hits="0" branch="False" />
                <line number="87" hits="132" branch="False" />
                <line number="88" hits="132" branch="False" />
                <line number="89" hits="132" branch="False" />
                <line number="90" hits="132" branch="False" />
                <line number="91" hits="132" branch="False" />
                <line number="92" hits="5782" branch="True" condition-coverage="100% (2/2)">
                  <conditions>
                    <condition number="227" type="jump" coverage="100%" />
                  </conditions>
                </line>
                <line number="93" hits="2759" branch="False" />
                <line number="94" hits="132" branch="False" />
              </lines>
            </method>
            <method name="TryReadBlockEntry" signature="(System.ReadOnlySpan`1&lt;System.Byte&gt;,System.UInt64&amp;,System.UInt16&amp;,System.UInt16&amp;,System.Int32&amp;)" line-rate="1" branch-rate="0.6666" complexity="6">
              <lines>
                <line number="108" hits="16" branch="False" />
                <line number="109" hits="4" branch="True" condition-coverage="50% (1/2)">
                  <conditions>
                    <condition number="23" type="jump" coverage="50%" />
                  </conditions>
                </line>
                <line number="110" hits="4" branch="False" />
                <line number="111" hits="4" branch="False" />
                <line number="112" hits="6" branch="True" condition-coverage="100% (2/2)">
                  <conditions>
                    <condition number="52" type="jump" coverage="100%" />
                  </conditions>
                </line>
                <line number="113" hits="2" branch="False" />
                <line number="114" hits="2" branch="False" />
                <line number="115" hits="2" branch="False" />
                <line number="116" hits="2" branch="True" condition-coverage="50% (1/2)">
                  <conditions>
                    <condition number="110" type="jump" coverage="50%" />
                  </conditions>
                </line>
                <line number="117" hits="2" branch="False" />
                <line number="118" hits="2" branch="False" />
                <line number="119" hits="2" branch="False" />
                <line number="120" hits="2" branch="False" />
                <line number="121" hits="2" branch="False" />
              </lines>
            </method>
            <method name="ReadFirmId" signature="(System.ReadOnlySpan`1&lt;System.Byte&gt;,System.Int32)" line-rate="1" branch-rate="1" complexity="1">
              <lines>
                <line number="125" hits="4" branch="False" />
              </lines>
            </method>
          </methods>
          <lines>
            <line number="49" hits="90" branch="True" condition-coverage="50% (1/2)">
              <conditions>
                <condition number="9" type="jump" coverage="50%" />
              </conditions>
            </line>
            <line number="50" hits="0" branch="False" />
            <line number="51" hits="90" branch="False" />
            <line number="52" hits="90" branch="False" />
            <line number="53" hits="90" branch="False" />
            <line number="54" hits="90" branch="False" />
            <line number="55" hits="270" branch="False" />
            <line number="56" hits="90" branch="False" />
            <line number="57" hits="90" branch="False" />
            <line number="58" hits="180" branch="False" />
            <line number="59" hits="90" branch="False" />
            <line number="63" hits="12" branch="True" condition-coverage="50% (1/2)">
              <conditions>
                <condition number="9" type="jump" coverage="50%" />
              </conditions>
            </line>
            <line number="64" hits="0" branch="False" />
            <line number="65" hits="12" branch="False" />
            <line number="66" hits="12" branch="True" condition-coverage="100% (2/2)">
              <conditions>
                <condition number="43" type="jump" coverage="100%" />
              </conditions>
            </line>
            <line number="67" hits="2" branch="False" />
            <line number="68" hits="10" branch="False" />
            <line number="69" hits="10" branch="True" condition-coverage="50% (1/2)">
              <conditions>
                <condition number="110" type="jump" coverage="50%" />
              </conditions>
            </line>
            <line number="70" hits="0" branch="False" />
            <line number="71" hits="10" branch="False" />
            <line number="72" hits="10" branch="True" condition-coverage="60% (6/10)">
              <conditions>
                <condition number="206" type="jump" coverage="50%" />
                <condition number="218" type="jump" coverage="50%" />
                <condition number="230" type="jump" coverage="50%" />
                <condition number="242" type="jump" coverage="50%" />
                <condition number="254" type="jump" coverage="100%" />
              </conditions>
            </line>
            <line number="73" hits="1" branch="False" />
            <line number="74" hits="9" branch="False" />
            <line number="75" hits="9" branch="True" condition-coverage="50% (1/2)">
              <conditions>
                <condition number="304" type="jump" coverage="50%" />
              </conditions>
            </line>
            <line number="76" hits="0" branch="False" />
            <line number="77" hits="9" branch="False" />
            <line number="84" hits="132" branch="False" />
            <line number="85" hits="132" branch="True" condition-coverage="50% (1/2)">
              <conditions>
                <condition number="21" type="jump" coverage="50%" />
              </conditions>
            </line>
            <line number="86" hits="0" branch="False" />
            <line number="87" hits="132" branch="False" />
            <line number="88" hits="132" branch="False" />
            <line number="89" hits="132" branch="False" />
            <line number="90" hits="132" branch="False" />
            <line number="91" hits="132" branch="False" />
            <line number="92" hits="5782" branch="True" condition-coverage="100% (2/2)">
              <conditions>
                <condition number="227" type="jump" coverage="100%" />
              </conditions>
            </line>
            <line number="93" hits="2759" branch="False" />
            <line number="94" hits="132" branch="False" />
            <line number="108" hits="16" branch="False" />
            <line number="109" hits="4" branch="True" condition-coverage="50% (1/2)">
              <conditions>
                <condition number="23" type="jump" coverage="50%" />
              </conditions>
            </line>
            <line number="110" hits="4" branch="False" />
            <line number="111" hits="4" branch="False" />
            <line number="112" hits="6" branch="True" condition-coverage="100% (2/2)">
              <conditions>
                <condition number="52" type="jump" coverage="100%" />
              </conditions>
            </line>
            <line number="113" hits="2" branch="False" />
            <line number="114" hits="2" branch="False" />
            <line number="115" hits="2" branch="False" />
            <line number="116" hits="2" branch="True" condition-coverage="50% (1/2)">
              <conditions>
                <condition number="110" type="jump" coverage="50%" />
              </conditions>
            </line>
            <line number="117" hits="2" branch="False" />
            <line number="118" hits="2" branch="False" />
            <line number="119" hits="2" branch="False" />
            <line number="120" hits="2" branch="False" />
            <line number="121" hits="2" branch="False" />
            <line number="125" hits="4" branch="False" />
          </lines>
        </class>
        <class name="B3.Exchange.PostTrade.AuditLogReader" filename="B3.Exchange.PostTrade/AuditLogReader.cs" line-rate="0.9767" branch-rate="0.9285" complexity="28">
          <methods>
            <method name="LoadCandidateBlocks" signature="(System.String,System.UInt32)" line-rate="0.9655" branch-rate="0.8887999999999999" complexity="18">
              <lines>
                <line number="217" hits="9" branch="False" />
                <line number="218" hits="9" branch="False" />
                <line number="219" hits="9" branch="False" />
                <line number="220" hits="9" branch="False" />
                <line number="221" hits="9" branch="False" />
                <line number="222" hits="9" branch="True" condition-coverage="50% (1/2)">
                  <conditions>
                    <condition number="46" type="jump" coverage="50%" />
                  </conditions>
                </line>
                <line number="223" hits="0" branch="False" />
                <line number="224" hits="9" branch="False" />
                <line number="226" hits="8" branch="False" />
                <line number="227" hits="15" branch="False" />
                <line number="229" hits="23" branch="False" />
                <line number="230" hits="23" branch="True" condition-coverage="100% (2/2)">
                  <conditions>
                    <condition number="162" type="jump" coverage="100%" />
                  </conditions>
                </line>
                <line number="231" hits="17" branch="True" condition-coverage="100% (2/2)">
                  <conditions>
                    <condition number="173" type="jump" coverage="100%" />
                  </conditions>
                </line>
                <line number="233" hits="17" branch="False" />
                <line number="234" hits="17" branch="False" />
                <line number="235" hits="17" branch="False" />
                <line number="236" hits="17" branch="False" />
                <line number="237" hits="17" branch="False" />
                <line number="238" hits="17" branch="False" />
                <line number="239" hits="17" branch="True" condition-coverage="100% (2/2)">
                  <conditions>
                    <condition number="275" type="jump" coverage="100%" />
                  </conditions>
                </line>
                <line number="241" hits="15" branch="True" condition-coverage="50% (1/2)">
                  <conditions>
                    <condition number="279" type="jump" coverage="50%" />
                  </conditions>
                </line>
                <line number="242" hits="15" branch="True" condition-coverage="100% (2/2)">
                  <conditions>
                    <condition number="300" type="jump" coverage="100%" />
                  </conditions>
                </line>
                <line number="244" hits="15" branch="False" />
                <line number="245" hits="15" branch="True" condition-coverage="100% (2/2)">
                  <conditions>
                    <condition number="315" type="jump" coverage="100%" />
                  </conditions>
                </line>
                <line number="247" hits="15" branch="True" condition-coverage="100% (4/4)">
                  <conditions>
                    <condition number="320" type="jump" coverage="100%" />
                    <condition number="332" type="jump" coverage="100%" />
                  </conditions>
                </line>
                <line number="248" hits="7" branch="False" />
                <line number="252" hits="15" branch="False" />
                <line number="254" hits="8" branch="False" />
                <line number="255" hits="8" branch="False" />
              </lines>
            </method>
            <method name="FirmListContains" signature="(System.Byte[],System.Int32,System.UInt32)" line-rate="1" branch-rate="1" complexity="6">
              <lines>
                <line number="259" hits="30" branch="False" />
                <line number="260" hits="29" branch="True" condition-coverage="100% (2/2)">
                  <conditions>
                    <condition number="57" type="jump" coverage="100%" />
                  </conditions>
                </line>
                <line number="262" hits="21" branch="False" />
                <line number="263" hits="21" branch="False" />
                <line number="264" hits="28" branch="True" condition-coverage="100% (2/2)">
                  <conditions>
                    <condition number="37" type="jump" coverage="100%" />
                  </conditions>
                </line>
                <line number="265" hits="25" branch="True" condition-coverage="100% (2/2)">
                  <conditions>
                    <condition number="43" type="jump" coverage="100%" />
                  </conditions>
                </line>
                <line number="266" hits="3" branch="False" />
                <line number="268" hits="8" branch="False" />
              </lines>
            </method>
            <method name="ReadFully" signature="(System.IO.Stream,System.Byte[],System.Int32,System.Int32)" line-rate="1" branch-rate="1" complexity="4">
              <lines>
                <line number="273" hits="3852" branch="False" />
                <line number="274" hits="7608" branch="True" condition-coverage="100% (2/2)">
                  <conditions>
                    <condition number="27" type="jump" coverage="100%" />
                  </conditions>
                </line>
                <line number="276" hits="3853" branch="False" />
                <line number="277" hits="3853" branch="True" condition-coverage="100% (2/2)">
                  <conditions>
                    <condition number="19" type="jump" coverage="100%" />
                  </conditions>
                </line>
                <line number="278" hits="3756" branch="False" />
                <line number="280" hits="3852" branch="False" />
              </lines>
            </method>
          </methods>
          <lines>
            <line number="217" hits="9" branch="False" />
            <line number="218" hits="9" branch="False" />
            <line number="219" hits="9" branch="False" />
            <line number="220" hits="9" branch="False" />
            <line number="221" hits="9" branch="False" />
            <line number="222" hits="9" branch="True" condition-coverage="50% (1/2)">
              <conditions>
                <condition number="46" type="jump" coverage="50%" />
              </conditions>
            </line>
            <line number="223" hits="0" branch="False" />
            <line number="224" hits="9" branch="False" />
            <line number="226" hits="8" branch="False" />
            <line number="227" hits="15" branch="False" />
            <line number="229" hits="23" branch="False" />
            <line number="230" hits="23" branch="True" condition-coverage="100% (2/2)">
              <conditions>
                <condition number="162" type="jump" coverage="100%" />
              </conditions>
            </line>
            <line number="231" hits="17" branch="True" condition-coverage="100% (2/2)">
              <conditions>
                <condition number="173" type="jump" coverage="100%" />
              </conditions>
            </line>
            <line number="233" hits="17" branch="False" />
            <line number="234" hits="17" branch="False" />
            <line number="235" hits="17" branch="False" />
            <line number="236" hits="17" branch="False" />
            <line number="237" hits="17" branch="False" />
            <line number="238" hits="17" branch="False" />
            <line number="239" hits="17" branch="True" condition-coverage="100% (2/2)">
              <conditions>
                <condition number="275" type="jump" coverage="100%" />
              </conditions>
            </line>
            <line number="241" hits="15" branch="True" condition-coverage="50% (1/2)">
              <conditions>
                <condition number="279" type="jump" coverage="50%" />
              </conditions>
            </line>
            <line number="242" hits="15" branch="True" condition-coverage="100% (2/2)">
              <conditions>
                <condition number="300" type="jump" coverage="100%" />
              </conditions>
            </line>
            <line number="244" hits="15" branch="False" />
            <line number="245" hits="15" branch="True" condition-coverage="100% (2/2)">
              <conditions>
                <condition number="315" type="jump" coverage="100%" />
              </conditions>
            </line>
            <line number="247" hits="15" branch="True" condition-coverage="100% (4/4)">
              <conditions>
                <condition number="320" type="jump" coverage="100%" />
                <condition number="332" type="jump" coverage="100%" />
              </conditions>
            </line>
            <line number="248" hits="7" branch="False" />
            <line number="252" hits="15" branch="False" />
            <line number="254" hits="8" branch="False" />
            <line number="255" hits="8" branch="False" />
            <line number="259" hits="30" branch="False" />
            <line number="260" hits="29" branch="True" condition-coverage="100% (2/2)">
              <conditions>
                <condition number="57" type="jump" coverage="100%" />
              </conditions>
            </line>
            <line number="262" hits="21" branch="False" />
            <line number="263" hits="21" branch="False" />
            <line number="264" hits="28" branch="True" condition-coverage="100% (2/2)">
              <conditions>
                <condition number="37" type="jump" coverage="100%" />
              </conditions>
            </line>
            <line number="265" hits="25" branch="True" condition-coverage="100% (2/2)">
              <conditions>
                <condition number="43" type="jump" coverage="100%" />
              </conditions>
            </line>
            <line number="266" hits="3" branch="False" />
            <line number="268" hits="8" branch="False" />
            <line number="273" hits="3852" branch="False" />
            <line number="274" hits="7608" branch="True" condition-coverage="100% (2/2)">
              <conditions>
                <condition number="27" type="jump" coverage="100%" />
              </conditions>
            </line>
            <line number="276" hits="3853" branch="False" />
            <line number="277" hits="3853" branch="True" condition-coverage="100% (2/2)">
              <conditions>
                <condition number="19" type="jump" coverage="100%" />
              </conditions>
            </line>
            <line number="278" hits="3756" branch="False" />
            <line number="280" hits="3852" branch="False" />
          </lines>
        </class>
        <class name="B3.Exchange.PostTrade.AuditLogReader/&lt;ReadAll&gt;d__0" filename="B3.Exchange.PostTrade/AuditLogReader.cs" line-rate="1" branch-rate="1" complexity="4">
          <methods>
            <method name="MoveNext" signature="()" line-rate="1" branch-rate="1" complexity="4">
              <lines>
                <line number="29" hits="3260" branch="True" condition-coverage="100% (2/2)">
                  <conditions>
                    <condition number="124" type="jump" coverage="100%" />
                  </conditions>
                </line>
                <line number="31" hits="1614" branch="True" condition-coverage="100% (2/2)">
                  <conditions>
                    <condition number="79" type="jump" coverage="100%" />
                  </conditions>
                </line>
                <line number="32" hits="1613" branch="False" />
                <line number="34" hits="16" branch="False" />
              </lines>
            </method>
          </methods>
          <lines>
            <line number="29" hits="3260" branch="True" condition-coverage="100% (2/2)">
              <conditions>
                <condition number="124" type="jump" coverage="100%" />
              </conditions>
            </line>
            <line number="31" hits="1614" branch="True" condition-coverage="100% (2/2)">
              <conditions>
                <condition number="79" type="jump" coverage="100%" />
              </conditions>
            </line>
            <line number="32" hits="1613" branch="False" />
            <line number="34" hits="16" branch="False" />
          </lines>
        </class>
        <class name="B3.Exchange.PostTrade.AuditLogReader/&lt;ReadAllEntries&gt;d__1" filename="B3.Exchange.PostTrade/AuditLogReader.cs" line-rate="0.8064" branch-rate="0.7037" complexity="27">
          <methods>
            <method name="MoveNext" signature="()" line-rate="0.8064" branch-rate="0.7037" complexity="27">
              <lines>
                <line number="48" hits="99" branch="False" />
                <line number="49" hits="99" branch="False" />
                <line number="50" hits="99" branch="False" />
                <line number="51" hits="99" branch="True" condition-coverage="50% (1/2)">
                  <conditions>
                    <condition number="100" type="jump" coverage="50%" />
                  </conditions>
                </line>
                <line number="52" hits="0" branch="False" />
                <line number="53" hits="99" branch="False" />
                <line number="55" hits="99" branch="False" />
                <line number="59" hits="1844" branch="False" />
                <line number="60" hits="1928" branch="True" condition-coverage="100% (2/2)">
                  <conditions>
                    <condition number="244" type="jump" coverage="100%" />
                  </conditions>
                </line>
                <line number="61" hits="1760" branch="True" condition-coverage="50% (1/2)">
                  <conditions>
                    <condition number="256" type="jump" coverage="50%" />
                  </conditions>
                </line>
                <line number="62" hits="1760" branch="True" condition-coverage="50% (1/2)">
                  <conditions>
                    <condition number="290" type="jump" coverage="50%" />
                  </conditions>
                </line>
                <line number="63" hits="0" branch="False" />
                <line number="64" hits="1760" branch="True" condition-coverage="100% (2/2)">
                  <conditions>
                    <condition number="310" type="jump" coverage="100%" />
                  </conditions>
                </line>
                <line number="65" hits="1" branch="False" />
                <line number="67" hits="1759" branch="True" condition-coverage="100% (4/4)">
                  <conditions>
                    <condition number="326" type="jump" coverage="100%" />
                    <condition number="330" type="jump" coverage="100%" />
                  </conditions>
                </line>
                <line number="68" hits="1" branch="False" />
                <line number="70" hits="1758" branch="False" />
                <line number="71" hits="1760" branch="True" condition-coverage="71.42% (5/7)">
                  <conditions>
                    <condition number="365" type="jump" coverage="100%" />
                    <condition number="376" type="switch" coverage="60%" />
                  </conditions>
                </line>
                <line number="76" hits="1724" branch="True" condition-coverage="50% (1/2)">
                  <conditions>
                    <condition number="428" type="jump" coverage="50%" />
                  </conditions>
                </line>
                <line number="77" hits="0" branch="False" />
                <line number="78" hits="1724" branch="False" />
                <line number="79" hits="1713" branch="False" />
                <line number="81" hits="28" branch="True" condition-coverage="50% (1/2)">
                  <conditions>
                    <condition number="503" type="jump" coverage="50%" />
                  </conditions>
                </line>
                <line number="82" hits="0" branch="False" />
                <line number="83" hits="28" branch="False" />
                <line number="84" hits="28" branch="False" />
                <line number="86" hits="4" branch="True" condition-coverage="50% (1/2)">
                  <conditions>
                    <condition number="572" type="jump" coverage="50%" />
                  </conditions>
                </line>
                <line number="87" hits="0" branch="False" />
                <line number="88" hits="4" branch="False" />
                <line number="89" hits="4" branch="False" />
                <line number="91" hits="0" branch="False" />
              </lines>
            </method>
          </methods>
          <lines>
            <line number="48" hits="99" branch="False" />
            <line number="49" hits="99" branch="False" />
            <line number="50" hits="99" branch="False" />
            <line number="51" hits="99" branch="True" condition-coverage="50% (1/2)">
              <conditions>
                <condition number="100" type="jump" coverage="50%" />
              </conditions>
            </line>
            <line number="52" hits="0" branch="False" />
            <line number="53" hits="99" branch="False" />
            <line number="55" hits="99" branch="False" />
            <line number="59" hits="1844" branch="False" />
            <line number="60" hits="1928" branch="True" condition-coverage="100% (2/2)">
              <conditions>
                <condition number="244" type="jump" coverage="100%" />
              </conditions>
            </line>
            <line number="61" hits="1760" branch="True" condition-coverage="50% (1/2)">
              <conditions>
                <condition number="256" type="jump" coverage="50%" />
              </conditions>
            </line>
            <line number="62" hits="1760" branch="True" condition-coverage="50% (1/2)">
              <conditions>
                <condition number="290" type="jump" coverage="50%" />
              </conditions>
            </line>
            <line number="63" hits="0" branch="False" />
            <line number="64" hits="1760" branch="True" condition-coverage="100% (2/2)">
              <conditions>
                <condition number="310" type="jump" coverage="100%" />
              </conditions>
            </line>
            <line number="65" hits="1" branch="False" />
            <line number="67" hits="1759" branch="True" condition-coverage="100% (4/4)">
              <conditions>
                <condition number="326" type="jump" coverage="100%" />
                <condition number="330" type="jump" coverage="100%" />
              </conditions>
            </line>
            <line number="68" hits="1" branch="False" />
            <line number="70" hits="1758" branch="False" />
            <line number="71" hits="1760" branch="True" condition-coverage="71.42% (5/7)">
              <conditions>
                <condition number="365" type="jump" coverage="100%" />
                <condition number="376" type="switch" coverage="60%" />
              </conditions>
            </line>
            <line number="76" hits="1724" branch="True" condition-coverage="50% (1/2)">
              <conditions>
                <condition number="428" type="jump" coverage="50%" />
              </conditions>
            </line>
            <line number="77" hits="0" branch="False" />
            <line number="78" hits="1724" branch="False" />
            <line number="79" hits="1713" branch="False" />
            <line number="81" hits="28" branch="True" condition-coverage="50% (1/2)">
              <conditions>
                <condition number="503" type="jump" coverage="50%" />
              </conditions>
            </line>
            <line number="82" hits="0" branch="False" />
            <line number="83" hits="28" branch="False" />
            <line number="84" hits="28" branch="False" />
            <line number="86" hits="4" branch="True" condition-coverage="50% (1/2)">
              <conditions>
                <condition number="572" type="jump" coverage="50%" />
              </conditions>
            </line>
            <line number="87" hits="0" branch="False" />
            <line number="88" hits="4" branch="False" />
            <line number="89" hits="4" branch="False" />
            <line number="91" hits="0" branch="False" />
          </lines>
        </class>
        <class name="B3.Exchange.PostTrade.AuditLogReader/&lt;ReadByFirm&gt;d__2" filename="B3.Exchange.PostTrade/AuditLogReader.cs" line-rate="0.84" branch-rate="0.8" complexity="50">
          <methods>
            <method name="MoveNext" signature="()" line-rate="0.84" branch-rate="0.8" complexity="50">
              <lines>
                <line number="113" hits="10" branch="False" />
                <line number="116" hits="10" branch="True" condition-coverage="100% (2/2)">
                  <conditions>
                    <condition number="66" type="jump" coverage="100%" />
                  </conditions>
                </line>
                <line number="118" hits="1" branch="False" />
                <line number="119" hits="1" branch="False" />
                <line number="125" hits="9" branch="False" />
                <line number="126" hits="8" branch="False" />
                <line number="127" hits="1" branch="False" />
                <line number="130" hits="1" branch="False" />
                <line number="131" hits="1" branch="False" />
                <line number="132" hits="1" branch="False" />
                <line number="135" hits="10" branch="False" />
                <line number="136" hits="10" branch="False" />
                <line number="137" hits="10" branch="False" />
                <line number="138" hits="10" branch="True" condition-coverage="50% (1/2)">
                  <conditions>
                    <condition number="204" type="jump" coverage="50%" />
                  </conditions>
                </line>
                <line number="139" hits="0" branch="False" />
                <line number="140" hits="10" branch="False" />
                <line number="150" hits="10" branch="True" condition-coverage="50% (1/2)">
                  <conditions>
                    <condition number="310" type="jump" coverage="50%" />
                  </conditions>
                </line>
                <line number="151" hits="10" branch="False" />
                <line number="153" hits="10" branch="False" />
                <line number="159" hits="34" branch="True" condition-coverage="100% (2/2)">
                  <conditions>
                    <condition number="583" type="jump" coverage="100%" />
                  </conditions>
                </line>
                <line number="161" hits="7" branch="False" />
                <line number="162" hits="60" branch="True" condition-coverage="100% (2/2)">
                  <conditions>
                    <condition number="567" type="jump" coverage="100%" />
                  </conditions>
                </line>
                <line number="164" hits="23" branch="False" />
                <line number="165" hits="23" branch="True" condition-coverage="100% (2/2)">
                  <conditions>
                    <condition number="447" type="jump" coverage="100%" />
                  </conditions>
                </line>
                <line number="166" hits="23" branch="True" condition-coverage="100% (2/2)">
                  <conditions>
                    <condition number="475" type="jump" coverage="100%" />
                  </conditions>
                </line>
                <line number="167" hits="23" branch="True" condition-coverage="75% (3/4)">
                  <conditions>
                    <condition number="490" type="jump" coverage="50%" />
                    <condition number="505" type="jump" coverage="100%" />
                  </conditions>
                </line>
                <line number="168" hits="23" branch="False" />
                <line number="175" hits="10" branch="True" condition-coverage="100% (2/2)">
                  <conditions>
                    <condition number="623" type="jump" coverage="100%" />
                  </conditions>
                </line>
                <line number="177" hits="5" branch="False" />
                <line number="178" hits="23" branch="False" />
                <line number="180" hits="38" branch="True" condition-coverage="50% (1/2)">
                  <conditions>
                    <condition number="653" type="jump" coverage="50%" />
                  </conditions>
                </line>
                <line number="182" hits="0" branch="False" />
                <line number="183" hits="0" branch="True" condition-coverage="50% (1/2)">
                  <conditions>
                    <condition number="682" type="jump" coverage="50%" />
                  </conditions>
                </line>
                <line number="184" hits="0" branch="True" condition-coverage="50% (1/2)">
                  <conditions>
                    <condition number="691" type="jump" coverage="50%" />
                  </conditions>
                </line>
                <line number="185" hits="0" branch="True" condition-coverage="50% (1/2)">
                  <conditions>
                    <condition number="722" type="jump" coverage="50%" />
                  </conditions>
                </line>
                <line number="186" hits="0" branch="True" condition-coverage="25% (1/4)">
                  <conditions>
                    <condition number="755" type="jump" coverage="50%" />
                    <condition number="740" type="jump" coverage="0%" />
                  </conditions>
                </line>
                <line number="187" hits="0" branch="False" />
                <line number="188" hits="0" branch="False" />
                <line number="192" hits="38" branch="False" />
                <line number="193" hits="38" branch="True" condition-coverage="100% (2/2)">
                  <conditions>
                    <condition number="815" type="jump" coverage="100%" />
                  </conditions>
                </line>
                <line number="194" hits="33" branch="True" condition-coverage="100% (2/2)">
                  <conditions>
                    <condition number="823" type="jump" coverage="100%" />
                  </conditions>
                </line>
                <line number="195" hits="33" branch="True" condition-coverage="100% (2/2)">
                  <conditions>
                    <condition number="853" type="jump" coverage="100%" />
                  </conditions>
                </line>
                <line number="196" hits="33" branch="True" condition-coverage="100% (2/2)">
                  <conditions>
                    <condition number="869" type="jump" coverage="100%" />
                  </conditions>
                </line>
                <line number="197" hits="33" branch="False" />
                <line number="198" hits="33" branch="True" condition-coverage="100% (2/2)">
                  <conditions>
                    <condition number="900" type="jump" coverage="100%" />
                  </conditions>
                </line>
                <line number="199" hits="33" branch="True" condition-coverage="100% (2/2)">
                  <conditions>
                    <condition number="904" type="jump" coverage="100%" />
                  </conditions>
                </line>
                <line number="201" hits="33" branch="True" condition-coverage="100% (2/2)">
                  <conditions>
                    <condition number="935" type="jump" coverage="100%" />
                  </conditions>
                </line>
                <line number="202" hits="33" branch="True" condition-coverage="100% (4/4)">
                  <conditions>
                    <condition number="965" type="jump" coverage="100%" />
                    <condition number="950" type="jump" coverage="100%" />
                  </conditions>
                </line>
                <line number="203" hits="23" branch="False" />
                <line number="212" hits="10" branch="False" />
              </lines>
            </method>
          </methods>
          <lines>
            <line number="113" hits="10" branch="False" />
            <line number="116" hits="10" branch="True" condition-coverage="100% (2/2)">
              <conditions>
                <condition number="66" type="jump" coverage="100%" />
              </conditions>
            </line>
            <line number="118" hits="1" branch="False" />
            <line number="119" hits="1" branch="False" />
            <line number="125" hits="9" branch="False" />
            <line number="126" hits="8" branch="False" />
            <line number="127" hits="1" branch="False" />
            <line number="130" hits="1" branch="False" />
            <line number="131" hits="1" branch="False" />
            <line number="132" hits="1" branch="False" />
            <line number="135" hits="10" branch="False" />
            <line number="136" hits="10" branch="False" />
            <line number="137" hits="10" branch="False" />
            <line number="138" hits="10" branch="True" condition-coverage="50% (1/2)">
              <conditions>
                <condition number="204" type="jump" coverage="50%" />
              </conditions>
            </line>
            <line number="139" hits="0" branch="False" />
            <line number="140" hits="10" branch="False" />
            <line number="150" hits="10" branch="True" condition-coverage="50% (1/2)">
              <conditions>
                <condition number="310" type="jump" coverage="50%" />
              </conditions>
            </line>
            <line number="151" hits="10" branch="False" />
            <line number="153" hits="10" branch="False" />
            <line number="159" hits="34" branch="True" condition-coverage="100% (2/2)">
              <conditions>
                <condition number="583" type="jump" coverage="100%" />
              </conditions>
            </line>
            <line number="161" hits="7" branch="False" />
            <line number="162" hits="60" branch="True" condition-coverage="100% (2/2)">
              <conditions>
                <condition number="567" type="jump" coverage="100%" />
              </conditions>
            </line>
            <line number="164" hits="23" branch="False" />
            <line number="165" hits="23" branch="True" condition-coverage="100% (2/2)">
              <conditions>
                <condition number="447" type="jump" coverage="100%" />
              </conditions>
            </line>
            <line number="166" hits="23" branch="True" condition-coverage="100% (2/2)">
              <conditions>
                <condition number="475" type="jump" coverage="100%" />
              </conditions>
            </line>
            <line number="167" hits="23" branch="True" condition-coverage="75% (3/4)">
              <conditions>
                <condition number="490" type="jump" coverage="50%" />
                <condition number="505" type="jump" coverage="100%" />
              </conditions>
            </line>
            <line number="168" hits="23" branch="False" />
            <line number="175" hits="10" branch="True" condition-coverage="100% (2/2)">
              <conditions>
                <condition number="623" type="jump" coverage="100%" />
              </conditions>
            </line>
            <line number="177" hits="5" branch="False" />
            <line number="178" hits="23" branch="False" />
            <line number="180" hits="38" branch="True" condition-coverage="50% (1/2)">
              <conditions>
                <condition number="653" type="jump" coverage="50%" />
              </conditions>
            </line>
            <line number="182" hits="0" branch="False" />
            <line number="183" hits="0" branch="True" condition-coverage="50% (1/2)">
              <conditions>
                <condition number="682" type="jump" coverage="50%" />
              </conditions>
            </line>
            <line number="184" hits="0" branch="True" condition-coverage="50% (1/2)">
              <conditions>
                <condition number="691" type="jump" coverage="50%" />
              </conditions>
            </line>
            <line number="185" hits="0" branch="True" condition-coverage="50% (1/2)">
              <conditions>
                <condition number="722" type="jump" coverage="50%" />
              </conditions>
            </line>
            <line number="186" hits="0" branch="True" condition-coverage="25% (1/4)">
              <conditions>
                <condition number="755" type="jump" coverage="50%" />
                <condition number="740" type="jump" coverage="0%" />
              </conditions>
            </line>
            <line number="187" hits="0" branch="False" />
            <line number="188" hits="0" branch="False" />
            <line number="192" hits="38" branch="False" />
            <line number="193" hits="38" branch="True" condition-coverage="100% (2/2)">
              <conditions>
                <condition number="815" type="jump" coverage="100%" />
              </conditions>
            </line>
            <line number="194" hits="33" branch="True" condition-coverage="100% (2/2)">
              <conditions>
                <condition number="823" type="jump" coverage="100%" />
              </conditions>
            </line>
            <line number="195" hits="33" branch="True" condition-coverage="100% (2/2)">
              <conditions>
                <condition number="853" type="jump" coverage="100%" />
              </conditions>
            </line>
            <line number="196" hits="33" branch="True" condition-coverage="100% (2/2)">
              <conditions>
                <condition number="869" type="jump" coverage="100%" />
              </conditions>
            </line>
            <line number="197" hits="33" branch="False" />
            <line number="198" hits="33" branch="True" condition-coverage="100% (2/2)">
              <conditions>
                <condition number="900" type="jump" coverage="100%" />
              </conditions>
            </line>
            <line number="199" hits="33" branch="True" condition-coverage="100% (2/2)">
              <conditions>
                <condition number="904" type="jump" coverage="100%" />
              </conditions>
            </line>
            <line number="201" hits="33" branch="True" condition-coverage="100% (2/2)">
              <conditions>
                <condition number="935" type="jump" coverage="100%" />
              </conditions>
            </line>
            <line number="202" hits="33" branch="True" condition-coverage="100% (4/4)">
              <conditions>
                <condition number="965" type="jump" coverage="100%" />
                <condition number="950" type="jump" coverage="100%" />
              </conditions>
            </line>
            <line number="203" hits="23" branch="False" />
            <line number="212" hits="10" branch="False" />
          </lines>
        </class>
        <class name="B3.Exchange.PostTrade.AuditRecordCodec" filename="B3.Exchange.PostTrade/AuditRecordCodec.cs" line-rate="0.8393" branch-rate="0.6333" complexity="92">
          <methods>
            <method name="WriteFileHeader" signature="(System.Span`1&lt;System.Byte&gt;,System.Byte,System.DateOnly)" line-rate="1" branch-rate="1" complexity="1">
              <lines>
                <line number="171" hits="90" branch="False" />
              </lines>
            </method>
            <method name="WriteFileHeader" signature="(System.Span`1&lt;System.Byte&gt;,System.Byte,System.DateOnly,System.UInt16)" line-rate="0.9229999999999999" branch-rate="0.8332999999999999" complexity="6">
              <lines>
                <line number="180" hits="101" branch="True" condition-coverage="50% (1/2)">
                  <conditions>
                    <condition number="9" type="jump" coverage="50%" />
                  </conditions>
                </line>
                <line number="181" hits="0" branch="False" />
[...]
              <conditions>
                <condition number="96" type="jump" coverage="0%" />
                <condition number="110" type="jump" coverage="0%" />
              </conditions>
            </line>
            <line number="2205" hits="0" branch="False" />
            <line number="2206" hits="0" branch="True" condition-coverage="0% (0/2)">
              <conditions>
                <condition number="153" type="jump" coverage="0%" />
              </conditions>
            </line>
            <line number="2207" hits="0" branch="False" />
            <line number="2211" hits="0" branch="True" condition-coverage="0% (0/2)">
              <conditions>
                <condition number="190" type="jump" coverage="0%" />
              </conditions>
            </line>
            <line number="2213" hits="0" branch="True" condition-coverage="0% (0/2)">
              <conditions>
                <condition number="203" type="jump" coverage="0%" />
              </conditions>
            </line>
            <line number="2214" hits="0" branch="False" />
            <line number="2215" hits="0" branch="True" condition-coverage="0% (0/4)">
              <conditions>
                <condition number="245" type="jump" coverage="0%" />
                <condition number="259" type="jump" coverage="0%" />
              </conditions>
            </line>
            <line number="2216" hits="0" branch="False" />
            <line number="2217" hits="0" branch="True" condition-coverage="0% (0/2)">
              <conditions>
                <condition number="302" type="jump" coverage="0%" />
              </conditions>
            </line>
            <line number="2218" hits="0" branch="False" />
            <line number="2222" hits="0" branch="True" condition-coverage="0% (0/2)">
              <conditions>
                <condition number="338" type="jump" coverage="0%" />
              </conditions>
            </line>
            <line number="2223" hits="0" branch="False" />
            <line number="2228" hits="0" branch="True" condition-coverage="0% (0/2)">
              <conditions>
                <condition number="375" type="jump" coverage="0%" />
              </conditions>
            </line>
            <line number="2229" hits="0" branch="False" />
            <line number="2231" hits="0" branch="False" />
            <line number="2232" hits="0" branch="False" />
            <line number="2233" hits="0" branch="False" />
            <line number="2234" hits="0" branch="False" />
            <line number="2235" hits="0" branch="False" />
            <line number="2236" hits="0" branch="False" />
            <line number="2237" hits="0" branch="False" />
            <line number="2238" hits="0" branch="False" />
            <line number="2239" hits="0" branch="False" />
            <line number="2240" hits="0" branch="False" />
            <line number="2241" hits="0" branch="False" />
            <line number="2242" hits="0" branch="False" />
            <line number="2243" hits="0" branch="False" />
            <line number="2244" hits="0" branch="False" />
            <line number="2245" hits="0" branch="False" />
            <line number="2246" hits="0" branch="False" />
            <line number="2247" hits="0" branch="False" />
            <line number="2248" hits="0" branch="False" />
            <line number="2249" hits="0" branch="False" />
            <line number="2250" hits="0" branch="False" />
            <line number="2251" hits="0" branch="False" />
            <line number="2252" hits="0" branch="False" />
            <line number="2253" hits="0" branch="False" />
            <line number="2254" hits="0" branch="False" />
            <line number="2255" hits="0" branch="False" />
            <line number="2256" hits="0" branch="False" />
            <line number="2257" hits="0" branch="False" />
            <line number="2258" hits="0" branch="False" />
            <line number="2259" hits="0" branch="False" />
            <line number="2260" hits="0" branch="False" />
            <line number="2261" hits="0" branch="False" />
            <line number="2262" hits="0" branch="False" />
            <line number="2263" hits="0" branch="False" />
            <line number="2264" hits="0" branch="False" />
            <line number="2265" hits="0" branch="False" />
            <line number="2283" hits="0" branch="True" condition-coverage="0% (0/4)">
              <conditions>
                <condition number="14" type="jump" coverage="0%" />
                <condition number="22" type="jump" coverage="0%" />
              </conditions>
            </line>
            <line number="2285" hits="0" branch="False" />
            <line number="2286" hits="0" branch="True" condition-coverage="0% (0/2)">
              <conditions>
                <condition number="131" type="jump" coverage="0%" />
              </conditions>
            </line>
            <line number="2288" hits="0" branch="False" />
            <line number="2289" hits="0" branch="True" condition-coverage="0% (0/2)">
              <conditions>
                <condition number="52" type="jump" coverage="0%" />
              </conditions>
            </line>
            <line number="2290" hits="0" branch="False" />
            <line number="2291" hits="0" branch="False" />
            <line number="2292" hits="0" branch="True" condition-coverage="0% (0/2)">
              <conditions>
                <condition number="80" type="jump" coverage="0%" />
              </conditions>
            </line>
            <line number="2293" hits="0" branch="True" condition-coverage="0% (0/2)">
              <conditions>
                <condition number="84" type="jump" coverage="0%" />
              </conditions>
            </line>
            <line number="2294" hits="0" branch="False" />
            <line number="2295" hits="0" branch="False" />
            <line number="2297" hits="0" branch="True" condition-coverage="0% (0/2)">
              <conditions>
                <condition number="134" type="jump" coverage="0%" />
              </conditions>
            </line>
            <line number="2302" hits="0" branch="False" />
            <line number="2303" hits="0" branch="True" condition-coverage="0% (0/2)">
              <conditions>
                <condition number="232" type="jump" coverage="0%" />
              </conditions>
            </line>
            <line number="2305" hits="0" branch="False" />
            <line number="2306" hits="0" branch="False" />
            <line number="2307" hits="0" branch="False" />
            <line number="2308" hits="0" branch="False" />
            <line number="2309" hits="0" branch="False" />
            <line number="2310" hits="0" branch="False" />
            <line number="2311" hits="0" branch="False" />
            <line number="2312" hits="0" branch="False" />
            <line number="2313" hits="0" branch="False" />
            <line number="2315" hits="0" branch="False" />
            <line number="2332" hits="0" branch="True" condition-coverage="0% (0/6)">
              <conditions>
                <condition number="25" type="jump" coverage="0%" />
                <condition number="38" type="jump" coverage="0%" />
                <condition number="56" type="jump" coverage="0%" />
              </conditions>
            </line>
            <line number="2333" hits="0" branch="False" />
            <line number="2334" hits="0" branch="False" />
            <line number="2335" hits="0" branch="False" />
            <line number="2336" hits="0" branch="False" />
            <line number="2337" hits="0" branch="False" />
            <line number="2338" hits="0" branch="False" />
            <line number="2339" hits="0" branch="False" />
            <line number="2340" hits="0" branch="False" />
            <line number="2341" hits="0" branch="False" />
            <line number="2342" hits="0" branch="False" />
            <line number="2349" hits="0" branch="True" condition-coverage="0% (0/4)">
              <conditions>
                <condition number="131" type="jump" coverage="0%" />
                <condition number="150" type="jump" coverage="0%" />
              </conditions>
            </line>
            <line number="2350" hits="0" branch="False" />
            <line number="2352" hits="0" branch="False" />
            <line number="2353" hits="0" branch="False" />
            <line number="2356" hits="0" branch="False" />
            <line number="2358" hits="0" branch="False" />
            <line number="2363" hits="0" branch="True" condition-coverage="0% (0/2)">
              <conditions>
                <condition number="6" type="jump" coverage="0%" />
              </conditions>
            </line>
            <line number="2364" hits="0" branch="False" />
            <line number="2365" hits="0" branch="False" />
            <line number="2366" hits="0" branch="False" />
            <line number="2368" hits="0" branch="False" />
            <line number="2380" hits="0" branch="False" />
            <line number="2393" hits="0" branch="False" />
            <line number="2401" hits="0" branch="False" />
            <line number="49" hits="0" branch="False" />
            <line number="50" hits="0" branch="False" />
            <line number="75" hits="0" branch="False" />
            <line number="83" hits="0" branch="False" />
            <line number="84" hits="0" branch="False" />
            <line number="85" hits="0" branch="False" />
            <line number="91" hits="0" branch="False" />
            <line number="102" hits="0" branch="False" />
            <line number="111" hits="0" branch="False" />
            <line number="122" hits="0" branch="False" />
            <line number="124" hits="0" branch="False" />
            <line number="125" hits="0" branch="False" />
            <line number="126" hits="0" branch="False" />
            <line number="128" hits="0" branch="False" />
            <line number="129" hits="0" branch="False" />
            <line number="130" hits="0" branch="False" />
            <line number="131" hits="0" branch="False" />
            <line number="132" hits="0" branch="False" />
            <line number="133" hits="0" branch="False" />
            <line number="134" hits="0" branch="False" />
            <line number="135" hits="0" branch="False" />
            <line number="136" hits="0" branch="False" />
            <line number="137" hits="0" branch="False" />
            <line number="138" hits="0" branch="False" />
            <line number="139" hits="0" branch="True" condition-coverage="0% (0/2)">
              <conditions>
                <condition number="340" type="jump" coverage="0%" />
              </conditions>
            </line>
            <line number="141" hits="0" branch="False" />
            <line number="142" hits="0" branch="False" />
            <line number="143" hits="0" branch="False" />
            <line number="144" hits="0" branch="False" />
            <line number="145" hits="0" branch="False" />
            <line number="147" hits="0" branch="False" />
            <line number="148" hits="0" branch="False" />
          </lines>
        </class>
        <class name="B3.Exchange.Matching.MatchingEngine/AuctionTopState" filename="B3.Exchange.Matching/MatchingEngine.cs" line-rate="0" branch-rate="1" complexity="6">
          <methods>
            <method name="get_HasTop" signature="()" line-rate="0" branch-rate="1" complexity="1">
              <lines>
                <line number="94" hits="0" branch="False" />
              </lines>
            </method>
            <method name="get_TopPriceMantissa" signature="()" line-rate="0" branch-rate="1" complexity="1">
              <lines>
                <line number="95" hits="0" branch="False" />
              </lines>
            </method>
            <method name="get_TopQuantity" signature="()" line-rate="0" branch-rate="1" complexity="1">
              <lines>
                <line number="96" hits="0" branch="False" />
              </lines>
            </method>
            <method name="get_HasImbalance" signature="()" line-rate="0" branch-rate="1" complexity="1">
              <lines>
                <line number="97" hits="0" branch="False" />
              </lines>
            </method>
            <method name="get_ImbalanceSide" signature="()" line-rate="0" branch-rate="1" complexity="1">
              <lines>
                <line number="98" hits="0" branch="False" />
              </lines>
            </method>
            <method name="get_ImbalanceQuantity" signature="()" line-rate="0" branch-rate="1" complexity="1">
              <lines>
                <line number="99" hits="0" branch="False" />
              </lines>
            </method>
          </methods>
          <lines>
            <line number="94" hits="0" branch="False" />
            <line number="95" hits="0" branch="False" />
            <line number="96" hits="0" branch="False" />
            <line number="97" hits="0" branch="False" />
            <line number="98" hits="0" branch="False" />
            <line number="99" hits="0" branch="False" />
          </lines>
        </class>
        <class name="B3.Exchange.Matching.MatchingEngine/RestingStop" filename="B3.Exchange.Matching/MatchingEngine.cs" line-rate="0" branch-rate="1" complexity="14">
          <methods>
            <method name="get_OrderId" signature="()" line-rate="0" branch-rate="1" complexity="1">
              <lines>
                <line number="2173" hits="0" branch="False" />
              </lines>
            </method>
            <method name="get_ClOrdId" signature="()" line-rate="0" branch-rate="1" complexity="1">
              <lines>
                <line number="2174" hits="0" branch="False" />
              </lines>
            </method>
            <method name="get_Side" signature="()" line-rate="0" branch-rate="1" complexity="1">
              <lines>
                <line number="2175" hits="0" branch="False" />
              </lines>
            </method>
            <method name="get_StopType" signature="()" line-rate="0" branch-rate="1" complexity="1">
              <lines>
                <line number="2176" hits="0" branch="False" />
              </lines>
            </method>
            <method name="get_Tif" signature="()" line-rate="0" branch-rate="1" complexity="1">
              <lines>
                <line number="2177" hits="0" branch="False" />
              </lines>
            </method>
            <method name="get_StopPxMantissa" signature="()" line-rate="0" branch-rate="1" complexity="1">
              <lines>
                <line number="2178" hits="0" branch="False" />
              </lines>
            </method>
            <method name="get_LimitPriceMantissa" signature="()" line-rate="0" branch-rate="1" complexity="1">
              <lines>
                <line number="2179" hits="0" branch="False" />
              </lines>
            </method>
            <method name="get_Quantity" signature="()" line-rate="0" branch-rate="1" complexity="1">
              <lines>
                <line number="2180" hits="0" branch="False" />
              </lines>
            </method>
            <method name="get_EnteringFirm" signature="()" line-rate="0" branch-rate="1" complexity="1">
              <lines>
                <line number="2181" hits="0" branch="False" />
              </lines>
            </method>
            <method name="get_EnteredAtNanos" signature="()" line-rate="0" branch-rate="1" complexity="1">
              <lines>
                <line number="2182" hits="0" branch="False" />
              </lines>
            </method>
            <method name="get_SecurityId" signature="()" line-rate="0" branch-rate="1" complexity="1">
              <lines>
                <line number="2183" hits="0" branch="False" />
              </lines>
            </method>
            <method name="get_Memo" signature="()" line-rate="0" branch-rate="1" complexity="1">
              <lines>
                <line number="2184" hits="0" branch="False" />
              </lines>
            </method>
            <method name="get_OrdTagId" signature="()" line-rate="0" branch-rate="1" complexity="1">
              <lines>
                <line number="2190" hits="0" branch="False" />
              </lines>
            </method>
            <method name="get_InvestorId" signature="()" line-rate="0" branch-rate="1" complexity="1">
              <lines>
                <line number="2191" hits="0" branch="False" />
              </lines>
            </method>
          </methods>
          <lines>
            <line number="2173" hits="0" branch="False" />
            <line number="2174" hits="0" branch="False" />
            <line number="2175" hits="0" branch="False" />
            <line number="2176" hits="0" branch="False" />
            <line number="2177" hits="0" branch="False" />
            <line number="2178" hits="0" branch="False" />
            <line number="2179" hits="0" branch="False" />
            <line number="2180" hits="0" branch="False" />
            <line number="2181" hits="0" branch="False" />
            <line number="2182" hits="0" branch="False" />
            <line number="2183" hits="0" branch="False" />
            <line number="2184" hits="0" branch="False" />
            <line number="2190" hits="0" branch="False" />
            <line number="2191" hits="0" branch="False" />
          </lines>
        </class>
        <class name="B3.Exchange.Matching.Threading.SingleWriterGuard" filename="B3.Exchange.Matching/SingleWriterGuard.cs" line-rate="0.3636" branch-rate="1" complexity="4">
          <methods>
            <method name="BindToCurrentThread" signature="()" line-rate="0" branch-rate="1" complexity="1">
              <lines>
                <line number="75" hits="0" branch="False" />
                <line number="76" hits="0" branch="False" />
                <line number="82" hits="0" branch="False" />
              </lines>
            </method>
            <method name="AssertOwnedByCurrentThread" signature="()" line-rate="0" branch-rate="1" complexity="1">
              <lines>
                <line number="92" hits="0" branch="False" />
                <line number="93" hits="0" branch="False" />
                <line number="99" hits="0" branch="False" />
              </lines>
            </method>
            <method name="RebindForReplay" signature="()" line-rate="0" branch-rate="1" complexity="1">
              <lines>
                <line number="108" hits="0" branch="False" />
              </lines>
            </method>
            <method name=".ctor" signature="(System.String)" line-rate="1" branch-rate="1" complexity="1">
              <lines>
                <line number="60" hits="97" branch="False" />
                <line number="62" hits="97" branch="False" />
                <line number="63" hits="97" branch="False" />
                <line number="64" hits="97" branch="False" />
              </lines>
            </method>
          </methods>
          <lines>
            <line number="75" hits="0" branch="False" />
            <line number="76" hits="0" branch="False" />
            <line number="82" hits="0" branch="False" />
            <line number="92" hits="0" branch="False" />
            <line number="93" hits="0" branch="False" />
            <line number="99" hits="0" branch="False" />
            <line number="108" hits="0" branch="False" />
            <line number="60" hits="97" branch="False" />
            <line number="62" hits="97" branch="False" />
            <line number="63" hits="97" branch="False" />
            <line number="64" hits="97" branch="False" />
          </lines>
        </class>
      </classes>
    </package>
  </packages>
</coverage>